---------------------------------------------------------------
[ 2019-06-03T02:13:55+08:00 ] 172.17.144.244 172.81.254.223 HEAD /
[ info ] 39.107.140.181:80/ [运行时间：0.018838s][吞吐率：53.08req/s] [内存消耗：2,260.84kb] [文件加载：58]
[ info ] [ LANG ] /home/www/chenganxjh/thinkphp/lang/zh-cn.php
[ info ] [ ROUTE ] array (
  'type' => 'module',
  'module' => 
  array (
    0 => '',
    1 => NULL,
    2 => NULL,
  ),
)
[ info ] [ HEADER ] array (
  'connection' => 'close',
  'user-agent' => 'Mozilla/5.0 (Windows NT 10.0; Win64; x64; rv:66.0) Gecko/20100101 Firefox/66.0',
  'host' => '39.107.140.181:80',
  'content-type' => '',
  'content-length' => '',
)
[ info ] [ PARAM ] array (
)
[ info ] [ LANG ] /home/www/chenganxjh/public/../application/admin/lang/zh-cn.php
[ info ] [ SESSION ] INIT array (
  'id' => '',
  'var_session_id' => '',
  'prefix' => 'think',
  'type' => '',
  'auto_start' => true,
)
[ info ] [ LOG ] INIT File
[ error ] [2]Declaration of app\admin\controller\Index::_initialize() should be compatible with app\admin\controller\AdminControl::_initialize($ControllerNmae = '')[/home/www/chenganxjh/application/admin/controller/Index.php:8]
---------------------------------------------------------------
[ 2019-06-03T02:37:03+08:00 ] 172.17.144.244 85.91.196.220 GET /
[ info ] 39.107.140.181:80/ [运行时间：0.017487s][吞吐率：57.19req/s] [内存消耗：2,261.19kb] [文件加载：58]
[ info ] [ LANG ] /home/www/chenganxjh/thinkphp/lang/zh-cn.php
[ info ] [ ROUTE ] array (
  'type' => 'module',
  'module' => 
  array (
    0 => '',
    1 => NULL,
    2 => NULL,
  ),
)
[ info ] [ HEADER ] array (
  'content-length' => '0',
  'user-agent' => 'Mozilla/5.0 (Windows NT 10.0; WOW64) AppleWebKit/537.36 (KHTML, like Gecko) Chrome/51.0.2704.103 Safari/537.36',
  'host' => '39.107.140.181:80',
  'content-type' => '',
)
[ info ] [ PARAM ] array (
)
[ info ] [ LANG ] /home/www/chenganxjh/public/../application/admin/lang/zh-cn.php
[ info ] [ SESSION ] INIT array (
  'id' => '',
  'var_session_id' => '',
  'prefix' => 'think',
  'type' => '',
  'auto_start' => true,
)
[ info ] [ LOG ] INIT File
[ error ] [2]Declaration of app\admin\controller\Index::_initialize() should be compatible with app\admin\controller\AdminControl::_initialize($ControllerNmae = '')[/home/www/chenganxjh/application/admin/controller/Index.php:8]
---------------------------------------------------------------
[ 2019-06-03T03:02:09+08:00 ] 172.17.144.244 185.115.100.33 GET /
[ info ] 39.107.140.181:80/ [运行时间：0.018685s][吞吐率：53.52req/s] [内存消耗：2,261.19kb] [文件加载：58]
[ info ] [ LANG ] /home/www/chenganxjh/thinkphp/lang/zh-cn.php
[ info ] [ ROUTE ] array (
  'type' => 'module',
  'module' => 
  array (
    0 => '',
    1 => NULL,
    2 => NULL,
  ),
)
[ info ] [ HEADER ] array (
  'content-length' => '0',
  'user-agent' => 'Mozilla/5.0 (Windows NT 6.1; WOW64) AppleWebKit/537.36 (KHTML, like Gecko) Chrome/51.0.2704.103 Safari/537.36',
  'host' => '39.107.140.181:80',
  'content-type' => '',
)
[ info ] [ PARAM ] array (
)
[ info ] [ LANG ] /home/www/chenganxjh/public/../application/admin/lang/zh-cn.php
[ info ] [ SESSION ] INIT array (
  'id' => '',
  'var_session_id' => '',
  'prefix' => 'think',
  'type' => '',
  'auto_start' => true,
)
[ info ] [ LOG ] INIT File
[ error ] [2]Declaration of app\admin\controller\Index::_initialize() should be compatible with app\admin\controller\AdminControl::_initialize($ControllerNmae = '')[/home/www/chenganxjh/application/admin/controller/Index.php:8]
---------------------------------------------------------------
[ 2019-06-03T05:40:53+08:00 ] 172.17.144.244 80.82.70.187 GET /cache/global/img/gs.gif
[ info ] www.baidu.com/cache/global/img/gs.gif [运行时间：0.014876s][吞吐率：67.22req/s] [内存消耗：1,782.66kb] [文件加载：44]
[ info ] [ LANG ] /home/www/chenganxjh/thinkphp/lang/zh-cn.php
[ info ] [ ROUTE ] array (
  'type' => 'module',
  'module' => 
  array (
    0 => 'cache',
    1 => 'global',
    2 => 'img',
  ),
)
[ info ] [ HEADER ] array (
  'if-modified-since' => 'Thu, 19 Apr 2012 09:51:20 GMT',
  'user-agent' => 'Mozilla',
  'host' => 'www.baidu.com',
  'content-type' => '',
  'content-length' => '',
)
[ info ] [ PARAM ] array (
)
[ info ] [ LOG ] INIT File
---------------------------------------------------------------
[ 2019-06-03T08:30:11+08:00 ] 172.17.144.244 51.38.12.21 GET /
[ info ] 39.107.140.181/ [运行时间：0.018377s][吞吐率：54.42req/s] [内存消耗：2,261.17kb] [文件加载：58]
[ info ] [ LANG ] /home/www/chenganxjh/thinkphp/lang/zh-cn.php
[ info ] [ ROUTE ] array (
  'type' => 'module',
  'module' => 
  array (
    0 => '',
    1 => NULL,
    2 => NULL,
  ),
)
[ info ] [ HEADER ] array (
  'user-agent' => 'Mozilla/5.0 (Windows NT 6.1) AppleWebKit/537.36 (KHTML, like Gecko) Chrome/41.0.2228.0 Safari/537.36',
  'host' => '39.107.140.181',
  'connection' => 'close',
  'content-type' => '',
  'content-length' => '',
)
[ info ] [ PARAM ] array (
)
[ info ] [ LANG ] /home/www/chenganxjh/public/../application/admin/lang/zh-cn.php
[ info ] [ SESSION ] INIT array (
  'id' => '',
  'var_session_id' => '',
  'prefix' => 'think',
  'type' => '',
  'auto_start' => true,
)
[ info ] [ LOG ] INIT File
[ error ] [2]Declaration of app\admin\controller\Index::_initialize() should be compatible with app\admin\controller\AdminControl::_initialize($ControllerNmae = '')[/home/www/chenganxjh/application/admin/controller/Index.php:8]
---------------------------------------------------------------
[ 2019-06-03T08:30:12+08:00 ] 172.17.144.244 51.38.12.21 GET /Admin/login/index.html
[ info ] 39.107.140.181/Admin/login/index.html [运行时间：0.017672s][吞吐率：56.59req/s] [内存消耗：2,167.19kb] [文件加载：53]
[ info ] [ LANG ] /home/www/chenganxjh/thinkphp/lang/zh-cn.php
[ info ] [ ROUTE ] array (
  'type' => 'module',
  'module' => 
  array (
    0 => 'Admin',
    1 => 'login',
    2 => 'index',
  ),
)
[ info ] [ HEADER ] array (
  'user-agent' => 'Mozilla/5.0 (Windows NT 6.1) AppleWebKit/537.36 (KHTML, like Gecko) Chrome/41.0.2228.0 Safari/537.36',
  'host' => '39.107.140.181',
  'connection' => 'close',
  'content-type' => '',
  'content-length' => '',
)
[ info ] [ PARAM ] array (
)
[ info ] [ LANG ] /home/www/chenganxjh/public/../application/admin/lang/zh-cn.php
[ info ] [ RUN ] app\admin\controller\Login->index[ /home/www/chenganxjh/application/admin/controller/Login.php ]
[ info ] [ SESSION ] INIT array (
  'id' => '',
  'var_session_id' => '',
  'prefix' => 'think',
  'type' => '',
  'auto_start' => true,
)
[ info ] [ VIEW ] /home/www/chenganxjh/public/../application/admin/view/login/index.html [ array (
) ]
[ info ] [ LOG ] INIT File
---------------------------------------------------------------
[ 2019-06-03T08:57:39+08:00 ] 172.17.144.244 187.102.57.83 GET /
[ info ] 39.107.140.181:80/ [运行时间：0.017799s][吞吐率：56.18req/s] [内存消耗：2,261.19kb] [文件加载：58]
[ info ] [ LANG ] /home/www/chenganxjh/thinkphp/lang/zh-cn.php
[ info ] [ ROUTE ] array (
  'type' => 'module',
  'module' => 
  array (
    0 => '',
    1 => NULL,
    2 => NULL,
  ),
)
[ info ] [ HEADER ] array (
  'content-length' => '0',
  'user-agent' => 'Mozilla/5.0 (Macintosh; Intel Mac OS X 10_11_6) AppleWebKit/601.7.7 (KHTML, like Gecko) Version/9.1.2 Safari/601.7.7',
  'host' => '39.107.140.181:80',
  'content-type' => '',
)
[ info ] [ PARAM ] array (
)
[ info ] [ LANG ] /home/www/chenganxjh/public/../application/admin/lang/zh-cn.php
[ info ] [ SESSION ] INIT array (
  'id' => '',
  'var_session_id' => '',
  'prefix' => 'think',
  'type' => '',
  'auto_start' => true,
)
[ info ] [ LOG ] INIT File
[ error ] [2]Declaration of app\admin\controller\Index::_initialize() should be compatible with app\admin\controller\AdminControl::_initialize($ControllerNmae = '')[/home/www/chenganxjh/application/admin/controller/Index.php:8]
---------------------------------------------------------------
[ 2019-06-03T10:12:03+08:00 ] 172.17.144.244 42.236.10.93 GET /
[ info ] 39.107.140.181/ [运行时间：0.018394s][吞吐率：54.37req/s] [内存消耗：2,261.73kb] [文件加载：58]
[ info ] [ LANG ] /home/www/chenganxjh/thinkphp/lang/zh-cn.php
[ info ] [ ROUTE ] array (
  'type' => 'module',
  'module' => 
  array (
    0 => '',
    1 => NULL,
    2 => NULL,
  ),
)
[ info ] [ HEADER ] array (
  'accept-encoding' => 'gzip, deflate',
  'accept' => 'text/html,application/xhtml+xml,application/xml;q=0.9,image/webp,image/apng,*/*;q=0.8',
  'upgrade-insecure-requests' => '1',
  'user-agent' => 'Mozilla/5.0 (Windows NT 6.1) AppleWebKit/537.36 (KHTML, like Gecko) Chrome/36.0.1985.125 Safari/537.36',
  'connection' => 'keep-alive',
  'host' => '39.107.140.181',
  'content-type' => '',
  'content-length' => '',
)
[ info ] [ PARAM ] array (
)
[ info ] [ LANG ] /home/www/chenganxjh/public/../application/admin/lang/zh-cn.php
[ info ] [ SESSION ] INIT array (
  'id' => '',
  'var_session_id' => '',
  'prefix' => 'think',
  'type' => '',
  'auto_start' => true,
)
[ info ] [ LOG ] INIT File
[ error ] [2]Declaration of app\admin\controller\Index::_initialize() should be compatible with app\admin\controller\AdminControl::_initialize($ControllerNmae = '')[/home/www/chenganxjh/application/admin/controller/Index.php:8]
---------------------------------------------------------------
[ 2019-06-03T10:12:08+08:00 ] 172.17.144.244 42.236.10.78 GET /Admin/login/index.html
[ info ] 39.107.140.181/Admin/login/index.html [运行时间：0.017287s][吞吐率：57.85req/s] [内存消耗：2,169.61kb] [文件加载：53]
[ info ] [ LANG ] /home/www/chenganxjh/thinkphp/lang/zh-cn.php
[ info ] [ ROUTE ] array (
  'type' => 'module',
  'module' => 
  array (
    0 => 'Admin',
    1 => 'login',
    2 => 'index',
  ),
)
[ info ] [ HEADER ] array (
  'cookie' => 'PHPSESSID=ejkqrlu0v28k9n7fs4gshb6801',
  'accept-encoding' => 'gzip, deflate',
  'accept' => 'text/html,application/xhtml+xml,application/xml;q=0.9,image/webp,image/apng,*/*;q=0.8',
  'upgrade-insecure-requests' => '1',
  'user-agent' => 'Mozilla/5.0 (Windows NT 6.1) AppleWebKit/537.36 (KHTML, like Gecko) Chrome/36.0.1985.125 Safari/537.36',
  'connection' => 'keep-alive',
  'host' => '39.107.140.181',
  'content-type' => '',
  'content-length' => '',
)
[ info ] [ PARAM ] array (
)
[ info ] [ LANG ] /home/www/chenganxjh/public/../application/admin/lang/zh-cn.php
[ info ] [ RUN ] app\admin\controller\Login->index[ /home/www/chenganxjh/application/admin/controller/Login.php ]
[ info ] [ SESSION ] INIT array (
  'id' => '',
  'var_session_id' => '',
  'prefix' => 'think',
  'type' => '',
  'auto_start' => true,
)
[ info ] [ VIEW ] /home/www/chenganxjh/public/../application/admin/view/login/index.html [ array (
) ]
[ info ] [ LOG ] INIT File
---------------------------------------------------------------
[ 2019-06-03T10:20:15+08:00 ] 172.17.144.244 185.158.113.63 GET /xVKC
[ info ] 39.107.140.181/xVKC [运行时间：0.015018s][吞吐率：66.59req/s] [内存消耗：1,782.91kb] [文件加载：44]
[ info ] [ LANG ] /home/www/chenganxjh/thinkphp/lang/zh-cn.php
[ info ] [ ROUTE ] array (
  'type' => 'module',
  'module' => 
  array (
    0 => 'xVKC',
    1 => NULL,
    2 => NULL,
  ),
)
[ info ] [ HEADER ] array (
  'accept-encoding' => 'gzip',
  'accept' => '*/*',
  'user-agent' => 'Mozilla/5.0 (Windows NT 6.1; Win64; x64; rv:60.0) Gecko/20100101 Firefox/60.0',
  'host' => '39.107.140.181',
  'content-type' => '',
  'content-length' => '',
)
[ info ] [ PARAM ] array (
)
[ info ] [ LOG ] INIT File
---------------------------------------------------------------
[ 2019-06-03T10:33:50+08:00 ] 172.17.144.244 178.45.191.2 GET /
[ info ] 39.107.140.181:80/ [运行时间：0.018213s][吞吐率：54.91req/s] [内存消耗：2,261.19kb] [文件加载：58]
[ info ] [ LANG ] /home/www/chenganxjh/thinkphp/lang/zh-cn.php
[ info ] [ ROUTE ] array (
  'type' => 'module',
  'module' => 
  array (
    0 => '',
    1 => NULL,
    2 => NULL,
  ),
)
[ info ] [ HEADER ] array (
  'content-length' => '0',
  'user-agent' => 'Mozilla/5.0 (Macintosh; Intel Mac OS X 10_11_6) AppleWebKit/601.7.7 (KHTML, like Gecko) Version/9.1.2 Safari/601.7.7',
  'host' => '39.107.140.181:80',
  'content-type' => '',
)
[ info ] [ PARAM ] array (
)
[ info ] [ LANG ] /home/www/chenganxjh/public/../application/admin/lang/zh-cn.php
[ info ] [ SESSION ] INIT array (
  'id' => '',
  'var_session_id' => '',
  'prefix' => 'think',
  'type' => '',
  'auto_start' => true,
)
[ info ] [ LOG ] INIT File
[ error ] [2]Declaration of app\admin\controller\Index::_initialize() should be compatible with app\admin\controller\AdminControl::_initialize($ControllerNmae = '')[/home/www/chenganxjh/application/admin/controller/Index.php:8]
---------------------------------------------------------------
[ 2019-06-03T10:42:33+08:00 ] 172.17.144.244 178.140.96.176 GET /
[ info ] 39.107.140.181:80/ [运行时间：0.018578s][吞吐率：53.83req/s] [内存消耗：2,261.19kb] [文件加载：58]
[ info ] [ LANG ] /home/www/chenganxjh/thinkphp/lang/zh-cn.php
[ info ] [ ROUTE ] array (
  'type' => 'module',
  'module' => 
  array (
    0 => '',
    1 => NULL,
    2 => NULL,
  ),
)
[ info ] [ HEADER ] array (
  'content-length' => '0',
  'user-agent' => 'Mozilla/5.0 (Macintosh; Intel Mac OS X 10_11_6) AppleWebKit/601.7.7 (KHTML, like Gecko) Version/9.1.2 Safari/601.7.7',
  'host' => '39.107.140.181:80',
  'content-type' => '',
)
[ info ] [ PARAM ] array (
)
[ info ] [ LANG ] /home/www/chenganxjh/public/../application/admin/lang/zh-cn.php
[ info ] [ SESSION ] INIT array (
  'id' => '',
  'var_session_id' => '',
  'prefix' => 'think',
  'type' => '',
  'auto_start' => true,
)
[ info ] [ LOG ] INIT File
[ error ] [2]Declaration of app\admin\controller\Index::_initialize() should be compatible with app\admin\controller\AdminControl::_initialize($ControllerNmae = '')[/home/www/chenganxjh/application/admin/controller/Index.php:8]
---------------------------------------------------------------
[ 2019-06-03T12:35:42+08:00 ] 172.17.144.244 221.204.146.240 GET /
[ info ] www.123cha.com/ [运行时间：0.018815s][吞吐率：53.15req/s] [内存消耗：2,261.24kb] [文件加载：58]
[ info ] [ LANG ] /home/www/chenganxjh/thinkphp/lang/zh-cn.php
[ info ] [ ROUTE ] array (
  'type' => 'module',
  'module' => 
  array (
    0 => '',
    1 => NULL,
    2 => NULL,
  ),
)
[ info ] [ HEADER ] array (
  'user-agent' => 'python-requests/2.6.0 CPython/2.7.5 Linux/3.10.0-693.11.1.el7.x86_64',
  'accept' => '*/*',
  'accept-encoding' => 'gzip, deflate',
  'connection' => 'keep-alive',
  'host' => 'www.123cha.com',
  'content-type' => '',
  'content-length' => '',
)
[ info ] [ PARAM ] array (
)
[ info ] [ LANG ] /home/www/chenganxjh/public/../application/admin/lang/zh-cn.php
[ info ] [ SESSION ] INIT array (
  'id' => '',
  'var_session_id' => '',
  'prefix' => 'think',
  'type' => '',
  'auto_start' => true,
)
[ info ] [ LOG ] INIT File
[ error ] [2]Declaration of app\admin\controller\Index::_initialize() should be compatible with app\admin\controller\AdminControl::_initialize($ControllerNmae = '')[/home/www/chenganxjh/application/admin/controller/Index.php:8]
---------------------------------------------------------------
[ 2019-06-03T12:35:42+08:00 ] 172.17.144.244 221.204.146.240 GET /
[ info ] www.baidu.com/ [运行时间：0.018017s][吞吐率：55.50req/s] [内存消耗：2,261.24kb] [文件加载：58]
[ info ] [ LANG ] /home/www/chenganxjh/thinkphp/lang/zh-cn.php
[ info ] [ ROUTE ] array (
  'type' => 'module',
  'module' => 
  array (
    0 => '',
    1 => NULL,
    2 => NULL,
  ),
)
[ info ] [ HEADER ] array (
  'user-agent' => 'python-requests/2.6.0 CPython/2.7.5 Linux/3.10.0-693.11.1.el7.x86_64',
  'accept' => '*/*',
  'accept-encoding' => 'gzip, deflate',
  'connection' => 'keep-alive',
  'host' => 'www.baidu.com',
  'content-type' => '',
  'content-length' => '',
)
[ info ] [ PARAM ] array (
)
[ info ] [ LANG ] /home/www/chenganxjh/public/../application/admin/lang/zh-cn.php
[ info ] [ SESSION ] INIT array (
  'id' => '',
  'var_session_id' => '',
  'prefix' => 'think',
  'type' => '',
  'auto_start' => true,
)
[ info ] [ LOG ] INIT File
[ error ] [2]Declaration of app\admin\controller\Index::_initialize() should be compatible with app\admin\controller\AdminControl::_initialize($ControllerNmae = '')[/home/www/chenganxjh/application/admin/controller/Index.php:8]
---------------------------------------------------------------
[ 2019-06-03T12:35:56+08:00 ] 172.17.144.244 221.204.146.240 GET /
[ info ] www.boxun.com/ [运行时间：0.026338s][吞吐率：37.97req/s] [内存消耗：2,261.24kb] [文件加载：58]
[ info ] [ LANG ] /home/www/chenganxjh/thinkphp/lang/zh-cn.php
[ info ] [ ROUTE ] array (
  'type' => 'module',
  'module' => 
  array (
    0 => '',
    1 => NULL,
    2 => NULL,
  ),
)
[ info ] [ HEADER ] array (
  'user-agent' => 'python-requests/2.6.0 CPython/2.7.5 Linux/3.10.0-693.11.1.el7.x86_64',
  'accept' => '*/*',
  'accept-encoding' => 'gzip, deflate',
  'connection' => 'keep-alive',
  'host' => 'www.boxun.com',
  'content-type' => '',
  'content-length' => '',
)
[ info ] [ PARAM ] array (
)
[ info ] [ LANG ] /home/www/chenganxjh/public/../application/admin/lang/zh-cn.php
[ info ] [ SESSION ] INIT array (
  'id' => '',
  'var_session_id' => '',
  'prefix' => 'think',
  'type' => '',
  'auto_start' => true,
)
[ info ] [ LOG ] INIT File
[ error ] [2]Declaration of app\admin\controller\Index::_initialize() should be compatible with app\admin\controller\AdminControl::_initialize($ControllerNmae = '')[/home/www/chenganxjh/application/admin/controller/Index.php:8]
---------------------------------------------------------------
[ 2019-06-03T12:35:56+08:00 ] 172.17.144.244 221.204.146.240 GET /
[ info ] www.minghui.org/ [运行时间：0.031962s][吞吐率：31.29req/s] [内存消耗：2,261.27kb] [文件加载：58]
[ info ] [ LANG ] /home/www/chenganxjh/thinkphp/lang/zh-cn.php
[ info ] [ ROUTE ] array (
  'type' => 'module',
  'module' => 
  array (
    0 => '',
    1 => NULL,
    2 => NULL,
  ),
)
[ info ] [ HEADER ] array (
  'user-agent' => 'python-requests/2.6.0 CPython/2.7.5 Linux/3.10.0-693.11.1.el7.x86_64',
  'accept' => '*/*',
  'accept-encoding' => 'gzip, deflate',
  'connection' => 'keep-alive',
  'host' => 'www.minghui.org',
  'content-type' => '',
  'content-length' => '',
)
[ info ] [ PARAM ] array (
)
[ info ] [ LANG ] /home/www/chenganxjh/public/../application/admin/lang/zh-cn.php
[ info ] [ SESSION ] INIT array (
  'id' => '',
  'var_session_id' => '',
  'prefix' => 'think',
  'type' => '',
  'auto_start' => true,
)
[ info ] [ LOG ] INIT File
[ error ] [2]Declaration of app\admin\controller\Index::_initialize() should be compatible with app\admin\controller\AdminControl::_initialize($ControllerNmae = '')[/home/www/chenganxjh/application/admin/controller/Index.php:8]
---------------------------------------------------------------
[ 2019-06-03T12:35:56+08:00 ] 172.17.144.244 221.204.146.240 GET /
[ info ] www.epochtimes.com/ [运行时间：0.035650s][吞吐率：28.05req/s] [内存消耗：2,261.30kb] [文件加载：58]
[ info ] [ LANG ] /home/www/chenganxjh/thinkphp/lang/zh-cn.php
[ info ] [ ROUTE ] array (
  'type' => 'module',
  'module' => 
  array (
    0 => '',
    1 => NULL,
    2 => NULL,
  ),
)
[ info ] [ HEADER ] array (
  'user-agent' => 'python-requests/2.6.0 CPython/2.7.5 Linux/3.10.0-693.11.1.el7.x86_64',
  'accept' => '*/*',
  'accept-encoding' => 'gzip, deflate',
  'connection' => 'keep-alive',
  'host' => 'www.epochtimes.com',
  'content-type' => '',
  'content-length' => '',
)
[ info ] [ PARAM ] array (
)
[ info ] [ LANG ] /home/www/chenganxjh/public/../application/admin/lang/zh-cn.php
[ info ] [ SESSION ] INIT array (
  'id' => '',
  'var_session_id' => '',
  'prefix' => 'think',
  'type' => '',
  'auto_start' => true,
)
[ info ] [ LOG ] INIT File
[ error ] [2]Declaration of app\admin\controller\Index::_initialize() should be compatible with app\admin\controller\AdminControl::_initialize($ControllerNmae = '')[/home/www/chenganxjh/application/admin/controller/Index.php:8]
---------------------------------------------------------------
[ 2019-06-03T12:35:56+08:00 ] 172.17.144.244 221.204.146.240 GET /
[ info ] www.bing.com/ [运行时间：0.023236s][吞吐率：43.04req/s] [内存消耗：2,261.19kb] [文件加载：58]
[ info ] [ LANG ] /home/www/chenganxjh/thinkphp/lang/zh-cn.php
[ info ] [ ROUTE ] array (
  'type' => 'module',
  'module' => 
  array (
    0 => '',
    1 => NULL,
    2 => NULL,
  ),
)
[ info ] [ HEADER ] array (
  'user-agent' => 'python-requests/2.6.0 CPython/2.7.5 Linux/3.10.0-693.11.1.el7.x86_64',
  'accept' => '*/*',
  'accept-encoding' => 'gzip, deflate',
  'connection' => 'keep-alive',
  'host' => 'www.bing.com',
  'content-type' => '',
  'content-length' => '',
)
[ info ] [ PARAM ] array (
)
[ info ] [ LANG ] /home/www/chenganxjh/public/../application/admin/lang/zh-cn.php
[ info ] [ SESSION ] INIT array (
  'id' => '',
  'var_session_id' => '',
  'prefix' => 'think',
  'type' => '',
  'auto_start' => true,
)
[ info ] [ LOG ] INIT File
[ error ] [2]Declaration of app\admin\controller\Index::_initialize() should be compatible with app\admin\controller\AdminControl::_initialize($ControllerNmae = '')[/home/www/chenganxjh/application/admin/controller/Index.php:8]
---------------------------------------------------------------
[ 2019-06-03T12:35:56+08:00 ] 172.17.144.244 221.204.146.240 GET /Admin/login/index.html
[ info ] www.123cha.com/Admin/login/index.html [运行时间：0.017417s][吞吐率：57.42req/s] [内存消耗：2,168.99kb] [文件加载：53]
[ info ] [ LANG ] /home/www/chenganxjh/thinkphp/lang/zh-cn.php
[ info ] [ ROUTE ] array (
  'type' => 'module',
  'module' => 
  array (
    0 => 'Admin',
    1 => 'login',
    2 => 'index',
  ),
)
[ info ] [ HEADER ] array (
  'user-agent' => 'python-requests/2.6.0 CPython/2.7.5 Linux/3.10.0-693.11.1.el7.x86_64',
  'accept' => '*/*',
  'accept-encoding' => 'gzip, deflate',
  'cookie' => 'PHPSESSID=qv4n83tci128vqj4nb5he9kr62',
  'connection' => 'keep-alive',
  'host' => 'www.123cha.com',
  'content-type' => '',
  'content-length' => '',
)
[ info ] [ PARAM ] array (
)
[ info ] [ LANG ] /home/www/chenganxjh/public/../application/admin/lang/zh-cn.php
[ info ] [ RUN ] app\admin\controller\Login->index[ /home/www/chenganxjh/application/admin/controller/Login.php ]
[ info ] [ SESSION ] INIT array (
  'id' => '',
  'var_session_id' => '',
  'prefix' => 'think',
  'type' => '',
  'auto_start' => true,
)
[ info ] [ VIEW ] /home/www/chenganxjh/public/../application/admin/view/login/index.html [ array (
) ]
[ info ] [ LOG ] INIT File
---------------------------------------------------------------
[ 2019-06-03T12:35:57+08:00 ] 172.17.144.244 221.204.146.240 GET /Admin/login/index.html
[ info ] www.baidu.com/Admin/login/index.html [运行时间：0.017609s][吞吐率：56.79req/s] [内存消耗：2,168.99kb] [文件加载：53]
[ info ] [ LANG ] /home/www/chenganxjh/thinkphp/lang/zh-cn.php
[ info ] [ ROUTE ] array (
  'type' => 'module',
  'module' => 
  array (
    0 => 'Admin',
    1 => 'login',
    2 => 'index',
  ),
)
[ info ] [ HEADER ] array (
  'user-agent' => 'python-requests/2.6.0 CPython/2.7.5 Linux/3.10.0-693.11.1.el7.x86_64',
  'accept' => '*/*',
  'accept-encoding' => 'gzip, deflate',
  'cookie' => 'PHPSESSID=i1n53v4fqlgkq87avj2lvnvna5',
  'connection' => 'keep-alive',
  'host' => 'www.baidu.com',
  'content-type' => '',
  'content-length' => '',
)
[ info ] [ PARAM ] array (
)
[ info ] [ LANG ] /home/www/chenganxjh/public/../application/admin/lang/zh-cn.php
[ info ] [ RUN ] app\admin\controller\Login->index[ /home/www/chenganxjh/application/admin/controller/Login.php ]
[ info ] [ SESSION ] INIT array (
  'id' => '',
  'var_session_id' => '',
  'prefix' => 'think',
  'type' => '',
  'auto_start' => true,
)
[ info ] [ VIEW ] /home/www/chenganxjh/public/../application/admin/view/login/index.html [ array (
) ]
[ info ] [ LOG ] INIT File
---------------------------------------------------------------
[ 2019-06-03T12:36:05+08:00 ] 172.17.144.244 221.204.146.240 GET /
[ info ] www.rfa.org/ [运行时间：0.022981s][吞吐率：43.51req/s] [内存消耗：2,261.18kb] [文件加载：58]
[ info ] [ LANG ] /home/www/chenganxjh/thinkphp/lang/zh-cn.php
[ info ] [ ROUTE ] array (
  'type' => 'module',
  'module' => 
  array (
    0 => '',
    1 => NULL,
    2 => NULL,
  ),
)
[ info ] [ HEADER ] array (
  'user-agent' => 'python-requests/2.6.0 CPython/2.7.5 Linux/3.10.0-693.11.1.el7.x86_64',
  'accept' => '*/*',
  'accept-encoding' => 'gzip, deflate',
  'connection' => 'keep-alive',
  'host' => 'www.rfa.org',
  'content-type' => '',
  'content-length' => '',
)
[ info ] [ PARAM ] array (
)
[ info ] [ LANG ] /home/www/chenganxjh/public/../application/admin/lang/zh-cn.php
[ info ] [ SESSION ] INIT array (
  'id' => '',
  'var_session_id' => '',
  'prefix' => 'think',
  'type' => '',
  'auto_start' => true,
)
[ info ] [ LOG ] INIT File
[ error ] [2]Declaration of app\admin\controller\Index::_initialize() should be compatible with app\admin\controller\AdminControl::_initialize($ControllerNmae = '')[/home/www/chenganxjh/application/admin/controller/Index.php:8]
---------------------------------------------------------------
[ 2019-06-03T12:36:05+08:00 ] 172.17.144.244 221.204.146.240 GET /
[ info ] wujieliulan.com/ [运行时间：0.022493s][吞吐率：44.46req/s] [内存消耗：2,261.27kb] [文件加载：58]
[ info ] [ LANG ] /home/www/chenganxjh/thinkphp/lang/zh-cn.php
[ info ] [ ROUTE ] array (
  'type' => 'module',
  'module' => 
  array (
    0 => '',
    1 => NULL,
    2 => NULL,
  ),
)
[ info ] [ HEADER ] array (
  'user-agent' => 'python-requests/2.6.0 CPython/2.7.5 Linux/3.10.0-693.11.1.el7.x86_64',
  'accept' => '*/*',
  'accept-encoding' => 'gzip, deflate',
  'connection' => 'keep-alive',
  'host' => 'wujieliulan.com',
  'content-type' => '',
  'content-length' => '',
)
[ info ] [ PARAM ] array (
)
[ info ] [ LANG ] /home/www/chenganxjh/public/../application/admin/lang/zh-cn.php
[ info ] [ SESSION ] INIT array (
  'id' => '',
  'var_session_id' => '',
  'prefix' => 'think',
  'type' => '',
  'auto_start' => true,
)
[ info ] [ LOG ] INIT File
[ error ] [2]Declaration of app\admin\controller\Index::_initialize() should be compatible with app\admin\controller\AdminControl::_initialize($ControllerNmae = '')[/home/www/chenganxjh/application/admin/controller/Index.php:8]
---------------------------------------------------------------
[ 2019-06-03T12:36:06+08:00 ] 172.17.144.244 221.204.146.240 GET /Admin/login/index.html
[ info ] www.minghui.org/Admin/login/index.html [运行时间：0.016450s][吞吐率：60.79req/s] [内存消耗：2,169.01kb] [文件加载：53]
[ info ] [ LANG ] /home/www/chenganxjh/thinkphp/lang/zh-cn.php
[ info ] [ ROUTE ] array (
  'type' => 'module',
  'module' => 
  array (
    0 => 'Admin',
    1 => 'login',
    2 => 'index',
  ),
)
[ info ] [ HEADER ] array (
  'user-agent' => 'python-requests/2.6.0 CPython/2.7.5 Linux/3.10.0-693.11.1.el7.x86_64',
  'accept' => '*/*',
  'accept-encoding' => 'gzip, deflate',
  'cookie' => 'PHPSESSID=ffnpjmiuvc7ovu2691seio9o35',
  'connection' => 'keep-alive',
  'host' => 'www.minghui.org',
  'content-type' => '',
  'content-length' => '',
)
[ info ] [ PARAM ] array (
)
[ info ] [ LANG ] /home/www/chenganxjh/public/../application/admin/lang/zh-cn.php
[ info ] [ RUN ] app\admin\controller\Login->index[ /home/www/chenganxjh/application/admin/controller/Login.php ]
[ info ] [ SESSION ] INIT array (
  'id' => '',
  'var_session_id' => '',
  'prefix' => 'think',
  'type' => '',
  'auto_start' => true,
)
[ info ] [ VIEW ] /home/www/chenganxjh/public/../application/admin/view/login/index.html [ array (
) ]
[ info ] [ LOG ] INIT File
---------------------------------------------------------------
[ 2019-06-03T12:36:07+08:00 ] 172.17.144.244 221.204.146.240 GET /Admin/login/index.html
[ info ] www.epochtimes.com/Admin/login/index.html [运行时间：0.017499s][吞吐率：57.15req/s] [内存消耗：2,169.06kb] [文件加载：53]
[ info ] [ LANG ] /home/www/chenganxjh/thinkphp/lang/zh-cn.php
[ info ] [ ROUTE ] array (
  'type' => 'module',
  'module' => 
  array (
    0 => 'Admin',
    1 => 'login',
    2 => 'index',
  ),
)
[ info ] [ HEADER ] array (
  'user-agent' => 'python-requests/2.6.0 CPython/2.7.5 Linux/3.10.0-693.11.1.el7.x86_64',
  'accept' => '*/*',
  'accept-encoding' => 'gzip, deflate',
  'cookie' => 'PHPSESSID=iare1rdsu78jklbb9gknoj71k3',
  'connection' => 'keep-alive',
  'host' => 'www.epochtimes.com',
  'content-type' => '',
  'content-length' => '',
)
[ info ] [ PARAM ] array (
)
[ info ] [ LANG ] /home/www/chenganxjh/public/../application/admin/lang/zh-cn.php
[ info ] [ RUN ] app\admin\controller\Login->index[ /home/www/chenganxjh/application/admin/controller/Login.php ]
[ info ] [ SESSION ] INIT array (
  'id' => '',
  'var_session_id' => '',
  'prefix' => 'think',
  'type' => '',
  'auto_start' => true,
)
[ info ] [ VIEW ] /home/www/chenganxjh/public/../application/admin/view/login/index.html [ array (
) ]
[ info ] [ LOG ] INIT File
---------------------------------------------------------------
[ 2019-06-03T12:36:08+08:00 ] 172.17.144.244 221.204.146.240 GET /Admin/login/index.html
[ info ] www.boxun.com/Admin/login/index.html [运行时间：0.017254s][吞吐率：57.96req/s] [内存消耗：2,168.99kb] [文件加载：53]
[ info ] [ LANG ] /home/www/chenganxjh/thinkphp/lang/zh-cn.php
[ info ] [ ROUTE ] array (
  'type' => 'module',
  'module' => 
  array (
    0 => 'Admin',
    1 => 'login',
    2 => 'index',
  ),
)
[ info ] [ HEADER ] array (
  'user-agent' => 'python-requests/2.6.0 CPython/2.7.5 Linux/3.10.0-693.11.1.el7.x86_64',
  'accept' => '*/*',
  'accept-encoding' => 'gzip, deflate',
  'cookie' => 'PHPSESSID=svrdvksa4f8md9jao46cqj08b0',
  'connection' => 'keep-alive',
  'host' => 'www.boxun.com',
  'content-type' => '',
  'content-length' => '',
)
[ info ] [ PARAM ] array (
)
[ info ] [ LANG ] /home/www/chenganxjh/public/../application/admin/lang/zh-cn.php
[ info ] [ RUN ] app\admin\controller\Login->index[ /home/www/chenganxjh/application/admin/controller/Login.php ]
[ info ] [ SESSION ] INIT array (
  'id' => '',
  'var_session_id' => '',
  'prefix' => 'think',
  'type' => '',
  'auto_start' => true,
)
[ info ] [ VIEW ] /home/www/chenganxjh/public/../application/admin/view/login/index.html [ array (
) ]
[ info ] [ LOG ] INIT File
---------------------------------------------------------------
[ 2019-06-03T12:36:08+08:00 ] 172.17.144.244 221.204.146.240 GET /Admin/login/index.html
[ info ] www.bing.com/Admin/login/index.html [运行时间：0.017428s][吞吐率：57.38req/s] [内存消耗：2,168.94kb] [文件加载：53]
[ info ] [ LANG ] /home/www/chenganxjh/thinkphp/lang/zh-cn.php
[ info ] [ ROUTE ] array (
  'type' => 'module',
  'module' => 
  array (
    0 => 'Admin',
    1 => 'login',
    2 => 'index',
  ),
)
[ info ] [ HEADER ] array (
  'user-agent' => 'python-requests/2.6.0 CPython/2.7.5 Linux/3.10.0-693.11.1.el7.x86_64',
  'accept' => '*/*',
  'accept-encoding' => 'gzip, deflate',
  'cookie' => 'PHPSESSID=tacspmiosd6dne1cuernso3587',
  'connection' => 'keep-alive',
  'host' => 'www.bing.com',
  'content-type' => '',
  'content-length' => '',
)
[ info ] [ PARAM ] array (
)
[ info ] [ LANG ] /home/www/chenganxjh/public/../application/admin/lang/zh-cn.php
[ info ] [ RUN ] app\admin\controller\Login->index[ /home/www/chenganxjh/application/admin/controller/Login.php ]
[ info ] [ SESSION ] INIT array (
  'id' => '',
  'var_session_id' => '',
  'prefix' => 'think',
  'type' => '',
  'auto_start' => true,
)
[ info ] [ VIEW ] /home/www/chenganxjh/public/../application/admin/view/login/index.html [ array (
) ]
[ info ] [ LOG ] INIT File
---------------------------------------------------------------
[ 2019-06-03T12:36:13+08:00 ] 172.17.144.244 221.204.146.240 GET /Admin/login/index.html
[ info ] www.rfa.org/Admin/login/index.html [运行时间：0.016425s][吞吐率：60.88req/s] [内存消耗：2,168.93kb] [文件加载：53]
[ info ] [ LANG ] /home/www/chenganxjh/thinkphp/lang/zh-cn.php
[ info ] [ ROUTE ] array (
  'type' => 'module',
  'module' => 
  array (
    0 => 'Admin',
    1 => 'login',
    2 => 'index',
  ),
)
[ info ] [ HEADER ] array (
  'user-agent' => 'python-requests/2.6.0 CPython/2.7.5 Linux/3.10.0-693.11.1.el7.x86_64',
  'accept' => '*/*',
  'accept-encoding' => 'gzip, deflate',
  'cookie' => 'PHPSESSID=vbqru7pqmcnjddq8dbirse8eg7',
  'connection' => 'keep-alive',
  'host' => 'www.rfa.org',
  'content-type' => '',
  'content-length' => '',
)
[ info ] [ PARAM ] array (
)
[ info ] [ LANG ] /home/www/chenganxjh/public/../application/admin/lang/zh-cn.php
[ info ] [ RUN ] app\admin\controller\Login->index[ /home/www/chenganxjh/application/admin/controller/Login.php ]
[ info ] [ SESSION ] INIT array (
  'id' => '',
  'var_session_id' => '',
  'prefix' => 'think',
  'type' => '',
  'auto_start' => true,
)
[ info ] [ VIEW ] /home/www/chenganxjh/public/../application/admin/view/login/index.html [ array (
) ]
[ info ] [ LOG ] INIT File
---------------------------------------------------------------
[ 2019-06-03T12:36:14+08:00 ] 172.17.144.244 221.204.146.240 GET /Admin/login/index.html
[ info ] wujieliulan.com/Admin/login/index.html [运行时间：0.016685s][吞吐率：59.93req/s] [内存消耗：2,169.01kb] [文件加载：53]
[ info ] [ LANG ] /home/www/chenganxjh/thinkphp/lang/zh-cn.php
[ info ] [ ROUTE ] array (
  'type' => 'module',
  'module' => 
  array (
    0 => 'Admin',
    1 => 'login',
    2 => 'index',
  ),
)
[ info ] [ HEADER ] array (
  'user-agent' => 'python-requests/2.6.0 CPython/2.7.5 Linux/3.10.0-693.11.1.el7.x86_64',
  'accept' => '*/*',
  'accept-encoding' => 'gzip, deflate',
  'cookie' => 'PHPSESSID=fl0795kgv5mna2sg4asp1lbcm2',
  'connection' => 'keep-alive',
  'host' => 'wujieliulan.com',
  'content-type' => '',
  'content-length' => '',
)
[ info ] [ PARAM ] array (
)
[ info ] [ LANG ] /home/www/chenganxjh/public/../application/admin/lang/zh-cn.php
[ info ] [ RUN ] app\admin\controller\Login->index[ /home/www/chenganxjh/application/admin/controller/Login.php ]
[ info ] [ SESSION ] INIT array (
  'id' => '',
  'var_session_id' => '',
  'prefix' => 'think',
  'type' => '',
  'auto_start' => true,
)
[ info ] [ VIEW ] /home/www/chenganxjh/public/../application/admin/view/login/index.html [ array (
) ]
[ info ] [ LOG ] INIT File
---------------------------------------------------------------
[ 2019-06-03T14:12:07+08:00 ] 172.17.144.244 187.74.144.132 GET /
[ info ] 39.107.140.181:80/ [运行时间：0.017939s][吞吐率：55.74req/s] [内存消耗：2,261.19kb] [文件加载：58]
[ info ] [ LANG ] /home/www/chenganxjh/thinkphp/lang/zh-cn.php
[ info ] [ ROUTE ] array (
  'type' => 'module',
  'module' => 
  array (
    0 => '',
    1 => NULL,
    2 => NULL,
  ),
)
[ info ] [ HEADER ] array (
  'content-length' => '0',
  'user-agent' => 'Mozilla/5.0 (Windows NT 10.0; WOW64) AppleWebKit/537.36 (KHTML, like Gecko) Chrome/52.0.2743.116 Safari/537.36',
  'host' => '39.107.140.181:80',
  'content-type' => '',
)
[ info ] [ PARAM ] array (
)
[ info ] [ LANG ] /home/www/chenganxjh/public/../application/admin/lang/zh-cn.php
[ info ] [ SESSION ] INIT array (
  'id' => '',
  'var_session_id' => '',
  'prefix' => 'think',
  'type' => '',
  'auto_start' => true,
)
[ info ] [ LOG ] INIT File
[ error ] [2]Declaration of app\admin\controller\Index::_initialize() should be compatible with app\admin\controller\AdminControl::_initialize($ControllerNmae = '')[/home/www/chenganxjh/application/admin/controller/Index.php:8]
---------------------------------------------------------------
[ 2019-06-03T14:22:27+08:00 ] 172.17.144.244 39.155.208.194 GET /school/index/index.html
[ info ] app.freestylewxy.cn/school/index/index.html [运行时间：0.017927s][吞吐率：55.78req/s] [内存消耗：2,233.61kb] [文件加载：55]
[ info ] [ LANG ] /home/www/chenganxjh/thinkphp/lang/zh-cn.php
[ info ] [ ROUTE ] array (
  'type' => 'module',
  'module' => 
  array (
    0 => 'school',
    1 => 'index',
    2 => 'index',
  ),
)
[ info ] [ HEADER ] array (
  'cache-control' => 'max-age=0',
  'upgrade-insecure-requests' => '1',
  'cookie' => 'now_location_module=school; now_location_controller=Classes; now_location_action=index; PHPSESSID=r6lkrcsmilokk0s80i0jdv2os7',
  'connection' => 'keep-alive',
  'referer' => 'http://app.freestylewxy.cn/School/login/index.html',
  'accept-encoding' => 'gzip, deflate',
  'accept-language' => 'zh-CN,zh;q=0.8,zh-TW;q=0.7,zh-HK;q=0.5,en-US;q=0.3,en;q=0.2',
  'accept' => 'text/html,application/xhtml+xml,application/xml;q=0.9,*/*;q=0.8',
  'user-agent' => 'Mozilla/5.0 (Windows NT 10.0; WOW64; rv:66.0) Gecko/20100101 Firefox/66.0',
  'host' => 'app.freestylewxy.cn',
  'content-type' => '',
  'content-length' => '',
)
[ info ] [ PARAM ] array (
)
[ info ] [ LANG ] /home/www/chenganxjh/public/../application/school/lang/zh-cn.php
[ info ] [ SESSION ] INIT array (
  'id' => '',
  'var_session_id' => '',
  'prefix' => 'think',
  'type' => '',
  'auto_start' => true,
)
[ info ] [ LOG ] INIT File
---------------------------------------------------------------
[ 2019-06-03T14:22:27+08:00 ] 172.17.144.244 39.155.208.194 GET /School/login/index.html
[ info ] app.freestylewxy.cn/School/login/index.html [运行时间：0.016393s][吞吐率：61.00req/s] [内存消耗：2,170.89kb] [文件加载：53]
[ info ] [ LANG ] /home/www/chenganxjh/thinkphp/lang/zh-cn.php
[ info ] [ ROUTE ] array (
  'type' => 'module',
  'module' => 
  array (
    0 => 'School',
    1 => 'login',
    2 => 'index',
  ),
)
[ info ] [ HEADER ] array (
  'upgrade-insecure-requests' => '1',
  'cookie' => 'PHPSESSID=r6lkrcsmilokk0s80i0jdv2os7',
  'connection' => 'keep-alive',
  'referer' => 'http://app.freestylewxy.cn/School/login/index.html',
  'accept-encoding' => 'gzip, deflate',
  'accept-language' => 'zh-CN,zh;q=0.8,zh-TW;q=0.7,zh-HK;q=0.5,en-US;q=0.3,en;q=0.2',
  'accept' => 'text/html,application/xhtml+xml,application/xml;q=0.9,*/*;q=0.8',
  'user-agent' => 'Mozilla/5.0 (Windows NT 10.0; WOW64; rv:66.0) Gecko/20100101 Firefox/66.0',
  'host' => 'app.freestylewxy.cn',
  'content-type' => '',
  'content-length' => '',
)
[ info ] [ PARAM ] array (
)
[ info ] [ LANG ] /home/www/chenganxjh/public/../application/school/lang/zh-cn.php
[ info ] [ RUN ] app\school\controller\Login->index[ /home/www/chenganxjh/application/school/controller/Login.php ]
[ info ] [ SESSION ] INIT array (
  'id' => '',
  'var_session_id' => '',
  'prefix' => 'think',
  'type' => '',
  'auto_start' => true,
)
[ info ] [ VIEW ] /home/www/chenganxjh/public/../application/school/view/login/index.html [ array (
) ]
[ info ] [ LOG ] INIT File
---------------------------------------------------------------
[ 2019-06-03T14:22:27+08:00 ] 172.17.144.244 39.155.208.194 GET /captcha.html
[ info ] app.freestylewxy.cn/captcha.html [运行时间：0.015364s][吞吐率：65.09req/s] [内存消耗：1,787.61kb] [文件加载：43]
[ info ] [ LANG ] /home/www/chenganxjh/thinkphp/lang/zh-cn.php
[ info ] [ ROUTE ] array (
  'type' => 'method',
  'method' => 
  array (
    0 => '\\think\\captcha\\CaptchaController',
    1 => 'index',
  ),
  'var' => 
  array (
  ),
)
[ info ] [ HEADER ] array (
  'cache-control' => 'max-age=0',
  'cookie' => 'PHPSESSID=r6lkrcsmilokk0s80i0jdv2os7',
  'connection' => 'keep-alive',
  'referer' => 'http://app.freestylewxy.cn/School/login/index.html',
  'accept-encoding' => 'gzip, deflate',
  'accept-language' => 'zh-CN,zh;q=0.8,zh-TW;q=0.7,zh-HK;q=0.5,en-US;q=0.3,en;q=0.2',
  'accept' => 'image/webp,*/*',
  'user-agent' => 'Mozilla/5.0 (Windows NT 10.0; WOW64; rv:66.0) Gecko/20100101 Firefox/66.0',
  'host' => 'app.freestylewxy.cn',
  'content-type' => '',
  'content-length' => '',
)
[ info ] [ PARAM ] array (
  'id' => NULL,
)
[ info ] [ RUN ] think\captcha\CaptchaController->index[ /home/www/chenganxjh/vendor/topthink/think-captcha/src/CaptchaController.php ]
[ info ] [ SESSION ] INIT array (
  'id' => '',
  'var_session_id' => '',
  'prefix' => 'think',
  'type' => '',
  'auto_start' => true,
)
[ info ] [ LOG ] INIT File
---------------------------------------------------------------
[ 2019-06-03T14:22:30+08:00 ] 172.17.144.244 39.155.208.194 GET /School/login/index.html
[ info ] app.freestylewxy.cn/School/login/index.html [运行时间：0.016944s][吞吐率：59.02req/s] [内存消耗：2,172.09kb] [文件加载：53]
[ info ] [ LANG ] /home/www/chenganxjh/thinkphp/lang/zh-cn.php
[ info ] [ ROUTE ] array (
  'type' => 'module',
  'module' => 
  array (
    0 => 'School',
    1 => 'login',
    2 => 'index',
  ),
)
[ info ] [ HEADER ] array (
  'cache-control' => 'max-age=0',
  'upgrade-insecure-requests' => '1',
  'cookie' => 'PHPSESSID=r6lkrcsmilokk0s80i0jdv2os7',
  'connection' => 'keep-alive',
  'referer' => 'http://app.freestylewxy.cn/School/login/index.html',
  'accept-encoding' => 'gzip, deflate',
  'accept-language' => 'zh-CN,zh;q=0.8,zh-TW;q=0.7,zh-HK;q=0.5,en-US;q=0.3,en;q=0.2',
  'accept' => 'text/html,application/xhtml+xml,application/xml;q=0.9,*/*;q=0.8',
  'user-agent' => 'Mozilla/5.0 (Windows NT 10.0; WOW64; rv:66.0) Gecko/20100101 Firefox/66.0',
  'host' => 'app.freestylewxy.cn',
  'content-type' => '',
  'content-length' => '',
)
[ info ] [ PARAM ] array (
)
[ info ] [ LANG ] /home/www/chenganxjh/public/../application/school/lang/zh-cn.php
[ info ] [ RUN ] app\school\controller\Login->index[ /home/www/chenganxjh/application/school/controller/Login.php ]
[ info ] [ SESSION ] INIT array (
  'id' => '',
  'var_session_id' => '',
  'prefix' => 'think',
  'type' => '',
  'auto_start' => true,
)
[ info ] [ VIEW ] /home/www/chenganxjh/public/../application/school/view/login/index.html [ array (
) ]
[ info ] [ LOG ] INIT File
---------------------------------------------------------------
[ 2019-06-03T14:22:30+08:00 ] 172.17.144.244 39.155.208.194 GET /captcha.html
[ info ] app.freestylewxy.cn/captcha.html [运行时间：0.014941s][吞吐率：66.93req/s] [内存消耗：1,787.77kb] [文件加载：43]
[ info ] [ LANG ] /home/www/chenganxjh/thinkphp/lang/zh-cn.php
[ info ] [ ROUTE ] array (
  'type' => 'method',
  'method' => 
  array (
    0 => '\\think\\captcha\\CaptchaController',
    1 => 'index',
  ),
  'var' => 
  array (
  ),
)
[ info ] [ HEADER ] array (
  'cache-control' => 'max-age=0',
  'cookie' => 'PHPSESSID=r6lkrcsmilokk0s80i0jdv2os7',
  'connection' => 'keep-alive',
  'referer' => 'http://app.freestylewxy.cn/School/login/index.html',
  'accept-encoding' => 'gzip, deflate',
  'accept-language' => 'zh-CN,zh;q=0.8,zh-TW;q=0.7,zh-HK;q=0.5,en-US;q=0.3,en;q=0.2',
  'accept' => 'image/webp,*/*',
  'user-agent' => 'Mozilla/5.0 (Windows NT 10.0; WOW64; rv:66.0) Gecko/20100101 Firefox/66.0',
  'host' => 'app.freestylewxy.cn',
  'content-type' => '',
  'content-length' => '',
)
[ info ] [ PARAM ] array (
  'id' => NULL,
)
[ info ] [ RUN ] think\captcha\CaptchaController->index[ /home/www/chenganxjh/vendor/topthink/think-captcha/src/CaptchaController.php ]
[ info ] [ SESSION ] INIT array (
  'id' => '',
  'var_session_id' => '',
  'prefix' => 'think',
  'type' => '',
  'auto_start' => true,
)
[ info ] [ LOG ] INIT File
---------------------------------------------------------------
[ 2019-06-03T14:23:04+08:00 ] 172.17.144.244 39.155.208.194 POST /School/login/index.html
[ info ] app.freestylewxy.cn/School/login/index.html [运行时间：0.028105s][吞吐率：35.58req/s] [内存消耗：2,984.17kb] [文件加载：65]
[ info ] [ LANG ] /home/www/chenganxjh/thinkphp/lang/zh-cn.php
[ info ] [ ROUTE ] array (
  'type' => 'module',
  'module' => 
  array (
    0 => 'School',
    1 => 'login',
    2 => 'index',
  ),
)
[ info ] [ HEADER ] array (
  'upgrade-insecure-requests' => '1',
  'cookie' => 'PHPSESSID=r6lkrcsmilokk0s80i0jdv2os7',
  'connection' => 'keep-alive',
  'content-length' => '51',
  'content-type' => 'application/x-www-form-urlencoded',
  'referer' => 'http://app.freestylewxy.cn/School/login/index.html',
  'accept-encoding' => 'gzip, deflate',
  'accept-language' => 'zh-CN,zh;q=0.8,zh-TW;q=0.7,zh-HK;q=0.5,en-US;q=0.3,en;q=0.2',
  'accept' => 'text/html,application/xhtml+xml,application/xml;q=0.9,*/*;q=0.8',
  'user-agent' => 'Mozilla/5.0 (Windows NT 10.0; WOW64; rv:66.0) Gecko/20100101 Firefox/66.0',
  'host' => 'app.freestylewxy.cn',
)
[ info ] [ PARAM ] array (
  'admin_name' => 'fsxjh',
  'admin_password' => '123456',
  'captcha' => 'HQFG',
)
[ info ] [ LANG ] /home/www/chenganxjh/public/../application/school/lang/zh-cn.php
[ info ] [ RUN ] app\school\controller\Login->index[ /home/www/chenganxjh/application/school/controller/Login.php ]
[ info ] [ SESSION ] INIT array (
  'id' => '',
  'var_session_id' => '',
  'prefix' => 'think',
  'type' => '',
  'auto_start' => true,
)
[ info ] [ DB ] INIT mysql
[ info ] [ CACHE ] INIT File
[ info ] [ VIEW ] /home/www/chenganxjh/public/../application/school/view/public/dispatch_jump.html [ array (
  0 => 'code',
  1 => 'msg',
  2 => 'data',
  3 => 'url',
  4 => 'wait',
) ]
[ info ] [ LOG ] INIT File
[ sql ] [ DB ] CONNECT:[ UseTime:0.000480s ] mysql:host=127.0.0.1;port=3306;dbname=xjh;charset=utf8mb4
[ sql ] [ SQL ] SHOW COLUMNS FROM `x_admin` [ RunTime:0.000748s ]
[ sql ] [ SQL ] SELECT * FROM `x_admin` WHERE  `admin_name` = 'fsxjh'  AND `admin_password` = 'e10adc3949ba59abbe56e057f20f883e'  AND `admin_del_status` = 1 LIMIT 1 [ RunTime:0.000423s ]
[ sql ] [ SQL ] UPDATE `x_admin`  SET `admin_login_num`=63,`admin_login_time`=1559542984  WHERE  `admin_id` = 6 [ RunTime:0.003009s ]
---------------------------------------------------------------
[ 2019-06-03T14:23:07+08:00 ] 172.17.144.244 39.155.208.194 GET /school/index/index.html
[ info ] app.freestylewxy.cn/school/index/index.html [运行时间：0.032870s][吞吐率：30.42req/s] [内存消耗：3,336.85kb] [文件加载：67]
[ info ] [ LANG ] /home/www/chenganxjh/thinkphp/lang/zh-cn.php
[ info ] [ ROUTE ] array (
  'type' => 'module',
  'module' => 
  array (
    0 => 'school',
    1 => 'index',
    2 => 'index',
  ),
)
[ info ] [ HEADER ] array (
  'upgrade-insecure-requests' => '1',
  'cookie' => 'now_location_module=school; now_location_controller=Classes; now_location_action=index; PHPSESSID=r6lkrcsmilokk0s80i0jdv2os7',
  'connection' => 'keep-alive',
  'referer' => 'http://app.freestylewxy.cn/School/login/index.html',
  'accept-encoding' => 'gzip, deflate',
  'accept-language' => 'zh-CN,zh;q=0.8,zh-TW;q=0.7,zh-HK;q=0.5,en-US;q=0.3,en;q=0.2',
  'accept' => 'text/html,application/xhtml+xml,application/xml;q=0.9,*/*;q=0.8',
  'user-agent' => 'Mozilla/5.0 (Windows NT 10.0; WOW64; rv:66.0) Gecko/20100101 Firefox/66.0',
  'host' => 'app.freestylewxy.cn',
  'content-type' => '',
  'content-length' => '',
)
[ info ] [ PARAM ] array (
)
[ info ] [ LANG ] /home/www/chenganxjh/public/../application/school/lang/zh-cn.php
[ info ] [ SESSION ] INIT array (
  'id' => '',
  'var_session_id' => '',
  'prefix' => 'think',
  'type' => '',
  'auto_start' => true,
)
[ info ] [ CACHE ] INIT File
[ info ] [ DB ] INIT mysql
[ info ] [ LANG ] /home/www/chenganxjh/public/../application/school/lang/zh-cn/index.lang.php
[ info ] [ RUN ] app\school\controller\Index->index[ /home/www/chenganxjh/application/school/controller/Index.php ]
[ info ] [ VIEW ] /home/www/chenganxjh/public/../application/school/view/index/index.html [ array (
  0 => 'menu_list',
  1 => 'admin_info',
) ]
[ info ] [ LOG ] INIT File
[ sql ] [ DB ] CONNECT:[ UseTime:0.000421s ] mysql:host=127.0.0.1;port=3306;dbname=xjh;charset=utf8mb4
[ sql ] [ SQL ] SHOW COLUMNS FROM `x_config` [ RunTime:0.000596s ]
[ sql ] [ SQL ] SELECT * FROM `x_config` [ RunTime:0.000494s ]
[ sql ] [ SQL ] SHOW COLUMNS FROM `x_gadmin` [ RunTime:0.000458s ]
[ sql ] [ SQL ] SELECT * FROM `x_gadmin` WHERE  `gid` = 5 LIMIT 1 [ RunTime:0.000239s ]
[ sql ] [ SQL ] SHOW COLUMNS FROM `x_perms` [ RunTime:0.000451s ]
[ sql ] [ SQL ] SELECT * FROM `x_perms` WHERE  `pid` = 0  AND `status` = 1 [ RunTime:0.000310s ]
[ sql ] [ SQL ] SELECT * FROM `x_perms` WHERE  `pid` = 1  AND `status` = 1 [ RunTime:0.000230s ]
[ sql ] [ SQL ] SELECT * FROM `x_perms` WHERE  `pid` = 3  AND `status` = 1 [ RunTime:0.000277s ]
[ sql ] [ SQL ] SELECT * FROM `x_perms` WHERE  `pid` = 23  AND `status` = 1 [ RunTime:0.000223s ]
[ sql ] [ SQL ] SELECT * FROM `x_perms` WHERE  `pid` = 24  AND `status` = 1 [ RunTime:0.000215s ]
[ sql ] [ SQL ] SELECT * FROM `x_perms` WHERE  `pid` = 27  AND `status` = 1 [ RunTime:0.000269s ]
[ sql ] [ SQL ] SELECT * FROM `x_perms` WHERE  `pid` = 31  AND `status` = 1 [ RunTime:0.000239s ]
[ sql ] [ SQL ] SELECT * FROM `x_perms` WHERE  `pid` = 42  AND `status` = 1 [ RunTime:0.000240s ]
[ sql ] [ SQL ] SELECT * FROM `x_perms` WHERE  `pid` = 47  AND `status` = 1 [ RunTime:0.000236s ]
[ sql ] [ SQL ] SELECT * FROM `x_perms` WHERE  `pid` = 106  AND `status` = 1 [ RunTime:0.000223s ]
[ sql ] [ SQL ] SELECT * FROM `x_perms` WHERE  `pid` = 121  AND `status` = 1 [ RunTime:0.000237s ]
[ sql ] [ SQL ] SELECT * FROM `x_perms` WHERE  `pid` = 135  AND `status` = 1 [ RunTime:0.000237s ]
---------------------------------------------------------------
[ 2019-06-03T14:23:07+08:00 ] 172.17.144.244 39.155.208.194 GET /school/Dashboard/index.html
[ info ] app.freestylewxy.cn/school/Dashboard/index.html [运行时间：0.039050s][吞吐率：25.61req/s] [内存消耗：3,408.89kb] [文件加载：69]
[ info ] [ LANG ] /home/www/chenganxjh/thinkphp/lang/zh-cn.php
[ info ] [ ROUTE ] array (
  'type' => 'module',
  'module' => 
  array (
    0 => 'school',
    1 => 'Dashboard',
    2 => 'index',
  ),
)
[ info ] [ HEADER ] array (
  'upgrade-insecure-requests' => '1',
  'cookie' => 'PHPSESSID=r6lkrcsmilokk0s80i0jdv2os7',
  'connection' => 'keep-alive',
  'referer' => 'http://app.freestylewxy.cn/school/index/index.html',
  'accept-encoding' => 'gzip, deflate',
  'accept-language' => 'zh-CN,zh;q=0.8,zh-TW;q=0.7,zh-HK;q=0.5,en-US;q=0.3,en;q=0.2',
  'accept' => 'text/html,application/xhtml+xml,application/xml;q=0.9,*/*;q=0.8',
  'user-agent' => 'Mozilla/5.0 (Windows NT 10.0; WOW64; rv:66.0) Gecko/20100101 Firefox/66.0',
  'host' => 'app.freestylewxy.cn',
  'content-type' => '',
  'content-length' => '',
)
[ info ] [ PARAM ] array (
)
[ info ] [ LANG ] /home/www/chenganxjh/public/../application/school/lang/zh-cn.php
[ info ] [ SESSION ] INIT array (
  'id' => '',
  'var_session_id' => '',
  'prefix' => 'think',
  'type' => '',
  'auto_start' => true,
)
[ info ] [ CACHE ] INIT File
[ info ] [ DB ] INIT mysql
[ info ] [ LANG ] /home/www/chenganxjh/public/../application/school/lang/zh-cn/dashboard.lang.php
[ info ] [ RUN ] app\school\controller\Dashboard->index[ /home/www/chenganxjh/application/school/controller/Dashboard.php ]
[ info ] [ VIEW ] /home/www/chenganxjh/public/../application/school/view/dashboard/welcome.html [ array (
  0 => 'menu_list',
  1 => 'statistics',
  2 => 'admin_info',
  3 => 'admin_item',
  4 => 'curitem',
) ]
[ info ] [ LOG ] INIT File
[ sql ] [ DB ] CONNECT:[ UseTime:0.000387s ] mysql:host=127.0.0.1;port=3306;dbname=xjh;charset=utf8mb4
[ sql ] [ SQL ] SHOW COLUMNS FROM `x_gadmin` [ RunTime:0.000759s ]
[ sql ] [ SQL ] SELECT * FROM `x_gadmin` WHERE  `gid` = 5 LIMIT 1 [ RunTime:0.000298s ]
[ sql ] [ SQL ] SHOW COLUMNS FROM `x_perms` [ RunTime:0.000582s ]
[ sql ] [ SQL ] SELECT * FROM `x_perms` WHERE  `pid` = 0  AND `status` = 1 [ RunTime:0.000323s ]
[ sql ] [ SQL ] SELECT * FROM `x_perms` WHERE  `pid` = 1  AND `status` = 1 [ RunTime:0.000274s ]
[ sql ] [ SQL ] SELECT * FROM `x_perms` WHERE  `pid` = 3  AND `status` = 1 [ RunTime:0.000329s ]
[ sql ] [ SQL ] SELECT * FROM `x_perms` WHERE  `pid` = 23  AND `status` = 1 [ RunTime:0.000292s ]
[ sql ] [ SQL ] SELECT * FROM `x_perms` WHERE  `pid` = 24  AND `status` = 1 [ RunTime:0.000259s ]
[ sql ] [ SQL ] SELECT * FROM `x_perms` WHERE  `pid` = 27  AND `status` = 1 [ RunTime:0.000288s ]
[ sql ] [ SQL ] SELECT * FROM `x_perms` WHERE  `pid` = 31  AND `status` = 1 [ RunTime:0.000288s ]
[ sql ] [ SQL ] SELECT * FROM `x_perms` WHERE  `pid` = 42  AND `status` = 1 [ RunTime:0.000263s ]
[ sql ] [ SQL ] SELECT * FROM `x_perms` WHERE  `pid` = 47  AND `status` = 1 [ RunTime:0.000271s ]
[ sql ] [ SQL ] SELECT * FROM `x_perms` WHERE  `pid` = 106  AND `status` = 1 [ RunTime:0.000262s ]
[ sql ] [ SQL ] SELECT * FROM `x_perms` WHERE  `pid` = 121  AND `status` = 1 [ RunTime:0.000294s ]
[ sql ] [ SQL ] SELECT * FROM `x_perms` WHERE  `pid` = 135  AND `status` = 1 [ RunTime:0.000270s ]
[ sql ] [ SQL ] select version() as ver [ RunTime:0.000137s ]
[ error ] [8]未定义变量: version_message[/home/www/chenganxjh/runtime/temp/261ca348350341ba566cf2ebd58a6835.php:60]
---------------------------------------------------------------
[ 2019-06-03T14:23:07+08:00 ] 172.17.144.244 39.155.208.194 GET /index.php/school/Classes/index/
[ info ] app.freestylewxy.cn/index.php/school/Classes/index/ [运行时间：0.056468s][吞吐率：17.71req/s] [内存消耗：3,741.13kb] [文件加载：76]
[ info ] [ LANG ] /home/www/chenganxjh/thinkphp/lang/zh-cn.php
[ info ] [ ROUTE ] array (
  'type' => 'module',
  'module' => 
  array (
    0 => 'school',
    1 => 'Classes',
    2 => 'index',
  ),
)
[ info ] [ HEADER ] array (
  'upgrade-insecure-requests' => '1',
  'cookie' => 'PHPSESSID=r6lkrcsmilokk0s80i0jdv2os7',
  'connection' => 'keep-alive',
  'referer' => 'http://app.freestylewxy.cn/school/index/index.html',
  'accept-encoding' => 'gzip, deflate',
  'accept-language' => 'zh-CN,zh;q=0.8,zh-TW;q=0.7,zh-HK;q=0.5,en-US;q=0.3,en;q=0.2',
  'accept' => 'text/html,application/xhtml+xml,application/xml;q=0.9,*/*;q=0.8',
  'user-agent' => 'Mozilla/5.0 (Windows NT 10.0; WOW64; rv:66.0) Gecko/20100101 Firefox/66.0',
  'host' => 'app.freestylewxy.cn',
  'content-type' => '',
  'content-length' => '',
)
[ info ] [ PARAM ] array (
)
[ info ] [ LANG ] /home/www/chenganxjh/public/../application/school/lang/zh-cn.php
[ info ] [ SESSION ] INIT array (
  'id' => '',
  'var_session_id' => '',
  'prefix' => 'think',
  'type' => '',
  'auto_start' => true,
)
[ info ] [ CACHE ] INIT File
[ info ] [ DB ] INIT mysql
[ info ] [ LANG ] /home/www/chenganxjh/public/../application/school/lang/zh-cn/school.lang.php
[ info ] [ LANG ] /home/www/chenganxjh/public/../application/school/lang/zh-cn/admin.lang.php
[ info ] [ RUN ] app\school\controller\Classes->index[ /home/www/chenganxjh/application/school/controller/Classes.php ]
[ info ] [ VIEW ] /home/www/chenganxjh/public/../application/school/view/classes/index.html [ array (
  0 => 'menu_list',
  1 => 'action',
  2 => 'region_list',
  3 => 'address',
  4 => 'schooltype',
  5 => 'page',
  6 => 'schoolList',
  7 => 'class_list',
  8 => 'classname',
  9 => 'admin_item',
  10 => 'curitem',
) ]
[ info ] [ LOG ] INIT File
[ sql ] [ DB ] CONNECT:[ UseTime:0.000363s ] mysql:host=127.0.0.1;port=3306;dbname=xjh;charset=utf8mb4
[ sql ] [ SQL ] SHOW COLUMNS FROM `x_gadmin` [ RunTime:0.000567s ]
[ sql ] [ SQL ] SELECT * FROM `x_gadmin` WHERE  `gid` = 5 LIMIT 1 [ RunTime:0.000279s ]
[ sql ] [ SQL ] SHOW COLUMNS FROM `x_perms` [ RunTime:0.000439s ]
[ sql ] [ SQL ] SELECT * FROM `x_perms` WHERE  `pid` = 0  AND `status` = 1 [ RunTime:0.000270s ]
[ sql ] [ SQL ] SELECT * FROM `x_perms` WHERE  `pid` = 1  AND `status` = 1 [ RunTime:0.000227s ]
[ sql ] [ SQL ] SELECT * FROM `x_perms` WHERE  `pid` = 3  AND `status` = 1 [ RunTime:0.000286s ]
[ sql ] [ SQL ] SELECT * FROM `x_perms` WHERE  `pid` = 23  AND `status` = 1 [ RunTime:0.000225s ]
[ sql ] [ SQL ] SELECT * FROM `x_perms` WHERE  `pid` = 24  AND `status` = 1 [ RunTime:0.000226s ]
[ sql ] [ SQL ] SELECT * FROM `x_perms` WHERE  `pid` = 27  AND `status` = 1 [ RunTime:0.000253s ]
[ sql ] [ SQL ] SELECT * FROM `x_perms` WHERE  `pid` = 31  AND `status` = 1 [ RunTime:0.000263s ]
[ sql ] [ SQL ] SELECT * FROM `x_perms` WHERE  `pid` = 42  AND `status` = 1 [ RunTime:0.000251s ]
[ sql ] [ SQL ] SELECT * FROM `x_perms` WHERE  `pid` = 47  AND `status` = 1 [ RunTime:0.000242s ]
[ sql ] [ SQL ] SELECT * FROM `x_perms` WHERE  `pid` = 106  AND `status` = 1 [ RunTime:0.000226s ]
[ sql ] [ SQL ] SELECT * FROM `x_perms` WHERE  `pid` = 121  AND `status` = 1 [ RunTime:0.005362s ]
[ sql ] [ SQL ] SELECT * FROM `x_perms` WHERE  `pid` = 135  AND `status` = 1 [ RunTime:0.000254s ]
[ sql ] [ SQL ] SELECT `permid` FROM `x_perms` WHERE  (   name='classes' AND pid !=0 AND status=1 ) LIMIT 1 [ RunTime:0.000325s ]
[ sql ] [ SQL ] SHOW COLUMNS FROM `x_roleperms` [ RunTime:0.000415s ]
[ sql ] [ SQL ] SELECT `action` FROM `x_roleperms` WHERE  (   roleid=5 AND permsid=29 ) LIMIT 1 [ RunTime:0.000227s ]
[ sql ] [ SQL ] SHOW COLUMNS FROM `x_class` [ RunTime:0.000542s ]
[ sql ] [ SQL ] SELECT COUNT(*) AS tp_count FROM `x_class` `c` LEFT JOIN `x_position` `po` ON `po`.`id`=`c`.`position_id` WHERE  `schoolid` = 1  AND `isdel` = 1 LIMIT 1 [ RunTime:0.000321s ]
[ sql ] [ SQL ] SELECT `c`.*,`po`.`position` FROM `x_class` `c` LEFT JOIN `x_position` `po` ON `po`.`id`=`c`.`position_id` WHERE  `schoolid` = 1  AND `isdel` = 1 ORDER BY classid desc LIMIT 0,15 [ RunTime:0.000366s ]
[ sql ] [ SQL ] SHOW COLUMNS FROM `x_area` [ RunTime:0.000472s ]
[ sql ] [ SQL ] SELECT * FROM `x_area` WHERE  `area_parent_id` = 0 [ RunTime:0.000448s ]
[ sql ] [ SQL ] SHOW COLUMNS FROM `x_schooltype` [ RunTime:0.000435s ]
[ sql ] [ SQL ] SELECT * FROM `x_schooltype` WHERE  `sc_enabled` = 1 ORDER BY sc_sort asc [ RunTime:0.000241s ]
[ sql ] [ SQL ] SHOW COLUMNS FROM `x_school` [ RunTime:0.000486s ]
[ sql ] [ SQL ] SELECT `schoolid`,`name` FROM `x_school` WHERE  `schoolid` = 1 [ RunTime:0.000198s ]
[ sql ] [ SQL ] SELECT `sc_id`,`sc_type` FROM `x_schooltype` [ RunTime:0.000172s ]
[ sql ] [ SQL ] SELECT * FROM `x_class` WHERE  `schoolid` = 1  AND `isdel` = 1 [ RunTime:0.000275s ]
[ error ] [8]Only variables should be passed by reference[/home/www/chenganxjh/application/school/controller/Classes.php:15]
[ error ] [8]未定义数组索引: page[/home/www/chenganxjh/runtime/temp/08bd312129a1660abeabd5ca9b546943.php:150]
[ error ] [8]未定义数组索引: page[/home/www/chenganxjh/runtime/temp/08bd312129a1660abeabd5ca9b546943.php:150]
---------------------------------------------------------------
[ 2019-06-03T15:17:35+08:00 ] 172.17.144.244 39.155.208.194 POST /index.php/school/Common/get_school_info?school=1&grade=%E5%B9%BC%E5%84%BF%E5%9B%AD
[ info ] app.freestylewxy.cn/index.php/school/Common/get_school_info?school=1&grade=%E5%B9%BC%E5%84%BF%E5%9B%AD [运行时间：0.031512s][吞吐率：31.73req/s] [内存消耗：3,087.41kb] [文件加载：61]
[ info ] [ LANG ] /home/www/chenganxjh/thinkphp/lang/zh-cn.php
[ info ] [ ROUTE ] array (
  'type' => 'module',
  'module' => 
  array (
    0 => 'school',
    1 => 'Common',
    2 => 'get_school_info',
  ),
)
[ info ] [ HEADER ] array (
  'cookie' => 'PHPSESSID=tpl5gbtl5un1hb132uc3dueu81; __guid=268385630.4595398619832761000.1559268134423.517',
  'accept-language' => 'zh-CN,zh;q=0.8',
  'accept-encoding' => 'gzip, deflate',
  'referer' => 'http://app.freestylewxy.cn/index.php/school/Camera/entered/',
  'user-agent' => 'Mozilla/5.0 (Windows NT 10.0; WOW64) AppleWebKit/537.36 (KHTML, like Gecko) Chrome/55.0.2883.87 Safari/537.36',
  'x-requested-with' => 'XMLHttpRequest',
  'origin' => 'http://app.freestylewxy.cn',
  'accept' => '*/*',
  'content-length' => '0',
  'connection' => 'keep-alive',
  'host' => 'app.freestylewxy.cn',
  'content-type' => '',
)
[ info ] [ PARAM ] array (
  'school' => '1',
  'grade' => '幼儿园',
)
[ info ] [ LANG ] /home/www/chenganxjh/public/../application/school/lang/zh-cn.php
[ info ] [ SESSION ] INIT array (
  'id' => '',
  'var_session_id' => '',
  'prefix' => 'think',
  'type' => '',
  'auto_start' => true,
)
[ info ] [ CACHE ] INIT File
[ info ] [ DB ] INIT mysql
[ info ] [ RUN ] app\school\controller\Common->get_school_info[ /home/www/chenganxjh/application/school/controller/Common.php ]
[ info ] [ LOG ] INIT File
[ sql ] [ DB ] CONNECT:[ UseTime:0.000432s ] mysql:host=127.0.0.1;port=3306;dbname=xjh;charset=utf8mb4
[ sql ] [ SQL ] SHOW COLUMNS FROM `x_gadmin` [ RunTime:0.000735s ]
[ sql ] [ SQL ] SELECT * FROM `x_gadmin` WHERE  `gid` = 5 LIMIT 1 [ RunTime:0.000316s ]
[ sql ] [ SQL ] SHOW COLUMNS FROM `x_perms` [ RunTime:0.000468s ]
[ sql ] [ SQL ] SELECT * FROM `x_perms` WHERE  `pid` = 0  AND `status` = 1 [ RunTime:0.000304s ]
[ sql ] [ SQL ] SELECT * FROM `x_perms` WHERE  `pid` = 1  AND `status` = 1 [ RunTime:0.000242s ]
[ sql ] [ SQL ] SELECT * FROM `x_perms` WHERE  `pid` = 3  AND `status` = 1 [ RunTime:0.000293s ]
[ sql ] [ SQL ] SELECT * FROM `x_perms` WHERE  `pid` = 23  AND `status` = 1 [ RunTime:0.000229s ]
[ sql ] [ SQL ] SELECT * FROM `x_perms` WHERE  `pid` = 24  AND `status` = 1 [ RunTime:0.000248s ]
[ sql ] [ SQL ] SELECT * FROM `x_perms` WHERE  `pid` = 27  AND `status` = 1 [ RunTime:0.000234s ]
[ sql ] [ SQL ] SELECT * FROM `x_perms` WHERE  `pid` = 31  AND `status` = 1 [ RunTime:0.000242s ]
[ sql ] [ SQL ] SELECT * FROM `x_perms` WHERE  `pid` = 42  AND `status` = 1 [ RunTime:0.000259s ]
[ sql ] [ SQL ] SELECT * FROM `x_perms` WHERE  `pid` = 47  AND `status` = 1 [ RunTime:0.000241s ]
[ sql ] [ SQL ] SELECT * FROM `x_perms` WHERE  `pid` = 106  AND `status` = 1 [ RunTime:0.000227s ]
[ sql ] [ SQL ] SELECT * FROM `x_perms` WHERE  `pid` = 121  AND `status` = 1 [ RunTime:0.000255s ]
[ sql ] [ SQL ] SELECT * FROM `x_perms` WHERE  `pid` = 135  AND `status` = 1 [ RunTime:0.000237s ]
[ sql ] [ SQL ] SHOW COLUMNS FROM `x_schooltype` [ RunTime:0.000450s ]
[ sql ] [ SQL ] SELECT `sc_id`,`sc_type` FROM `x_schooltype` WHERE  `sc_type` = '幼儿园' LIMIT 1 [ RunTime:0.000223s ]
[ sql ] [ SQL ] SHOW COLUMNS FROM `x_class` [ RunTime:0.000487s ]
[ sql ] [ SQL ] SELECT `classid`,`classname` FROM `x_class` WHERE  `schoolid` = 1  AND `typeid` = 1 [ RunTime:0.000235s ]
[ sql ] [ SQL ] SHOW COLUMNS FROM `x_school` [ RunTime:0.000487s ]
[ sql ] [ SQL ] SELECT `typeid` FROM `x_school` WHERE  `schoolid` = 1 LIMIT 1 [ RunTime:0.000202s ]
[ sql ] [ SQL ] SELECT `sc_id`,`sc_type` FROM `x_schooltype` WHERE  (  sc_id = "1" ) ORDER BY sc_sort ASC LIMIT 1 [ RunTime:0.000216s ]
---------------------------------------------------------------
[ 2019-06-03T15:48:29+08:00 ] 172.17.144.244 80.82.70.187 GET /cache/global/img/gs.gif
[ info ] www.baidu.com/cache/global/img/gs.gif [运行时间：0.014510s][吞吐率：68.92req/s] [内存消耗：1,782.66kb] [文件加载：44]
[ info ] [ LANG ] /home/www/chenganxjh/thinkphp/lang/zh-cn.php
[ info ] [ ROUTE ] array (
  'type' => 'module',
  'module' => 
  array (
    0 => 'cache',
    1 => 'global',
    2 => 'img',
  ),
)
[ info ] [ HEADER ] array (
  'if-modified-since' => 'Thu, 19 Apr 2012 09:51:20 GMT',
  'user-agent' => 'Mozilla',
  'host' => 'www.baidu.com',
  'content-type' => '',
  'content-length' => '',
)
[ info ] [ PARAM ] array (
)
[ info ] [ LOG ] INIT File
---------------------------------------------------------------
[ 2019-06-03T22:45:35+08:00 ] 172.17.144.244 61.244.30.25 GET /phpmyadmin/
[ info ] 39.107.140.181/phpmyadmin/ [运行时间：0.014124s][吞吐率：70.80req/s] [内存消耗：1,782.36kb] [文件加载：44]
[ info ] [ LANG ] /home/www/chenganxjh/thinkphp/lang/zh-cn.php
[ info ] [ ROUTE ] array (
  'type' => 'module',
  'module' => 
  array (
    0 => 'phpmyadmin',
    1 => NULL,
    2 => NULL,
  ),
)
[ info ] [ HEADER ] array (
  'connection' => 'Keep-Alive',
  'host' => '39.107.140.181',
  'content-type' => '',
  'content-length' => '',
)
[ info ] [ PARAM ] array (
)
[ info ] [ LOG ] INIT File
---------------------------------------------------------------
[ 2019-06-03T23:34:42+08:00 ] 172.17.144.244 101.132.182.68 GET /
[ info ] 39.107.140.181/ [运行时间：0.017604s][吞吐率：56.80req/s] [内存消耗：2,261.20kb] [文件加载：58]
[ info ] [ LANG ] /home/www/chenganxjh/thinkphp/lang/zh-cn.php
[ info ] [ ROUTE ] array (
  'type' => 'module',
  'module' => 
  array (
    0 => '',
    1 => NULL,
    2 => NULL,
  ),
)
[ info ] [ HEADER ] array (
  'connection' => 'keep-alive',
  'accept' => 'text/html, image/gif, image/jpeg, *; q=.2, */*; q=.2',
  'host' => '39.107.140.181',
  'user-agent' => 'Mozilla/5.0 (Linux; Android 4.1.1; Nexus 7 Build/JRO03D))',
  'content-type' => '',
  'content-length' => '',
)
[ info ] [ PARAM ] array (
)
[ info ] [ LANG ] /home/www/chenganxjh/public/../application/admin/lang/zh-cn.php
[ info ] [ SESSION ] INIT array (
  'id' => '',
  'var_session_id' => '',
  'prefix' => 'think',
  'type' => '',
  'auto_start' => true,
)
[ info ] [ LOG ] INIT File
[ error ] [2]Declaration of app\admin\controller\Index::_initialize() should be compatible with app\admin\controller\AdminControl::_initialize($ControllerNmae = '')[/home/www/chenganxjh/application/admin/controller/Index.php:8]
---------------------------------------------------------------
[ 2019-06-03T23:34:42+08:00 ] 172.17.144.244 101.132.182.68 GET /Admin/login/index.html
[ info ] 39.107.140.181/Admin/login/index.html [运行时间：0.017328s][吞吐率：57.71req/s] [内存消耗：2,167.22kb] [文件加载：53]
[ info ] [ LANG ] /home/www/chenganxjh/thinkphp/lang/zh-cn.php
[ info ] [ ROUTE ] array (
  'type' => 'module',
  'module' => 
  array (
    0 => 'Admin',
    1 => 'login',
    2 => 'index',
  ),
)
[ info ] [ HEADER ] array (
  'connection' => 'keep-alive',
  'accept' => 'text/html, image/gif, image/jpeg, *; q=.2, */*; q=.2',
  'host' => '39.107.140.181',
  'user-agent' => 'Mozilla/5.0 (Linux; Android 4.1.1; Nexus 7 Build/JRO03D))',
  'content-type' => '',
  'content-length' => '',
)
[ info ] [ PARAM ] array (
)
[ info ] [ LANG ] /home/www/chenganxjh/public/../application/admin/lang/zh-cn.php
[ info ] [ RUN ] app\admin\controller\Login->index[ /home/www/chenganxjh/application/admin/controller/Login.php ]
[ info ] [ SESSION ] INIT array (
  'id' => '',
  'var_session_id' => '',
  'prefix' => 'think',
  'type' => '',
  'auto_start' => true,
)
[ info ] [ VIEW ] /home/www/chenganxjh/public/../application/admin/view/login/index.html [ array (
) ]
[ info ] [ LOG ] INIT File
