---------------------------------------------------------------
[ 2019-06-16T00:48:01+08:00 ] 172.17.144.244 91.187.115.9 GET /
[ info ] 39.107.140.181:80/ [运行时间：0.019029s][吞吐率：52.55req/s] [内存消耗：2,261.30kb] [文件加载：58]
[ info ] [ LANG ] /home/www/chenganxjh/thinkphp/lang/zh-cn.php
[ info ] [ ROUTE ] array (
  'type' => 'module',
  'module' => 
  array (
    0 => '',
    1 => NULL,
    2 => NULL,
  ),
)
[ info ] [ HEADER ] array (
  'content-length' => '0',
  'user-agent' => 'Mozilla/5.0 (Macintosh; Intel Mac OS X 10_11_6) AppleWebKit/601.7.7 (KHTML, like Gecko) Version/9.1.2 Safari/601.7.7',
  'host' => '39.107.140.181:80',
  'content-type' => '',
)
[ info ] [ PARAM ] array (
)
[ info ] [ LANG ] /home/www/chenganxjh/public/../application/admin/lang/zh-cn.php
[ info ] [ SESSION ] INIT array (
  'id' => '',
  'var_session_id' => '',
  'prefix' => 'think',
  'type' => '',
  'auto_start' => true,
)
[ info ] [ LOG ] INIT File
[ error ] [2]Declaration of app\admin\controller\Index::_initialize() should be compatible with app\admin\controller\AdminControl::_initialize($ControllerNmae = '')[/home/www/chenganxjh/application/admin/controller/Index.php:8]
---------------------------------------------------------------
[ 2019-06-16T03:40:53+08:00 ] 172.17.144.244 36.92.60.90 GET /
[ info ] 39.107.140.181:80/ [运行时间：0.018101s][吞吐率：55.25req/s] [内存消耗：2,261.31kb] [文件加载：58]
[ info ] [ LANG ] /home/www/chenganxjh/thinkphp/lang/zh-cn.php
[ info ] [ ROUTE ] array (
  'type' => 'module',
  'module' => 
  array (
    0 => '',
    1 => NULL,
    2 => NULL,
  ),
)
[ info ] [ HEADER ] array (
  'content-length' => '0',
  'user-agent' => 'Mozilla/5.0 (Windows NT 10.0; WOW64) AppleWebKit/537.36 (KHTML, like Gecko) Chrome/52.0.2743.116 Safari/537.36',
  'host' => '39.107.140.181:80',
  'content-type' => '',
)
[ info ] [ PARAM ] array (
)
[ info ] [ LANG ] /home/www/chenganxjh/public/../application/admin/lang/zh-cn.php
[ info ] [ SESSION ] INIT array (
  'id' => '',
  'var_session_id' => '',
  'prefix' => 'think',
  'type' => '',
  'auto_start' => true,
)
[ info ] [ LOG ] INIT File
[ error ] [2]Declaration of app\admin\controller\Index::_initialize() should be compatible with app\admin\controller\AdminControl::_initialize($ControllerNmae = '')[/home/www/chenganxjh/application/admin/controller/Index.php:8]
---------------------------------------------------------------
[ 2019-06-16T04:09:41+08:00 ] 172.17.144.244 47.96.12.13 GET /
[ info ] www.tongsafe.com/ [运行时间：0.018760s][吞吐率：53.31req/s] [内存消耗：2,261.38kb] [文件加载：58]
[ info ] [ LANG ] /home/www/chenganxjh/thinkphp/lang/zh-cn.php
[ info ] [ ROUTE ] array (
  'type' => 'module',
  'module' => 
  array (
    0 => '',
    1 => NULL,
    2 => NULL,
  ),
)
[ info ] [ HEADER ] array (
  'connection' => 'keep-alive',
  'accept' => 'text/html, image/gif, image/jpeg, *; q=.2, */*; q=.2',
  'host' => 'www.tongsafe.com',
  'user-agent' => 'Mozilla/5.0 (iPhone; CPU iPhone OS 8_0_2 like Mac OS X)',
  'content-type' => '',
  'content-length' => '',
)
[ info ] [ PARAM ] array (
)
[ info ] [ LANG ] /home/www/chenganxjh/public/../application/admin/lang/zh-cn.php
[ info ] [ SESSION ] INIT array (
  'id' => '',
  'var_session_id' => '',
  'prefix' => 'think',
  'type' => '',
  'auto_start' => true,
)
[ info ] [ LOG ] INIT File
[ error ] [2]Declaration of app\admin\controller\Index::_initialize() should be compatible with app\admin\controller\AdminControl::_initialize($ControllerNmae = '')[/home/www/chenganxjh/application/admin/controller/Index.php:8]
---------------------------------------------------------------
[ 2019-06-16T04:09:41+08:00 ] 172.17.144.244 47.96.12.13 GET /Admin/login/index.html
[ info ] www.tongsafe.com/Admin/login/index.html [运行时间：0.017659s][吞吐率：56.63req/s] [内存消耗：2,167.38kb] [文件加载：53]
[ info ] [ LANG ] /home/www/chenganxjh/thinkphp/lang/zh-cn.php
[ info ] [ ROUTE ] array (
  'type' => 'module',
  'module' => 
  array (
    0 => 'Admin',
    1 => 'login',
    2 => 'index',
  ),
)
[ info ] [ HEADER ] array (
  'connection' => 'keep-alive',
  'accept' => 'text/html, image/gif, image/jpeg, *; q=.2, */*; q=.2',
  'host' => 'www.tongsafe.com',
  'user-agent' => 'Mozilla/5.0 (iPhone; CPU iPhone OS 8_0_2 like Mac OS X)',
  'content-type' => '',
  'content-length' => '',
)
[ info ] [ PARAM ] array (
)
[ info ] [ LANG ] /home/www/chenganxjh/public/../application/admin/lang/zh-cn.php
[ info ] [ RUN ] app\admin\controller\Login->index[ /home/www/chenganxjh/application/admin/controller/Login.php ]
[ info ] [ SESSION ] INIT array (
  'id' => '',
  'var_session_id' => '',
  'prefix' => 'think',
  'type' => '',
  'auto_start' => true,
)
[ info ] [ VIEW ] /home/www/chenganxjh/public/../application/admin/view/login/index.html [ array (
) ]
[ info ] [ LOG ] INIT File
---------------------------------------------------------------
[ 2019-06-16T04:28:31+08:00 ] 172.17.144.244 47.92.38.53 GET /
[ info ] www.tongsafe.com/ [运行时间：0.018169s][吞吐率：55.04req/s] [内存消耗：2,261.69kb] [文件加载：58]
[ info ] [ LANG ] /home/www/chenganxjh/thinkphp/lang/zh-cn.php
[ info ] [ ROUTE ] array (
  'type' => 'module',
  'module' => 
  array (
    0 => '',
    1 => NULL,
    2 => NULL,
  ),
)
[ info ] [ HEADER ] array (
  'connection' => 'keep-alive',
  'accept' => 'text/html, image/gif, image/jpeg, *; q=.2, */*; q=.2',
  'host' => 'www.tongsafe.com',
  'user-agent' => 'Mozilla/5.0 (X11; Ubuntu; Linux x86_64; rv:36.0) Gecko/20100101 Firefox/36.0',
  'content-type' => '',
  'content-length' => '',
)
[ info ] [ PARAM ] array (
)
[ info ] [ LANG ] /home/www/chenganxjh/public/../application/admin/lang/zh-cn.php
[ info ] [ SESSION ] INIT array (
  'id' => '',
  'var_session_id' => '',
  'prefix' => 'think',
  'type' => '',
  'auto_start' => true,
)
[ info ] [ LOG ] INIT File
[ error ] [2]Declaration of app\admin\controller\Index::_initialize() should be compatible with app\admin\controller\AdminControl::_initialize($ControllerNmae = '')[/home/www/chenganxjh/application/admin/controller/Index.php:8]
---------------------------------------------------------------
[ 2019-06-16T04:28:31+08:00 ] 172.17.144.244 47.92.38.53 GET /Admin/login/index.html
[ info ] www.tongsafe.com/Admin/login/index.html [运行时间：0.016692s][吞吐率：59.91req/s] [内存消耗：2,167.95kb] [文件加载：53]
[ info ] [ LANG ] /home/www/chenganxjh/thinkphp/lang/zh-cn.php
[ info ] [ ROUTE ] array (
  'type' => 'module',
  'module' => 
  array (
    0 => 'Admin',
    1 => 'login',
    2 => 'index',
  ),
)
[ info ] [ HEADER ] array (
  'connection' => 'keep-alive',
  'accept' => 'text/html, image/gif, image/jpeg, *; q=.2, */*; q=.2',
  'host' => 'www.tongsafe.com',
  'user-agent' => 'Mozilla/5.0 (X11; Ubuntu; Linux x86_64; rv:36.0) Gecko/20100101 Firefox/36.0',
  'content-type' => '',
  'content-length' => '',
)
[ info ] [ PARAM ] array (
)
[ info ] [ LANG ] /home/www/chenganxjh/public/../application/admin/lang/zh-cn.php
[ info ] [ RUN ] app\admin\controller\Login->index[ /home/www/chenganxjh/application/admin/controller/Login.php ]
[ info ] [ SESSION ] INIT array (
  'id' => '',
  'var_session_id' => '',
  'prefix' => 'think',
  'type' => '',
  'auto_start' => true,
)
[ info ] [ VIEW ] /home/www/chenganxjh/public/../application/admin/view/login/index.html [ array (
) ]
[ info ] [ LOG ] INIT File
---------------------------------------------------------------
[ 2019-06-16T06:52:43+08:00 ] 172.17.144.244 80.82.70.187 GET /cache/global/img/gs.gif
[ info ] www.baidu.com/cache/global/img/gs.gif [运行时间：0.015431s][吞吐率：64.80req/s] [内存消耗：1,782.66kb] [文件加载：44]
[ info ] [ LANG ] /home/www/chenganxjh/thinkphp/lang/zh-cn.php
[ info ] [ ROUTE ] array (
  'type' => 'module',
  'module' => 
  array (
    0 => 'cache',
    1 => 'global',
    2 => 'img',
  ),
)
[ info ] [ HEADER ] array (
  'if-modified-since' => 'Thu, 19 Apr 2012 09:51:20 GMT',
  'user-agent' => 'Mozilla',
  'host' => 'www.baidu.com',
  'content-type' => '',
  'content-length' => '',
)
[ info ] [ PARAM ] array (
)
[ info ] [ LOG ] INIT File
---------------------------------------------------------------
[ 2019-06-16T08:22:00+08:00 ] 172.17.144.244 179.176.23.122 GET /
[ info ] 39.107.140.181:80/ [运行时间：0.017766s][吞吐率：56.29req/s] [内存消耗：2,261.31kb] [文件加载：58]
[ info ] [ LANG ] /home/www/chenganxjh/thinkphp/lang/zh-cn.php
[ info ] [ ROUTE ] array (
  'type' => 'module',
  'module' => 
  array (
    0 => '',
    1 => NULL,
    2 => NULL,
  ),
)
[ info ] [ HEADER ] array (
  'content-length' => '0',
  'user-agent' => 'Mozilla/5.0 (Windows NT 10.0; WOW64) AppleWebKit/537.36 (KHTML, like Gecko) Chrome/51.0.2704.103 Safari/537.36',
  'host' => '39.107.140.181:80',
  'content-type' => '',
)
[ info ] [ PARAM ] array (
)
[ info ] [ LANG ] /home/www/chenganxjh/public/../application/admin/lang/zh-cn.php
[ info ] [ SESSION ] INIT array (
  'id' => '',
  'var_session_id' => '',
  'prefix' => 'think',
  'type' => '',
  'auto_start' => true,
)
[ info ] [ LOG ] INIT File
[ error ] [2]Declaration of app\admin\controller\Index::_initialize() should be compatible with app\admin\controller\AdminControl::_initialize($ControllerNmae = '')[/home/www/chenganxjh/application/admin/controller/Index.php:8]
---------------------------------------------------------------
[ 2019-06-16T08:33:16+08:00 ] 172.17.144.244 168.232.15.21 GET /
[ info ] 39.107.140.181:80/ [运行时间：0.017617s][吞吐率：56.76req/s] [内存消耗：2,261.31kb] [文件加载：58]
[ info ] [ LANG ] /home/www/chenganxjh/thinkphp/lang/zh-cn.php
[ info ] [ ROUTE ] array (
  'type' => 'module',
  'module' => 
  array (
    0 => '',
    1 => NULL,
    2 => NULL,
  ),
)
[ info ] [ HEADER ] array (
  'content-length' => '0',
  'user-agent' => 'Mozilla/5.0 (Windows NT 10.0; WOW64) AppleWebKit/537.36 (KHTML, like Gecko) Chrome/52.0.2743.116 Safari/537.36',
  'host' => '39.107.140.181:80',
  'content-type' => '',
)
[ info ] [ PARAM ] array (
)
[ info ] [ LANG ] /home/www/chenganxjh/public/../application/admin/lang/zh-cn.php
[ info ] [ SESSION ] INIT array (
  'id' => '',
  'var_session_id' => '',
  'prefix' => 'think',
  'type' => '',
  'auto_start' => true,
)
[ info ] [ LOG ] INIT File
[ error ] [2]Declaration of app\admin\controller\Index::_initialize() should be compatible with app\admin\controller\AdminControl::_initialize($ControllerNmae = '')[/home/www/chenganxjh/application/admin/controller/Index.php:8]
---------------------------------------------------------------
[ 2019-06-16T09:56:31+08:00 ] 172.17.144.244 152.250.236.18 GET /
[ info ] 39.107.140.181:80/ [运行时间：0.018858s][吞吐率：53.03req/s] [内存消耗：2,261.31kb] [文件加载：58]
[ info ] [ LANG ] /home/www/chenganxjh/thinkphp/lang/zh-cn.php
[ info ] [ ROUTE ] array (
  'type' => 'module',
  'module' => 
  array (
    0 => '',
    1 => NULL,
    2 => NULL,
  ),
)
[ info ] [ HEADER ] array (
  'content-length' => '0',
  'user-agent' => 'Mozilla/5.0 (Windows NT 6.1; WOW64) AppleWebKit/537.36 (KHTML, like Gecko) Chrome/51.0.2704.103 Safari/537.36',
  'host' => '39.107.140.181:80',
  'content-type' => '',
)
[ info ] [ PARAM ] array (
)
[ info ] [ LANG ] /home/www/chenganxjh/public/../application/admin/lang/zh-cn.php
[ info ] [ SESSION ] INIT array (
  'id' => '',
  'var_session_id' => '',
  'prefix' => 'think',
  'type' => '',
  'auto_start' => true,
)
[ info ] [ LOG ] INIT File
[ error ] [2]Declaration of app\admin\controller\Index::_initialize() should be compatible with app\admin\controller\AdminControl::_initialize($ControllerNmae = '')[/home/www/chenganxjh/application/admin/controller/Index.php:8]
---------------------------------------------------------------
[ 2019-06-16T09:56:32+08:00 ] 172.17.144.244 152.250.236.18 GET /
[ info ] 39.107.140.181:80/ [运行时间：0.018708s][吞吐率：53.45req/s] [内存消耗：2,261.31kb] [文件加载：58]
[ info ] [ LANG ] /home/www/chenganxjh/thinkphp/lang/zh-cn.php
[ info ] [ ROUTE ] array (
  'type' => 'module',
  'module' => 
  array (
    0 => '',
    1 => NULL,
    2 => NULL,
  ),
)
[ info ] [ HEADER ] array (
  'content-length' => '0',
  'user-agent' => 'Mozilla/5.0 (Windows NT 6.1; WOW64) AppleWebKit/537.36 (KHTML, like Gecko) Chrome/51.0.2704.103 Safari/537.36',
  'host' => '39.107.140.181:80',
  'content-type' => '',
)
[ info ] [ PARAM ] array (
)
[ info ] [ LANG ] /home/www/chenganxjh/public/../application/admin/lang/zh-cn.php
[ info ] [ SESSION ] INIT array (
  'id' => '',
  'var_session_id' => '',
  'prefix' => 'think',
  'type' => '',
  'auto_start' => true,
)
[ info ] [ LOG ] INIT File
[ error ] [2]Declaration of app\admin\controller\Index::_initialize() should be compatible with app\admin\controller\AdminControl::_initialize($ControllerNmae = '')[/home/www/chenganxjh/application/admin/controller/Index.php:8]
---------------------------------------------------------------
[ 2019-06-16T10:41:22+08:00 ] 172.17.144.244 201.26.20.163 GET /
[ info ] 39.107.140.181:80/ [运行时间：0.025873s][吞吐率：38.65req/s] [内存消耗：2,261.31kb] [文件加载：58]
[ info ] [ LANG ] /home/www/chenganxjh/thinkphp/lang/zh-cn.php
[ info ] [ ROUTE ] array (
  'type' => 'module',
  'module' => 
  array (
    0 => '',
    1 => NULL,
    2 => NULL,
  ),
)
[ info ] [ HEADER ] array (
  'content-length' => '0',
  'user-agent' => 'Mozilla/5.0 (Windows NT 6.1; WOW64) AppleWebKit/537.36 (KHTML, like Gecko) Chrome/51.0.2704.103 Safari/537.36',
  'host' => '39.107.140.181:80',
  'content-type' => '',
)
[ info ] [ PARAM ] array (
)
[ info ] [ LANG ] /home/www/chenganxjh/public/../application/admin/lang/zh-cn.php
[ info ] [ SESSION ] INIT array (
  'id' => '',
  'var_session_id' => '',
  'prefix' => 'think',
  'type' => '',
  'auto_start' => true,
)
[ info ] [ LOG ] INIT File
[ error ] [2]Declaration of app\admin\controller\Index::_initialize() should be compatible with app\admin\controller\AdminControl::_initialize($ControllerNmae = '')[/home/www/chenganxjh/application/admin/controller/Index.php:8]
---------------------------------------------------------------
[ 2019-06-16T10:41:23+08:00 ] 172.17.144.244 201.26.20.163 GET /
[ info ] 39.107.140.181:80/ [运行时间：0.025560s][吞吐率：39.12req/s] [内存消耗：2,261.31kb] [文件加载：58]
[ info ] [ LANG ] /home/www/chenganxjh/thinkphp/lang/zh-cn.php
[ info ] [ ROUTE ] array (
  'type' => 'module',
  'module' => 
  array (
    0 => '',
    1 => NULL,
    2 => NULL,
  ),
)
[ info ] [ HEADER ] array (
  'content-length' => '0',
  'user-agent' => 'Mozilla/5.0 (Windows NT 6.1; WOW64) AppleWebKit/537.36 (KHTML, like Gecko) Chrome/52.0.2743.116 Safari/537.36',
  'host' => '39.107.140.181:80',
  'content-type' => '',
)
[ info ] [ PARAM ] array (
)
[ info ] [ LANG ] /home/www/chenganxjh/public/../application/admin/lang/zh-cn.php
[ info ] [ SESSION ] INIT array (
  'id' => '',
  'var_session_id' => '',
  'prefix' => 'think',
  'type' => '',
  'auto_start' => true,
)
[ info ] [ LOG ] INIT File
[ error ] [2]Declaration of app\admin\controller\Index::_initialize() should be compatible with app\admin\controller\AdminControl::_initialize($ControllerNmae = '')[/home/www/chenganxjh/application/admin/controller/Index.php:8]
---------------------------------------------------------------
[ 2019-06-16T11:36:20+08:00 ] 172.17.144.244 138.204.132.254 GET /
[ info ] 39.107.140.181:80/ [运行时间：0.018808s][吞吐率：53.17req/s] [内存消耗：2,261.31kb] [文件加载：58]
[ info ] [ LANG ] /home/www/chenganxjh/thinkphp/lang/zh-cn.php
[ info ] [ ROUTE ] array (
  'type' => 'module',
  'module' => 
  array (
    0 => '',
    1 => NULL,
    2 => NULL,
  ),
)
[ info ] [ HEADER ] array (
  'content-length' => '0',
  'user-agent' => 'Mozilla/5.0 (Windows NT 10.0; WOW64) AppleWebKit/537.36 (KHTML, like Gecko) Chrome/51.0.2704.103 Safari/537.36',
  'host' => '39.107.140.181:80',
  'content-type' => '',
)
[ info ] [ PARAM ] array (
)
[ info ] [ LANG ] /home/www/chenganxjh/public/../application/admin/lang/zh-cn.php
[ info ] [ SESSION ] INIT array (
  'id' => '',
  'var_session_id' => '',
  'prefix' => 'think',
  'type' => '',
  'auto_start' => true,
)
[ info ] [ LOG ] INIT File
[ error ] [2]Declaration of app\admin\controller\Index::_initialize() should be compatible with app\admin\controller\AdminControl::_initialize($ControllerNmae = '')[/home/www/chenganxjh/application/admin/controller/Index.php:8]
---------------------------------------------------------------
[ 2019-06-16T12:00:45+08:00 ] 172.17.144.244 85.97.123.128 GET /
[ info ] 39.107.140.181:80/ [运行时间：0.018900s][吞吐率：52.91req/s] [内存消耗：2,261.31kb] [文件加载：58]
[ info ] [ LANG ] /home/www/chenganxjh/thinkphp/lang/zh-cn.php
[ info ] [ ROUTE ] array (
  'type' => 'module',
  'module' => 
  array (
    0 => '',
    1 => NULL,
    2 => NULL,
  ),
)
[ info ] [ HEADER ] array (
  'content-length' => '0',
  'user-agent' => 'Mozilla/5.0 (Windows NT 10.0; WOW64) AppleWebKit/537.36 (KHTML, like Gecko) Chrome/51.0.2704.103 Safari/537.36',
  'host' => '39.107.140.181:80',
  'content-type' => '',
)
[ info ] [ PARAM ] array (
)
[ info ] [ LANG ] /home/www/chenganxjh/public/../application/admin/lang/zh-cn.php
[ info ] [ SESSION ] INIT array (
  'id' => '',
  'var_session_id' => '',
  'prefix' => 'think',
  'type' => '',
  'auto_start' => true,
)
[ info ] [ LOG ] INIT File
[ error ] [2]Declaration of app\admin\controller\Index::_initialize() should be compatible with app\admin\controller\AdminControl::_initialize($ControllerNmae = '')[/home/www/chenganxjh/application/admin/controller/Index.php:8]
---------------------------------------------------------------
[ 2019-06-16T13:28:55+08:00 ] 172.17.144.244 185.25.104.253 GET /
[ info ] 39.107.140.181:80/ [运行时间：0.018652s][吞吐率：53.61req/s] [内存消耗：2,261.74kb] [文件加载：58]
[ info ] [ LANG ] /home/www/chenganxjh/thinkphp/lang/zh-cn.php
[ info ] [ ROUTE ] array (
  'type' => 'module',
  'module' => 
  array (
    0 => '',
    1 => NULL,
    2 => NULL,
  ),
)
[ info ] [ HEADER ] array (
  'content-length' => '0',
  'connection' => 'Close',
  'x-forwarded-for' => '10.171.67.66',
  'client-ip' => '10.171.67.66',
  'user-agent' => 'Mozilla/5.0 (Windows NT 6.1; WOW64) AppleWebKit/537.36 (KHTML, like Gecko) Chrome/51.0.2704.103 Safari/537.36',
  'host' => '39.107.140.181:80',
  'content-type' => '',
)
[ info ] [ PARAM ] array (
)
[ info ] [ LANG ] /home/www/chenganxjh/public/../application/admin/lang/zh-cn.php
[ info ] [ SESSION ] INIT array (
  'id' => '',
  'var_session_id' => '',
  'prefix' => 'think',
  'type' => '',
  'auto_start' => true,
)
[ info ] [ LOG ] INIT File
[ error ] [2]Declaration of app\admin\controller\Index::_initialize() should be compatible with app\admin\controller\AdminControl::_initialize($ControllerNmae = '')[/home/www/chenganxjh/application/admin/controller/Index.php:8]
---------------------------------------------------------------
[ 2019-06-16T15:00:08+08:00 ] 172.17.144.244 193.138.155.215 GET /
[ info ] 39.107.140.181:80/ [运行时间：0.018757s][吞吐率：53.31req/s] [内存消耗：2,261.31kb] [文件加载：58]
[ info ] [ LANG ] /home/www/chenganxjh/thinkphp/lang/zh-cn.php
[ info ] [ ROUTE ] array (
  'type' => 'module',
  'module' => 
  array (
    0 => '',
    1 => NULL,
    2 => NULL,
  ),
)
[ info ] [ HEADER ] array (
  'content-length' => '0',
  'user-agent' => 'Mozilla/5.0 (Windows NT 6.1; WOW64) AppleWebKit/537.36 (KHTML, like Gecko) Chrome/51.0.2704.103 Safari/537.36',
  'host' => '39.107.140.181:80',
  'content-type' => '',
)
[ info ] [ PARAM ] array (
)
[ info ] [ LANG ] /home/www/chenganxjh/public/../application/admin/lang/zh-cn.php
[ info ] [ SESSION ] INIT array (
  'id' => '',
  'var_session_id' => '',
  'prefix' => 'think',
  'type' => '',
  'auto_start' => true,
)
[ info ] [ LOG ] INIT File
[ error ] [2]Declaration of app\admin\controller\Index::_initialize() should be compatible with app\admin\controller\AdminControl::_initialize($ControllerNmae = '')[/home/www/chenganxjh/application/admin/controller/Index.php:8]
---------------------------------------------------------------
[ 2019-06-16T15:59:29+08:00 ] 172.17.144.244 39.98.232.3 GET /index.php
[ info ] 39.107.140.181/index.php [运行时间：0.017404s][吞吐率：57.46req/s] [内存消耗：2,261.78kb] [文件加载：58]
[ info ] [ LANG ] /home/www/chenganxjh/thinkphp/lang/zh-cn.php
[ info ] [ ROUTE ] array (
  'type' => 'module',
  'module' => 
  array (
    0 => '',
    1 => NULL,
    2 => NULL,
  ),
)
[ info ] [ HEADER ] array (
  'connection' => 'Keep-Alive',
  'host' => '39.107.140.181',
  'user-agent' => 'Mozilla/5.0 (Windows NT 6.1; WOW64; rv:18.0) Gecko/20100101 Firefox/18.0',
  'content-type' => 'text/html',
  'accept' => 'text/html, application/xhtml+xml, */*',
  'x-forwarded-for' => '83.157.89.175',
  'client-ip' => '83.157.89.175',
  'content-length' => '',
)
[ info ] [ PARAM ] array (
)
[ info ] [ LANG ] /home/www/chenganxjh/public/../application/admin/lang/zh-cn.php
[ info ] [ SESSION ] INIT array (
  'id' => '',
  'var_session_id' => '',
  'prefix' => 'think',
  'type' => '',
  'auto_start' => true,
)
[ info ] [ LOG ] INIT File
[ error ] [2]Declaration of app\admin\controller\Index::_initialize() should be compatible with app\admin\controller\AdminControl::_initialize($ControllerNmae = '')[/home/www/chenganxjh/application/admin/controller/Index.php:8]
---------------------------------------------------------------
[ 2019-06-16T16:35:27+08:00 ] 172.17.144.244 120.25.208.128 GET /
[ info ] www.tongsafe.com/ [运行时间：0.017617s][吞吐率：56.76req/s] [内存消耗：2,261.69kb] [文件加载：58]
[ info ] [ LANG ] /home/www/chenganxjh/thinkphp/lang/zh-cn.php
[ info ] [ ROUTE ] array (
  'type' => 'module',
  'module' => 
  array (
    0 => '',
    1 => NULL,
    2 => NULL,
  ),
)
[ info ] [ HEADER ] array (
  'accept-encoding' => 'gzip,deflate',
  'accept' => '*/*',
  'user-agent' => 'Mozilla/5.0 (Windows NT 10.0; Win64; x64) AppleWebKit/537.36 (KHTML, like Gecko) Chrome/53.0.2785.143 Safari/537.36',
  'host' => 'www.tongsafe.com',
  'content-type' => '',
  'content-length' => '',
)
[ info ] [ PARAM ] array (
)
[ info ] [ LANG ] /home/www/chenganxjh/public/../application/admin/lang/zh-cn.php
[ info ] [ SESSION ] INIT array (
  'id' => '',
  'var_session_id' => '',
  'prefix' => 'think',
  'type' => '',
  'auto_start' => true,
)
[ info ] [ LOG ] INIT File
[ error ] [2]Declaration of app\admin\controller\Index::_initialize() should be compatible with app\admin\controller\AdminControl::_initialize($ControllerNmae = '')[/home/www/chenganxjh/application/admin/controller/Index.php:8]
---------------------------------------------------------------
[ 2019-06-16T16:35:27+08:00 ] 172.17.144.244 120.25.208.128 GET /Admin/login/index.html
[ info ] www.tongsafe.com/Admin/login/index.html [运行时间：0.017872s][吞吐率：55.95req/s] [内存消耗：2,167.87kb] [文件加载：53]
[ info ] [ LANG ] /home/www/chenganxjh/thinkphp/lang/zh-cn.php
[ info ] [ ROUTE ] array (
  'type' => 'module',
  'module' => 
  array (
    0 => 'Admin',
    1 => 'login',
    2 => 'index',
  ),
)
[ info ] [ HEADER ] array (
  'cookie' => 'PHPSESSID=i770q6ebffjpr2om9i83ffv1c6',
  'accept-encoding' => 'gzip,deflate',
  'accept' => '*/*',
  'user-agent' => 'Mozilla/5.0 (Windows NT 10.0; Win64; x64) AppleWebKit/537.36 (KHTML, like Gecko) Chrome/53.0.2785.143 Safari/537.36',
  'host' => 'www.tongsafe.com',
  'content-type' => '',
  'content-length' => '',
)
[ info ] [ PARAM ] array (
)
[ info ] [ LANG ] /home/www/chenganxjh/public/../application/admin/lang/zh-cn.php
[ info ] [ RUN ] app\admin\controller\Login->index[ /home/www/chenganxjh/application/admin/controller/Login.php ]
[ info ] [ SESSION ] INIT array (
  'id' => '',
  'var_session_id' => '',
  'prefix' => 'think',
  'type' => '',
  'auto_start' => true,
)
[ info ] [ VIEW ] /home/www/chenganxjh/public/../application/admin/view/login/index.html [ array (
) ]
[ info ] [ LOG ] INIT File
---------------------------------------------------------------
[ 2019-06-16T16:51:29+08:00 ] 172.17.144.244 80.82.70.187 GET /cache/global/img/gs.gif
[ info ] www.baidu.com/cache/global/img/gs.gif [运行时间：0.015868s][吞吐率：63.02req/s] [内存消耗：1,782.66kb] [文件加载：44]
[ info ] [ LANG ] /home/www/chenganxjh/thinkphp/lang/zh-cn.php
[ info ] [ ROUTE ] array (
  'type' => 'module',
  'module' => 
  array (
    0 => 'cache',
    1 => 'global',
    2 => 'img',
  ),
)
[ info ] [ HEADER ] array (
  'if-modified-since' => 'Thu, 19 Apr 2012 09:51:20 GMT',
  'user-agent' => 'Mozilla',
  'host' => 'www.baidu.com',
  'content-type' => '',
  'content-length' => '',
)
[ info ] [ PARAM ] array (
)
[ info ] [ LOG ] INIT File
---------------------------------------------------------------
[ 2019-06-16T17:01:28+08:00 ] 172.17.144.244 103.23.238.118 GET /
[ info ] 39.107.140.181:80/ [运行时间：0.017900s][吞吐率：55.87req/s] [内存消耗：2,261.31kb] [文件加载：58]
[ info ] [ LANG ] /home/www/chenganxjh/thinkphp/lang/zh-cn.php
[ info ] [ ROUTE ] array (
  'type' => 'module',
  'module' => 
  array (
    0 => '',
    1 => NULL,
    2 => NULL,
  ),
)
[ info ] [ HEADER ] array (
  'content-length' => '0',
  'user-agent' => 'Mozilla/5.0 (Windows NT 10.0; WOW64) AppleWebKit/537.36 (KHTML, like Gecko) Chrome/52.0.2743.116 Safari/537.36',
  'host' => '39.107.140.181:80',
  'content-type' => '',
)
[ info ] [ PARAM ] array (
)
[ info ] [ LANG ] /home/www/chenganxjh/public/../application/admin/lang/zh-cn.php
[ info ] [ SESSION ] INIT array (
  'id' => '',
  'var_session_id' => '',
  'prefix' => 'think',
  'type' => '',
  'auto_start' => true,
)
[ info ] [ LOG ] INIT File
[ error ] [2]Declaration of app\admin\controller\Index::_initialize() should be compatible with app\admin\controller\AdminControl::_initialize($ControllerNmae = '')[/home/www/chenganxjh/application/admin/controller/Index.php:8]
---------------------------------------------------------------
[ 2019-06-16T20:26:40+08:00 ] 172.17.144.244 45.163.25.50 GET /
[ info ] 39.107.140.181:80/ [运行时间：0.018231s][吞吐率：54.85req/s] [内存消耗：2,261.31kb] [文件加载：58]
[ info ] [ LANG ] /home/www/chenganxjh/thinkphp/lang/zh-cn.php
[ info ] [ ROUTE ] array (
  'type' => 'module',
  'module' => 
  array (
    0 => '',
    1 => NULL,
    2 => NULL,
  ),
)
[ info ] [ HEADER ] array (
  'content-length' => '0',
  'user-agent' => 'Mozilla/5.0 (Windows NT 6.1; WOW64) AppleWebKit/537.36 (KHTML, like Gecko) Chrome/52.0.2743.116 Safari/537.36',
  'host' => '39.107.140.181:80',
  'content-type' => '',
)
[ info ] [ PARAM ] array (
)
[ info ] [ LANG ] /home/www/chenganxjh/public/../application/admin/lang/zh-cn.php
[ info ] [ SESSION ] INIT array (
  'id' => '',
  'var_session_id' => '',
  'prefix' => 'think',
  'type' => '',
  'auto_start' => true,
)
[ info ] [ LOG ] INIT File
[ error ] [2]Declaration of app\admin\controller\Index::_initialize() should be compatible with app\admin\controller\AdminControl::_initialize($ControllerNmae = '')[/home/www/chenganxjh/application/admin/controller/Index.php:8]
---------------------------------------------------------------
[ 2019-06-16T21:21:00+08:00 ] 172.17.144.244 191.102.97.5 GET /
[ info ] 39.107.140.181:80/ [运行时间：0.018259s][吞吐率：54.77req/s] [内存消耗：2,261.31kb] [文件加载：58]
[ info ] [ LANG ] /home/www/chenganxjh/thinkphp/lang/zh-cn.php
[ info ] [ ROUTE ] array (
  'type' => 'module',
  'module' => 
  array (
    0 => '',
    1 => NULL,
    2 => NULL,
  ),
)
[ info ] [ HEADER ] array (
  'content-length' => '0',
  'user-agent' => 'Mozilla/5.0 (Windows NT 6.1; WOW64) AppleWebKit/537.36 (KHTML, like Gecko) Chrome/51.0.2704.103 Safari/537.36',
  'host' => '39.107.140.181:80',
  'content-type' => '',
)
[ info ] [ PARAM ] array (
)
[ info ] [ LANG ] /home/www/chenganxjh/public/../application/admin/lang/zh-cn.php
[ info ] [ SESSION ] INIT array (
  'id' => '',
  'var_session_id' => '',
  'prefix' => 'think',
  'type' => '',
  'auto_start' => true,
)
[ info ] [ LOG ] INIT File
[ error ] [2]Declaration of app\admin\controller\Index::_initialize() should be compatible with app\admin\controller\AdminControl::_initialize($ControllerNmae = '')[/home/www/chenganxjh/application/admin/controller/Index.php:8]
---------------------------------------------------------------
[ 2019-06-16T21:31:39+08:00 ] 172.17.144.244 106.75.25.86 GET /
[ info ] 39.107.140.181:80/ [运行时间：0.018823s][吞吐率：53.13req/s] [内存消耗：2,261.73kb] [文件加载：58]
[ info ] [ LANG ] /home/www/chenganxjh/thinkphp/lang/zh-cn.php
[ info ] [ ROUTE ] array (
  'type' => 'module',
  'module' => 
  array (
    0 => '',
    1 => NULL,
    2 => NULL,
  ),
)
[ info ] [ HEADER ] array (
  'connection' => 'close',
  'accept' => '*/*',
  'accept-encoding' => 'gzip, deflate',
  'user-agent' => 'Mozilla/5.0 (Macintosh; Intel Mac OS X 10_12_6) AppleWebKit/537.36 (KHTML, like Gecko) Chrome/63.0.3239.84 Safari/537.36',
  'host' => '39.107.140.181:80',
  'content-type' => '',
  'content-length' => '',
)
[ info ] [ PARAM ] array (
)
[ info ] [ LANG ] /home/www/chenganxjh/public/../application/admin/lang/zh-cn.php
[ info ] [ SESSION ] INIT array (
  'id' => '',
  'var_session_id' => '',
  'prefix' => 'think',
  'type' => '',
  'auto_start' => true,
)
[ info ] [ LOG ] INIT File
[ error ] [2]Declaration of app\admin\controller\Index::_initialize() should be compatible with app\admin\controller\AdminControl::_initialize($ControllerNmae = '')[/home/www/chenganxjh/application/admin/controller/Index.php:8]
