---------------------------------------------------------------
[ 2019-05-25T00:04:42+08:00 ] 172.17.144.244 120.132.3.65 GET /404/search_children.js
[ info ] www.qq.com/404/search_children.js [运行时间：0.014004s][吞吐率：71.41req/s] [内存消耗：1,782.92kb] [文件加载：44]
[ info ] [ LANG ] /home/www/chenganxjh/thinkphp/lang/zh-cn.php
[ info ] [ ROUTE ] array (
  'type' => 'module',
  'module' => 
  array (
    0 => '404',
    1 => 'search_children.js',
    2 => NULL,
  ),
)
[ info ] [ HEADER ] array (
  'user-agent' => 'Mozilla/5.0 (X11; Linux x86_64) AppleWebKit/537.36 (KHTML, like Gecko) Chrome/35.0.1916.114 Safari/537.36',
  'pragma' => 'no-cache',
  'accept' => '*/*',
  'host' => 'www.qq.com',
  'content-type' => '',
  'content-length' => '',
)
[ info ] [ PARAM ] array (
)
[ info ] [ LOG ] INIT File
---------------------------------------------------------------
[ 2019-05-25T01:00:05+08:00 ] 172.17.144.244 151.243.15.70 GET /
[ info ] 39.107.140.181/ [运行时间：0.017209s][吞吐率：58.11req/s] [内存消耗：2,226.59kb] [文件加载：55]
[ info ] [ LANG ] /home/www/chenganxjh/thinkphp/lang/zh-cn.php
[ info ] [ ROUTE ] array (
  'type' => 'module',
  'module' => 
  array (
    0 => '',
    1 => NULL,
    2 => NULL,
  ),
)
[ info ] [ HEADER ] array (
  'connection' => 'keep-alive',
  'cache-control' => 'max-age=0',
  'host' => '39.107.140.181',
  'content-length' => '0',
  'user-agent' => 'Mozilla/5.0 (Windows NT 10.0; WOW64) AppleWebKit/537.36 (KHTML, like Gecko) Chrome/51.0.2704.103 Safari/537.36',
  'content-type' => '',
)
[ info ] [ PARAM ] array (
)
[ info ] [ LANG ] /home/www/chenganxjh/public/../application/admin/lang/zh-cn.php
[ info ] [ SESSION ] INIT array (
  'id' => '',
  'var_session_id' => '',
  'prefix' => 'think',
  'type' => '',
  'auto_start' => true,
)
[ info ] [ LOG ] INIT File
---------------------------------------------------------------
[ 2019-05-25T01:53:32+08:00 ] 172.17.144.244 128.14.209.234 GET /
[ info ] 39.107.140.181/ [运行时间：0.017802s][吞吐率：56.17req/s] [内存消耗：2,226.52kb] [文件加载：55]
[ info ] [ LANG ] /home/www/chenganxjh/thinkphp/lang/zh-cn.php
[ info ] [ ROUTE ] array (
  'type' => 'module',
  'module' => 
  array (
    0 => '',
    1 => NULL,
    2 => NULL,
  ),
)
[ info ] [ HEADER ] array (
  'accept-encoding' => 'gzip',
  'accept' => '*/*',
  'user-agent' => 'Mozilla/5.0 (Windows NT 10.0; Win64; x64) AppleWebKit/537.36 (KHTML, like Gecko) Chrome/60.0.3112.113 Safari/537.36',
  'host' => '39.107.140.181',
  'content-type' => '',
  'content-length' => '',
)
[ info ] [ PARAM ] array (
)
[ info ] [ LANG ] /home/www/chenganxjh/public/../application/admin/lang/zh-cn.php
[ info ] [ SESSION ] INIT array (
  'id' => '',
  'var_session_id' => '',
  'prefix' => 'think',
  'type' => '',
  'auto_start' => true,
)
[ info ] [ LOG ] INIT File
---------------------------------------------------------------
[ 2019-05-25T01:53:32+08:00 ] 172.17.144.244 128.14.209.234 GET /Admin/login/index.html
[ info ] 39.107.140.181/Admin/login/index.html [运行时间：0.017530s][吞吐率：57.04req/s] [内存消耗：2,167.55kb] [文件加载：53]
[ info ] [ LANG ] /home/www/chenganxjh/thinkphp/lang/zh-cn.php
[ info ] [ ROUTE ] array (
  'type' => 'module',
  'module' => 
  array (
    0 => 'Admin',
    1 => 'login',
    2 => 'index',
  ),
)
[ info ] [ HEADER ] array (
  'accept-encoding' => 'gzip',
  'referer' => 'http://39.107.140.181/',
  'accept' => '*/*',
  'user-agent' => 'Mozilla/5.0 (Windows NT 10.0; Win64; x64) AppleWebKit/537.36 (KHTML, like Gecko) Chrome/60.0.3112.113 Safari/537.36',
  'host' => '39.107.140.181',
  'content-type' => '',
  'content-length' => '',
)
[ info ] [ PARAM ] array (
)
[ info ] [ LANG ] /home/www/chenganxjh/public/../application/admin/lang/zh-cn.php
[ info ] [ RUN ] app\admin\controller\Login->index[ /home/www/chenganxjh/application/admin/controller/Login.php ]
[ info ] [ SESSION ] INIT array (
  'id' => '',
  'var_session_id' => '',
  'prefix' => 'think',
  'type' => '',
  'auto_start' => true,
)
[ info ] [ VIEW ] /home/www/chenganxjh/public/../application/admin/view/login/index.html [ array (
) ]
[ info ] [ LOG ] INIT File
---------------------------------------------------------------
[ 2019-05-25T03:43:13+08:00 ] 172.17.144.244 197.101.8.0 GET /
[ info ] 39.107.140.181:80/ [运行时间：0.017428s][吞吐率：57.38req/s] [内存消耗：2,226.26kb] [文件加载：55]
[ info ] [ LANG ] /home/www/chenganxjh/thinkphp/lang/zh-cn.php
[ info ] [ ROUTE ] array (
  'type' => 'module',
  'module' => 
  array (
    0 => '',
    1 => NULL,
    2 => NULL,
  ),
)
[ info ] [ HEADER ] array (
  'content-length' => '0',
  'user-agent' => 'Mozilla/5.0 (Windows NT 10.0; WOW64) AppleWebKit/537.36 (KHTML, like Gecko) Chrome/51.0.2704.103 Safari/537.36',
  'host' => '39.107.140.181:80',
  'content-type' => '',
)
[ info ] [ PARAM ] array (
)
[ info ] [ LANG ] /home/www/chenganxjh/public/../application/admin/lang/zh-cn.php
[ info ] [ SESSION ] INIT array (
  'id' => '',
  'var_session_id' => '',
  'prefix' => 'think',
  'type' => '',
  'auto_start' => true,
)
[ info ] [ LOG ] INIT File
---------------------------------------------------------------
[ 2019-05-25T06:13:44+08:00 ] 172.17.144.244 223.93.185.59 GET /
[ info ] 39.107.140.181/ [运行时间：0.017753s][吞吐率：56.33req/s] [内存消耗：2,226.31kb] [文件加载：55]
[ info ] [ LANG ] /home/www/chenganxjh/thinkphp/lang/zh-cn.php
[ info ] [ ROUTE ] array (
  'type' => 'module',
  'module' => 
  array (
    0 => '',
    1 => NULL,
    2 => NULL,
  ),
)
[ info ] [ HEADER ] array (
  'user-agent' => 'python-requests/2.21.0',
  'accept' => '*/*',
  'accept-encoding' => 'gzip, deflate',
  'connection' => 'keep-alive',
  'host' => '39.107.140.181',
  'content-type' => '',
  'content-length' => '',
)
[ info ] [ PARAM ] array (
)
[ info ] [ LANG ] /home/www/chenganxjh/public/../application/admin/lang/zh-cn.php
[ info ] [ SESSION ] INIT array (
  'id' => '',
  'var_session_id' => '',
  'prefix' => 'think',
  'type' => '',
  'auto_start' => true,
)
[ info ] [ LOG ] INIT File
---------------------------------------------------------------
[ 2019-05-25T06:13:44+08:00 ] 172.17.144.244 223.93.185.59 GET /Admin/login/index.html
[ info ] 39.107.140.181/Admin/login/index.html [运行时间：0.016245s][吞吐率：61.56req/s] [内存消耗：2,168.66kb] [文件加载：53]
[ info ] [ LANG ] /home/www/chenganxjh/thinkphp/lang/zh-cn.php
[ info ] [ ROUTE ] array (
  'type' => 'module',
  'module' => 
  array (
    0 => 'Admin',
    1 => 'login',
    2 => 'index',
  ),
)
[ info ] [ HEADER ] array (
  'cookie' => 'PHPSESSID=vobf1tl46np5lad3667kgsn9j3',
  'user-agent' => 'python-requests/2.21.0',
  'accept' => '*/*',
  'accept-encoding' => 'gzip, deflate',
  'connection' => 'keep-alive',
  'host' => '39.107.140.181',
  'content-type' => '',
  'content-length' => '',
)
[ info ] [ PARAM ] array (
)
[ info ] [ LANG ] /home/www/chenganxjh/public/../application/admin/lang/zh-cn.php
[ info ] [ RUN ] app\admin\controller\Login->index[ /home/www/chenganxjh/application/admin/controller/Login.php ]
[ info ] [ SESSION ] INIT array (
  'id' => '',
  'var_session_id' => '',
  'prefix' => 'think',
  'type' => '',
  'auto_start' => true,
)
[ info ] [ VIEW ] /home/www/chenganxjh/public/../application/admin/view/login/index.html [ array (
) ]
[ info ] [ LOG ] INIT File
---------------------------------------------------------------
[ 2019-05-25T06:56:04+08:00 ] 172.17.144.244 186.239.211.62 GET /
[ info ] 39.107.140.181:80/ [运行时间：0.017633s][吞吐率：56.71req/s] [内存消耗：2,226.26kb] [文件加载：55]
[ info ] [ LANG ] /home/www/chenganxjh/thinkphp/lang/zh-cn.php
[ info ] [ ROUTE ] array (
  'type' => 'module',
  'module' => 
  array (
    0 => '',
    1 => NULL,
    2 => NULL,
  ),
)
[ info ] [ HEADER ] array (
  'content-length' => '0',
  'user-agent' => 'Mozilla/5.0 (Windows NT 6.1; WOW64) AppleWebKit/537.36 (KHTML, like Gecko) Chrome/51.0.2704.103 Safari/537.36',
  'host' => '39.107.140.181:80',
  'content-type' => '',
)
[ info ] [ PARAM ] array (
)
[ info ] [ LANG ] /home/www/chenganxjh/public/../application/admin/lang/zh-cn.php
[ info ] [ SESSION ] INIT array (
  'id' => '',
  'var_session_id' => '',
  'prefix' => 'think',
  'type' => '',
  'auto_start' => true,
)
[ info ] [ LOG ] INIT File
---------------------------------------------------------------
[ 2019-05-25T09:02:32+08:00 ] 172.17.144.244 80.82.70.187 GET /cache/global/img/gs.gif
[ info ] www.baidu.com/cache/global/img/gs.gif [运行时间：0.014784s][吞吐率：67.64req/s] [内存消耗：1,782.66kb] [文件加载：44]
[ info ] [ LANG ] /home/www/chenganxjh/thinkphp/lang/zh-cn.php
[ info ] [ ROUTE ] array (
  'type' => 'module',
  'module' => 
  array (
    0 => 'cache',
    1 => 'global',
    2 => 'img',
  ),
)
[ info ] [ HEADER ] array (
  'if-modified-since' => 'Thu, 19 Apr 2012 09:51:20 GMT',
  'user-agent' => 'Mozilla',
  'host' => 'www.baidu.com',
  'content-type' => '',
  'content-length' => '',
)
[ info ] [ PARAM ] array (
)
[ info ] [ LOG ] INIT File
---------------------------------------------------------------
[ 2019-05-25T09:53:37+08:00 ] 172.17.144.244 188.235.254.73 GET /
[ info ] 39.107.140.181:80/ [运行时间：0.017320s][吞吐率：57.74req/s] [内存消耗：2,226.26kb] [文件加载：55]
[ info ] [ LANG ] /home/www/chenganxjh/thinkphp/lang/zh-cn.php
[ info ] [ ROUTE ] array (
  'type' => 'module',
  'module' => 
  array (
    0 => '',
    1 => NULL,
    2 => NULL,
  ),
)
[ info ] [ HEADER ] array (
  'content-length' => '0',
  'user-agent' => 'Mozilla/5.0 (Windows NT 6.1; WOW64) AppleWebKit/537.36 (KHTML, like Gecko) Chrome/52.0.2743.116 Safari/537.36',
  'host' => '39.107.140.181:80',
  'content-type' => '',
)
[ info ] [ PARAM ] array (
)
[ info ] [ LANG ] /home/www/chenganxjh/public/../application/admin/lang/zh-cn.php
[ info ] [ SESSION ] INIT array (
  'id' => '',
  'var_session_id' => '',
  'prefix' => 'think',
  'type' => '',
  'auto_start' => true,
)
[ info ] [ LOG ] INIT File
---------------------------------------------------------------
[ 2019-05-25T10:37:31+08:00 ] 172.17.144.244 167.249.103.140 GET /
[ info ] 39.107.140.181:80/ [运行时间：0.018331s][吞吐率：54.55req/s] [内存消耗：2,226.26kb] [文件加载：55]
[ info ] [ LANG ] /home/www/chenganxjh/thinkphp/lang/zh-cn.php
[ info ] [ ROUTE ] array (
  'type' => 'module',
  'module' => 
  array (
    0 => '',
    1 => NULL,
    2 => NULL,
  ),
)
[ info ] [ HEADER ] array (
  'content-length' => '0',
  'user-agent' => 'Mozilla/5.0 (Windows NT 10.0; WOW64) AppleWebKit/537.36 (KHTML, like Gecko) Chrome/51.0.2704.103 Safari/537.36',
  'host' => '39.107.140.181:80',
  'content-type' => '',
)
[ info ] [ PARAM ] array (
)
[ info ] [ LANG ] /home/www/chenganxjh/public/../application/admin/lang/zh-cn.php
[ info ] [ SESSION ] INIT array (
  'id' => '',
  'var_session_id' => '',
  'prefix' => 'think',
  'type' => '',
  'auto_start' => true,
)
[ info ] [ LOG ] INIT File
---------------------------------------------------------------
[ 2019-05-25T11:04:10+08:00 ] 172.17.144.244 182.162.19.29 GET /
[ info ] 39.107.140.181/ [运行时间：0.017809s][吞吐率：56.15req/s] [内存消耗：2,226.18kb] [文件加载：55]
[ info ] [ LANG ] /home/www/chenganxjh/thinkphp/lang/zh-cn.php
[ info ] [ ROUTE ] array (
  'type' => 'module',
  'module' => 
  array (
    0 => '',
    1 => NULL,
    2 => NULL,
  ),
)
[ info ] [ HEADER ] array (
  'accept-encoding' => 'gzip',
  'accept' => '*/*',
  'user-agent' => 'Mozilla/5.0 zgrab/0.x',
  'host' => '39.107.140.181',
  'content-type' => '',
  'content-length' => '',
)
[ info ] [ PARAM ] array (
)
[ info ] [ LANG ] /home/www/chenganxjh/public/../application/admin/lang/zh-cn.php
[ info ] [ SESSION ] INIT array (
  'id' => '',
  'var_session_id' => '',
  'prefix' => 'think',
  'type' => '',
  'auto_start' => true,
)
[ info ] [ LOG ] INIT File
---------------------------------------------------------------
[ 2019-05-25T11:04:10+08:00 ] 172.17.144.244 182.162.19.29 GET /Admin/login/index.html
[ info ] 39.107.140.181:80/Admin/login/index.html [运行时间：0.017205s][吞吐率：58.12req/s] [内存消耗：2,167.05kb] [文件加载：53]
[ info ] [ LANG ] /home/www/chenganxjh/thinkphp/lang/zh-cn.php
[ info ] [ ROUTE ] array (
  'type' => 'module',
  'module' => 
  array (
    0 => 'Admin',
    1 => 'login',
    2 => 'index',
  ),
)
[ info ] [ HEADER ] array (
  'accept-encoding' => 'gzip',
  'referer' => 'http://39.107.140.181:80/',
  'accept' => '*/*',
  'user-agent' => 'Mozilla/5.0 zgrab/0.x',
  'host' => '39.107.140.181:80',
  'content-type' => '',
  'content-length' => '',
)
[ info ] [ PARAM ] array (
)
[ info ] [ LANG ] /home/www/chenganxjh/public/../application/admin/lang/zh-cn.php
[ info ] [ RUN ] app\admin\controller\Login->index[ /home/www/chenganxjh/application/admin/controller/Login.php ]
[ info ] [ SESSION ] INIT array (
  'id' => '',
  'var_session_id' => '',
  'prefix' => 'think',
  'type' => '',
  'auto_start' => true,
)
[ info ] [ VIEW ] /home/www/chenganxjh/public/../application/admin/view/login/index.html [ array (
) ]
[ info ] [ LOG ] INIT File
---------------------------------------------------------------
[ 2019-05-25T11:39:31+08:00 ] 172.17.144.244 125.65.40.231 GET /f1.htm?from=singlemessage&isappinstalled=0
[ info ] 39.107.140.181/f1.htm?from=singlemessage&isappinstalled=0 [运行时间：0.020709s][吞吐率：48.29req/s] [内存消耗：1,786.07kb] [文件加载：44]
[ info ] [ LANG ] /home/www/chenganxjh/thinkphp/lang/zh-cn.php
[ info ] [ ROUTE ] array (
  'type' => 'module',
  'module' => 
  array (
    0 => 'f1.htm',
    1 => NULL,
    2 => NULL,
  ),
)
[ info ] [ HEADER ] array (
  'x-forwarded-for' => '92.232.184.243',
  'connection' => 'close',
  'accept-language' => 'zh-cn,zh;q=0.8,en-us;q=0.5,en;q=0.3',
  'accept-encoding' => 'gzip, deflate',
  'accept' => 'text/html,application/xhtml+xml,application/xml;q=0.9,*/*;q=0.8',
  'user-agent' => 'Mozilla/4.0 (compatible; MSIE 7.0; Windows NT 6.1; WOW64; Trident/5.0; SLCC2; .NET CLR 2.0.50727; .NET CLR 3.5.30729; .NET CLR 3.0.30729; Media Center PC 6.0; .NET4.0C; .NET4.0E; InfoPath.3; KB974488)',
  'host' => '39.107.140.181',
  'content-type' => '',
  'content-length' => '',
)
[ info ] [ PARAM ] array (
  'from' => 'singlemessage',
  'isappinstalled' => '0',
)
[ info ] [ LOG ] INIT File
---------------------------------------------------------------
[ 2019-05-25T11:39:31+08:00 ] 172.17.144.244 125.65.40.231 GET /common/js/theme.js?v=1112
[ info ] 39.107.140.181/common/js/theme.js?v=1112 [运行时间：0.020482s][吞吐率：48.82req/s] [内存消耗：1,785.88kb] [文件加载：44]
[ info ] [ LANG ] /home/www/chenganxjh/thinkphp/lang/zh-cn.php
[ info ] [ ROUTE ] array (
  'type' => 'module',
  'module' => 
  array (
    0 => 'common',
    1 => 'js',
    2 => 'theme.js',
  ),
)
[ info ] [ HEADER ] array (
  'x-forwarded-for' => '92.232.184.243',
  'connection' => 'close',
  'accept-language' => 'zh-cn,zh;q=0.8,en-us;q=0.5,en;q=0.3',
  'accept-encoding' => 'gzip, deflate',
  'accept' => 'text/html,application/xhtml+xml,application/xml;q=0.9,*/*;q=0.8',
  'user-agent' => 'Mozilla/4.0 (compatible; MSIE 7.0; Windows NT 6.1; WOW64; Trident/5.0; SLCC2; .NET CLR 2.0.50727; .NET CLR 3.5.30729; .NET CLR 3.0.30729; Media Center PC 6.0; .NET4.0C; .NET4.0E; InfoPath.3; KB974488)',
  'host' => '39.107.140.181',
  'content-type' => '',
  'content-length' => '',
)
[ info ] [ PARAM ] array (
  'v' => '1112',
)
[ info ] [ LOG ] INIT File
---------------------------------------------------------------
[ 2019-05-25T15:00:35+08:00 ] 172.17.144.244 103.242.13.100 GET /
[ info ] 39.107.140.181:80/ [运行时间：0.017337s][吞吐率：57.68req/s] [内存消耗：2,226.26kb] [文件加载：55]
[ info ] [ LANG ] /home/www/chenganxjh/thinkphp/lang/zh-cn.php
[ info ] [ ROUTE ] array (
  'type' => 'module',
  'module' => 
  array (
    0 => '',
    1 => NULL,
    2 => NULL,
  ),
)
[ info ] [ HEADER ] array (
  'content-length' => '0',
  'user-agent' => 'Mozilla/5.0 (Windows NT 10.0; WOW64) AppleWebKit/537.36 (KHTML, like Gecko) Chrome/51.0.2704.103 Safari/537.36',
  'host' => '39.107.140.181:80',
  'content-type' => '',
)
[ info ] [ PARAM ] array (
)
[ info ] [ LANG ] /home/www/chenganxjh/public/../application/admin/lang/zh-cn.php
[ info ] [ SESSION ] INIT array (
  'id' => '',
  'var_session_id' => '',
  'prefix' => 'think',
  'type' => '',
  'auto_start' => true,
)
[ info ] [ LOG ] INIT File
---------------------------------------------------------------
[ 2019-05-25T16:00:18+08:00 ] 172.17.144.244 94.183.198.32 GET /
[ info ] 39.107.140.181/ [运行时间：0.017188s][吞吐率：58.18req/s] [内存消耗：2,226.59kb] [文件加载：55]
[ info ] [ LANG ] /home/www/chenganxjh/thinkphp/lang/zh-cn.php
[ info ] [ ROUTE ] array (
  'type' => 'module',
  'module' => 
  array (
    0 => '',
    1 => NULL,
    2 => NULL,
  ),
)
[ info ] [ HEADER ] array (
  'connection' => 'keep-alive',
  'cache-control' => 'max-age=0',
  'host' => '39.107.140.181',
  'content-length' => '0',
  'user-agent' => 'Mozilla/5.0 (Windows NT 6.1; WOW64) AppleWebKit/537.36 (KHTML, like Gecko) Chrome/51.0.2704.103 Safari/537.36',
  'content-type' => '',
)
[ info ] [ PARAM ] array (
)
[ info ] [ LANG ] /home/www/chenganxjh/public/../application/admin/lang/zh-cn.php
[ info ] [ SESSION ] INIT array (
  'id' => '',
  'var_session_id' => '',
  'prefix' => 'think',
  'type' => '',
  'auto_start' => true,
)
[ info ] [ LOG ] INIT File
---------------------------------------------------------------
[ 2019-05-25T17:47:23+08:00 ] 172.17.144.244 191.114.111.0 GET /
[ info ] 39.107.140.181:80/ [运行时间：0.018124s][吞吐率：55.18req/s] [内存消耗：2,226.26kb] [文件加载：55]
[ info ] [ LANG ] /home/www/chenganxjh/thinkphp/lang/zh-cn.php
[ info ] [ ROUTE ] array (
  'type' => 'module',
  'module' => 
  array (
    0 => '',
    1 => NULL,
    2 => NULL,
  ),
)
[ info ] [ HEADER ] array (
  'content-length' => '0',
  'user-agent' => 'Mozilla/5.0 (Macintosh; Intel Mac OS X 10_11_6) AppleWebKit/601.7.7 (KHTML, like Gecko) Version/9.1.2 Safari/601.7.7',
  'host' => '39.107.140.181:80',
  'content-type' => '',
)
[ info ] [ PARAM ] array (
)
[ info ] [ LANG ] /home/www/chenganxjh/public/../application/admin/lang/zh-cn.php
[ info ] [ SESSION ] INIT array (
  'id' => '',
  'var_session_id' => '',
  'prefix' => 'think',
  'type' => '',
  'auto_start' => true,
)
[ info ] [ LOG ] INIT File
---------------------------------------------------------------
[ 2019-05-25T18:14:54+08:00 ] 172.17.144.244 191.33.61.214 GET /
[ info ] 39.107.140.181:80/ [运行时间：0.017215s][吞吐率：58.09req/s] [内存消耗：2,226.26kb] [文件加载：55]
[ info ] [ LANG ] /home/www/chenganxjh/thinkphp/lang/zh-cn.php
[ info ] [ ROUTE ] array (
  'type' => 'module',
  'module' => 
  array (
    0 => '',
    1 => NULL,
    2 => NULL,
  ),
)
[ info ] [ HEADER ] array (
  'content-length' => '0',
  'user-agent' => 'Mozilla/5.0 (Windows NT 10.0; WOW64) AppleWebKit/537.36 (KHTML, like Gecko) Chrome/52.0.2743.116 Safari/537.36',
  'host' => '39.107.140.181:80',
  'content-type' => '',
)
[ info ] [ PARAM ] array (
)
[ info ] [ LANG ] /home/www/chenganxjh/public/../application/admin/lang/zh-cn.php
[ info ] [ SESSION ] INIT array (
  'id' => '',
  'var_session_id' => '',
  'prefix' => 'think',
  'type' => '',
  'auto_start' => true,
)
[ info ] [ LOG ] INIT File
---------------------------------------------------------------
[ 2019-05-25T19:11:38+08:00 ] 172.17.144.244 80.82.70.187 GET /cache/global/img/gs.gif
[ info ] www.baidu.com/cache/global/img/gs.gif [运行时间：0.014883s][吞吐率：67.19req/s] [内存消耗：1,782.66kb] [文件加载：44]
[ info ] [ LANG ] /home/www/chenganxjh/thinkphp/lang/zh-cn.php
[ info ] [ ROUTE ] array (
  'type' => 'module',
  'module' => 
  array (
    0 => 'cache',
    1 => 'global',
    2 => 'img',
  ),
)
[ info ] [ HEADER ] array (
  'if-modified-since' => 'Thu, 19 Apr 2012 09:51:20 GMT',
  'user-agent' => 'Mozilla',
  'host' => 'www.baidu.com',
  'content-type' => '',
  'content-length' => '',
)
[ info ] [ PARAM ] array (
)
[ info ] [ LOG ] INIT File
---------------------------------------------------------------
[ 2019-05-25T20:23:34+08:00 ] 172.17.144.244 5.155.20.75 GET /
[ info ] 39.107.140.181:80/ [运行时间：0.017848s][吞吐率：56.03req/s] [内存消耗：2,226.64kb] [文件加载：55]
[ info ] [ LANG ] /home/www/chenganxjh/thinkphp/lang/zh-cn.php
[ info ] [ ROUTE ] array (
  'type' => 'module',
  'module' => 
  array (
    0 => '',
    1 => NULL,
    2 => NULL,
  ),
)
[ info ] [ HEADER ] array (
  'via' => '1.1 J5K-7 (jaguar/3.0-11)',
  'x-forwarded-for' => '5.155.20.75',
  'content-length' => '0',
  'user-agent' => 'Mozilla/5.0 (Windows NT 10.0; WOW64) AppleWebKit/537.36 (KHTML, like Gecko) Chrome/52.0.2743.116 Safari/537.36',
  'host' => '39.107.140.181:80',
  'content-type' => '',
)
[ info ] [ PARAM ] array (
)
[ info ] [ LANG ] /home/www/chenganxjh/public/../application/admin/lang/zh-cn.php
[ info ] [ SESSION ] INIT array (
  'id' => '',
  'var_session_id' => '',
  'prefix' => 'think',
  'type' => '',
  'auto_start' => true,
)
[ info ] [ LOG ] INIT File
---------------------------------------------------------------
[ 2019-05-25T22:21:37+08:00 ] 172.17.144.244 112.125.92.74 HEAD /
[ info ] 39.107.140.181/ [运行时间：0.017450s][吞吐率：57.31req/s] [内存消耗：2,225.41kb] [文件加载：55]
[ info ] [ LANG ] /home/www/chenganxjh/thinkphp/lang/zh-cn.php
[ info ] [ ROUTE ] array (
  'type' => 'module',
  'module' => 
  array (
    0 => '',
    1 => NULL,
    2 => NULL,
  ),
)
[ info ] [ HEADER ] array (
  'host' => '39.107.140.181',
  'content-type' => '',
  'content-length' => '',
)
[ info ] [ PARAM ] array (
)
[ info ] [ LANG ] /home/www/chenganxjh/public/../application/admin/lang/zh-cn.php
[ info ] [ SESSION ] INIT array (
  'id' => '',
  'var_session_id' => '',
  'prefix' => 'think',
  'type' => '',
  'auto_start' => true,
)
[ info ] [ LOG ] INIT File
---------------------------------------------------------------
[ 2019-05-25T22:44:26+08:00 ] 172.17.144.244 121.101.185.54 GET /
[ info ] 39.107.140.181:80/ [运行时间：0.018123s][吞吐率：55.18req/s] [内存消耗：2,226.26kb] [文件加载：55]
[ info ] [ LANG ] /home/www/chenganxjh/thinkphp/lang/zh-cn.php
[ info ] [ ROUTE ] array (
  'type' => 'module',
  'module' => 
  array (
    0 => '',
    1 => NULL,
    2 => NULL,
  ),
)
[ info ] [ HEADER ] array (
  'content-length' => '0',
  'user-agent' => 'Mozilla/5.0 (Windows NT 6.1; WOW64) AppleWebKit/537.36 (KHTML, like Gecko) Chrome/52.0.2743.116 Safari/537.36',
  'host' => '39.107.140.181:80',
  'content-type' => '',
)
[ info ] [ PARAM ] array (
)
[ info ] [ LANG ] /home/www/chenganxjh/public/../application/admin/lang/zh-cn.php
[ info ] [ SESSION ] INIT array (
  'id' => '',
  'var_session_id' => '',
  'prefix' => 'think',
  'type' => '',
  'auto_start' => true,
)
[ info ] [ LOG ] INIT File
---------------------------------------------------------------
[ 2019-05-25T23:09:22+08:00 ] 172.17.144.244 85.103.57.5 GET /
[ info ] 39.107.140.181:80/ [运行时间：0.016877s][吞吐率：59.25req/s] [内存消耗：2,226.26kb] [文件加载：55]
[ info ] [ LANG ] /home/www/chenganxjh/thinkphp/lang/zh-cn.php
[ info ] [ ROUTE ] array (
  'type' => 'module',
  'module' => 
  array (
    0 => '',
    1 => NULL,
    2 => NULL,
  ),
)
[ info ] [ HEADER ] array (
  'content-length' => '0',
  'user-agent' => 'Mozilla/5.0 (Windows NT 6.1; WOW64) AppleWebKit/537.36 (KHTML, like Gecko) Chrome/51.0.2704.103 Safari/537.36',
  'host' => '39.107.140.181:80',
  'content-type' => '',
)
[ info ] [ PARAM ] array (
)
[ info ] [ LANG ] /home/www/chenganxjh/public/../application/admin/lang/zh-cn.php
[ info ] [ SESSION ] INIT array (
  'id' => '',
  'var_session_id' => '',
  'prefix' => 'think',
  'type' => '',
  'auto_start' => true,
)
[ info ] [ LOG ] INIT File
