---------------------------------------------------------------
[ 2019-07-06T23:52:14+08:00 ] 172.17.144.244 223.81.193.90 POST /index.php/Wap/Students/get_student_info.html
[ info ] www.tongsafe.com/index.php/Wap/Students/get_student_info.html [运行时间：0.031800s][吞吐率：31.45req/s] [内存消耗：3,255.16kb] [文件加载：64]
[ info ] [ LANG ] /home/www/chenganxjh/thinkphp/lang/zh-cn.php
[ info ] [ ROUTE ] array (
  'type' => 'module',
  'module' => 
  array (
    0 => 'Wap',
    1 => 'Students',
    2 => 'get_student_info',
  ),
)
[ info ] [ HEADER ] array (
  'user-agent' => 'okhttp/3.9.0',
  'accept-encoding' => 'gzip',
  'connection' => 'Keep-Alive',
  'host' => 'www.tongsafe.com',
  'content-length' => '42',
  'content-type' => 'application/json; charset=UTF-8',
)
[ info ] [ PARAM ] array (
  'key' => 'fa29736e190dcde43c97b0fcd7516754',
)
[ info ] [ LANG ] /home/www/chenganxjh/public/../application/wap/lang/zh-cn.php
[ info ] [ CACHE ] INIT File
[ info ] [ DB ] INIT mysql
[ info ] [ RUN ] app\wap\controller\Students->get_student_info[ /home/www/chenganxjh/application/wap/controller/Students.php ]
[ info ] [ LOG ] INIT File
[ sql ] [ DB ] CONNECT:[ UseTime:0.000886s ] mysql:host=39.107.140.181;port=3306;dbname=xjh;charset=utf8mb4
[ sql ] [ SQL ] SHOW COLUMNS FROM `x_mbusertoken` [ RunTime:0.000907s ]
[ sql ] [ SQL ] SELECT * FROM `x_mbusertoken` WHERE  `token` = 'fa29736e190dcde43c97b0fcd7516754' LIMIT 1 [ RunTime:0.000578s ]
[ sql ] [ SQL ] SHOW COLUMNS FROM `x_member` [ RunTime:0.000999s ]
[ sql ] [ SQL ] SELECT * FROM `x_member` WHERE  `member_id` = 100031  AND `is_del` = 1 LIMIT 1 [ RunTime:0.000788s ]
[ sql ] [ SQL ] SHOW COLUMNS FROM `x_seller` [ RunTime:0.000829s ]
[ sql ] [ SQL ] SELECT * FROM `x_seller` WHERE  `member_id` = 100031 LIMIT 1 [ RunTime:0.000593s ]
[ sql ] [ SQL ] SELECT * FROM `x_member` WHERE  `member_id` = 100031 LIMIT 1 [ RunTime:0.000744s ]
[ sql ] [ SQL ] SHOW COLUMNS FROM `x_student` [ RunTime:0.000847s ]
[ sql ] [ SQL ] SELECT `s`.`s_id`,`s`.`s_name`,`s`.`s_schoolid`,`sc`.`name`,`s`.`s_classid`,`cl`.`classname`,`cl`.`classCard` FROM `x_student` `s` LEFT JOIN `x_school` `sc` ON `sc`.`schoolid`=`s`.`s_schoolid` LEFT JOIN `x_class` `cl` ON `cl`.`classid`=`s`.`s_classid` WHERE  `s_del` = 1  AND `s_ownerAccount` = '100031' [ RunTime:0.000770s ]
---------------------------------------------------------------
[ 2019-07-06T23:52:14+08:00 ] 172.17.144.244 223.81.193.90 POST /index.php/Wap/Students/get_student_info.html
[ info ] www.tongsafe.com/index.php/Wap/Students/get_student_info.html [运行时间：0.032444s][吞吐率：30.82req/s] [内存消耗：3,254.84kb] [文件加载：64]
[ info ] [ LANG ] /home/www/chenganxjh/thinkphp/lang/zh-cn.php
[ info ] [ ROUTE ] array (
  'type' => 'module',
  'module' => 
  array (
    0 => 'Wap',
    1 => 'Students',
    2 => 'get_student_info',
  ),
)
[ info ] [ HEADER ] array (
  'user-agent' => 'okhttp/3.9.0',
  'accept-encoding' => 'gzip',
  'connection' => 'Keep-Alive',
  'host' => 'www.tongsafe.com',
  'content-length' => '42',
  'content-type' => 'application/json; charset=UTF-8',
)
[ info ] [ PARAM ] array (
  'key' => 'fa29736e190dcde43c97b0fcd7516754',
)
[ info ] [ LANG ] /home/www/chenganxjh/public/../application/wap/lang/zh-cn.php
[ info ] [ CACHE ] INIT File
[ info ] [ DB ] INIT mysql
[ info ] [ RUN ] app\wap\controller\Students->get_student_info[ /home/www/chenganxjh/application/wap/controller/Students.php ]
[ info ] [ LOG ] INIT File
[ sql ] [ DB ] CONNECT:[ UseTime:0.000873s ] mysql:host=39.107.140.181;port=3306;dbname=xjh;charset=utf8mb4
[ sql ] [ SQL ] SHOW COLUMNS FROM `x_mbusertoken` [ RunTime:0.000984s ]
[ sql ] [ SQL ] SELECT * FROM `x_mbusertoken` WHERE  `token` = 'fa29736e190dcde43c97b0fcd7516754' LIMIT 1 [ RunTime:0.000614s ]
[ sql ] [ SQL ] SHOW COLUMNS FROM `x_member` [ RunTime:0.001025s ]
[ sql ] [ SQL ] SELECT * FROM `x_member` WHERE  `member_id` = 100031  AND `is_del` = 1 LIMIT 1 [ RunTime:0.000810s ]
[ sql ] [ SQL ] SHOW COLUMNS FROM `x_seller` [ RunTime:0.000717s ]
[ sql ] [ SQL ] SELECT * FROM `x_seller` WHERE  `member_id` = 100031 LIMIT 1 [ RunTime:0.000552s ]
[ sql ] [ SQL ] SELECT * FROM `x_member` WHERE  `member_id` = 100031 LIMIT 1 [ RunTime:0.000692s ]
[ sql ] [ SQL ] SHOW COLUMNS FROM `x_student` [ RunTime:0.000810s ]
[ sql ] [ SQL ] SELECT `s`.`s_id`,`s`.`s_name`,`s`.`s_schoolid`,`sc`.`name`,`s`.`s_classid`,`cl`.`classname`,`cl`.`classCard` FROM `x_student` `s` LEFT JOIN `x_school` `sc` ON `sc`.`schoolid`=`s`.`s_schoolid` LEFT JOIN `x_class` `cl` ON `cl`.`classid`=`s`.`s_classid` WHERE  `s_del` = 1  AND `s_ownerAccount` = '100031' [ RunTime:0.000669s ]
---------------------------------------------------------------
[ 2019-07-06T23:52:14+08:00 ] 172.17.144.244 223.81.193.90 POST /index.php/Wap/Students/get_student_info.html
[ info ] www.tongsafe.com/index.php/Wap/Students/get_student_info.html [运行时间：0.031300s][吞吐率：31.95req/s] [内存消耗：3,254.84kb] [文件加载：64]
[ info ] [ LANG ] /home/www/chenganxjh/thinkphp/lang/zh-cn.php
[ info ] [ ROUTE ] array (
  'type' => 'module',
  'module' => 
  array (
    0 => 'Wap',
    1 => 'Students',
    2 => 'get_student_info',
  ),
)
[ info ] [ HEADER ] array (
  'user-agent' => 'okhttp/3.9.0',
  'accept-encoding' => 'gzip',
  'connection' => 'Keep-Alive',
  'host' => 'www.tongsafe.com',
  'content-length' => '42',
  'content-type' => 'application/json; charset=UTF-8',
)
[ info ] [ PARAM ] array (
  'key' => 'fa29736e190dcde43c97b0fcd7516754',
)
[ info ] [ LANG ] /home/www/chenganxjh/public/../application/wap/lang/zh-cn.php
[ info ] [ CACHE ] INIT File
[ info ] [ DB ] INIT mysql
[ info ] [ RUN ] app\wap\controller\Students->get_student_info[ /home/www/chenganxjh/application/wap/controller/Students.php ]
[ info ] [ LOG ] INIT File
[ sql ] [ DB ] CONNECT:[ UseTime:0.000951s ] mysql:host=39.107.140.181;port=3306;dbname=xjh;charset=utf8mb4
[ sql ] [ SQL ] SHOW COLUMNS FROM `x_mbusertoken` [ RunTime:0.000979s ]
[ sql ] [ SQL ] SELECT * FROM `x_mbusertoken` WHERE  `token` = 'fa29736e190dcde43c97b0fcd7516754' LIMIT 1 [ RunTime:0.000632s ]
[ sql ] [ SQL ] SHOW COLUMNS FROM `x_member` [ RunTime:0.001038s ]
[ sql ] [ SQL ] SELECT * FROM `x_member` WHERE  `member_id` = 100031  AND `is_del` = 1 LIMIT 1 [ RunTime:0.000784s ]
[ sql ] [ SQL ] SHOW COLUMNS FROM `x_seller` [ RunTime:0.000745s ]
[ sql ] [ SQL ] SELECT * FROM `x_seller` WHERE  `member_id` = 100031 LIMIT 1 [ RunTime:0.000519s ]
[ sql ] [ SQL ] SELECT * FROM `x_member` WHERE  `member_id` = 100031 LIMIT 1 [ RunTime:0.000708s ]
[ sql ] [ SQL ] SHOW COLUMNS FROM `x_student` [ RunTime:0.000779s ]
[ sql ] [ SQL ] SELECT `s`.`s_id`,`s`.`s_name`,`s`.`s_schoolid`,`sc`.`name`,`s`.`s_classid`,`cl`.`classname`,`cl`.`classCard` FROM `x_student` `s` LEFT JOIN `x_school` `sc` ON `sc`.`schoolid`=`s`.`s_schoolid` LEFT JOIN `x_class` `cl` ON `cl`.`classid`=`s`.`s_classid` WHERE  `s_del` = 1  AND `s_ownerAccount` = '100031' [ RunTime:0.000702s ]
---------------------------------------------------------------
[ 2019-07-06T23:52:14+08:00 ] 172.17.144.244 223.81.193.90 POST /index.php/Wap/lookchild/index
[ info ] www.tongsafe.com/index.php/Wap/lookchild/index [运行时间：0.032560s][吞吐率：30.71req/s] [内存消耗：3,211.57kb] [文件加载：64]
[ info ] [ LANG ] /home/www/chenganxjh/thinkphp/lang/zh-cn.php
[ info ] [ ROUTE ] array (
  'type' => 'module',
  'module' => 
  array (
    0 => 'Wap',
    1 => 'lookchild',
    2 => 'index',
  ),
)
[ info ] [ HEADER ] array (
  'user-agent' => 'okhttp/3.9.0',
  'accept-encoding' => 'gzip',
  'connection' => 'Keep-Alive',
  'host' => 'www.tongsafe.com',
  'content-length' => '76',
  'content-type' => 'application/json; charset=UTF-8',
)
[ info ] [ PARAM ] array (
  'key' => 'fa29736e190dcde43c97b0fcd7516754',
  'member_id' => '100031',
  'sid' => '8106',
)
[ info ] [ LANG ] /home/www/chenganxjh/public/../application/wap/lang/zh-cn.php
[ info ] [ CACHE ] INIT File
[ info ] [ RUN ] app\wap\controller\Lookchild->index[ /home/www/chenganxjh/application/wap/controller/Lookchild.php ]
[ info ] [ DB ] INIT mysql
[ info ] [ LOG ] INIT File
[ sql ] [ DB ] CONNECT:[ UseTime:0.000959s ] mysql:host=39.107.140.181;port=3306;dbname=xjh;charset=utf8mb4
[ sql ] [ SQL ] SHOW COLUMNS FROM `x_member` [ RunTime:0.001228s ]
[ sql ] [ SQL ] SELECT * FROM `x_member` WHERE  `member_id` = 100031 LIMIT 1 [ RunTime:0.000866s ]
[ sql ] [ SQL ] SHOW COLUMNS FROM `x_student` [ RunTime:0.000868s ]
[ sql ] [ SQL ] SELECT `s`.`s_id`,`s`.`s_name`,`s`.`s_region`,`sc`.`schoolid`,`sc`.`name`,`sc`.`res_group_id`,`cl`.`classid`,`cl`.`classname`,`cl`.`classCard`,cl.res_group_id as clres_group_id FROM `x_student` `s` LEFT JOIN `x_school` `sc` ON `sc`.`schoolid`=`s`.`s_schoolid` LEFT JOIN `x_class` `cl` ON `cl`.`classid`=`s`.`s_classid` WHERE  `s_ownerAccount` = '100031'  AND `s_del` = 1 [ RunTime:0.000761s ]
[ sql ] [ SQL ] SHOW COLUMNS FROM `x_packagetime` [ RunTime:0.000813s ]
[ sql ] [ SQL ] SELECT * FROM `x_packagetime` WHERE  `pkg_type` = 1  AND `s_id` = 8106 LIMIT 1 [ RunTime:0.000568s ]
[ sql ] [ SQL ] SELECT `s`.`s_id`,`s`.`s_name`,`s`.`s_region`,`sc`.`schoolid`,`sc`.`name`,`sc`.`res_group_id`,`cl`.`classid`,`cl`.`classname`,`cl`.`classCard`,cl.res_group_id as clres_group_id,`sc`.`provinceid`,`sc`.`cityid`,`sc`.`areaid` FROM `x_student` `s` LEFT JOIN `x_school` `sc` ON `sc`.`schoolid`=`s`.`s_schoolid` LEFT JOIN `x_class` `cl` ON `cl`.`classid`=`s`.`s_classid` WHERE  `s_id` = 8106 LIMIT 1 [ RunTime:0.000616s ]
[ sql ] [ SQL ] SHOW COLUMNS FROM `x_camera` [ RunTime:0.000840s ]
[ sql ] [ SQL ] SELECT `ability`,`channelid`,`companyid`,`deviceid`,`id`,`name`,`online`,`parentid`,`type`,`is_classroom`,`status`,`begintime`,`endtime` FROM `x_camera` WHERE  `parentid` = 3772 OR `parentid` = 3771 ORDER BY cid desc [ RunTime:0.000574s ]
---------------------------------------------------------------
[ 2019-07-06T23:52:14+08:00 ] 172.17.144.244 223.81.193.90 POST /index.php/Wap/lookchild/index
[ info ] www.tongsafe.com/index.php/Wap/lookchild/index [运行时间：0.031595s][吞吐率：31.65req/s] [内存消耗：3,211.57kb] [文件加载：64]
[ info ] [ LANG ] /home/www/chenganxjh/thinkphp/lang/zh-cn.php
[ info ] [ ROUTE ] array (
  'type' => 'module',
  'module' => 
  array (
    0 => 'Wap',
    1 => 'lookchild',
    2 => 'index',
  ),
)
[ info ] [ HEADER ] array (
  'user-agent' => 'okhttp/3.9.0',
  'accept-encoding' => 'gzip',
  'connection' => 'Keep-Alive',
  'host' => 'www.tongsafe.com',
  'content-length' => '76',
  'content-type' => 'application/json; charset=UTF-8',
)
[ info ] [ PARAM ] array (
  'key' => 'fa29736e190dcde43c97b0fcd7516754',
  'member_id' => '100031',
  'sid' => '8106',
)
[ info ] [ LANG ] /home/www/chenganxjh/public/../application/wap/lang/zh-cn.php
[ info ] [ CACHE ] INIT File
[ info ] [ RUN ] app\wap\controller\Lookchild->index[ /home/www/chenganxjh/application/wap/controller/Lookchild.php ]
[ info ] [ DB ] INIT mysql
[ info ] [ LOG ] INIT File
[ sql ] [ DB ] CONNECT:[ UseTime:0.000964s ] mysql:host=39.107.140.181;port=3306;dbname=xjh;charset=utf8mb4
[ sql ] [ SQL ] SHOW COLUMNS FROM `x_member` [ RunTime:0.001227s ]
[ sql ] [ SQL ] SELECT * FROM `x_member` WHERE  `member_id` = 100031 LIMIT 1 [ RunTime:0.000821s ]
[ sql ] [ SQL ] SHOW COLUMNS FROM `x_student` [ RunTime:0.000868s ]
[ sql ] [ SQL ] SELECT `s`.`s_id`,`s`.`s_name`,`s`.`s_region`,`sc`.`schoolid`,`sc`.`name`,`sc`.`res_group_id`,`cl`.`classid`,`cl`.`classname`,`cl`.`classCard`,cl.res_group_id as clres_group_id FROM `x_student` `s` LEFT JOIN `x_school` `sc` ON `sc`.`schoolid`=`s`.`s_schoolid` LEFT JOIN `x_class` `cl` ON `cl`.`classid`=`s`.`s_classid` WHERE  `s_ownerAccount` = '100031'  AND `s_del` = 1 [ RunTime:0.000734s ]
[ sql ] [ SQL ] SHOW COLUMNS FROM `x_packagetime` [ RunTime:0.000781s ]
[ sql ] [ SQL ] SELECT * FROM `x_packagetime` WHERE  `pkg_type` = 1  AND `s_id` = 8106 LIMIT 1 [ RunTime:0.000544s ]
[ sql ] [ SQL ] SELECT `s`.`s_id`,`s`.`s_name`,`s`.`s_region`,`sc`.`schoolid`,`sc`.`name`,`sc`.`res_group_id`,`cl`.`classid`,`cl`.`classname`,`cl`.`classCard`,cl.res_group_id as clres_group_id,`sc`.`provinceid`,`sc`.`cityid`,`sc`.`areaid` FROM `x_student` `s` LEFT JOIN `x_school` `sc` ON `sc`.`schoolid`=`s`.`s_schoolid` LEFT JOIN `x_class` `cl` ON `cl`.`classid`=`s`.`s_classid` WHERE  `s_id` = 8106 LIMIT 1 [ RunTime:0.000570s ]
[ sql ] [ SQL ] SHOW COLUMNS FROM `x_camera` [ RunTime:0.000778s ]
[ sql ] [ SQL ] SELECT `ability`,`channelid`,`companyid`,`deviceid`,`id`,`name`,`online`,`parentid`,`type`,`is_classroom`,`status`,`begintime`,`endtime` FROM `x_camera` WHERE  `parentid` = 3772 OR `parentid` = 3771 ORDER BY cid desc [ RunTime:0.000537s ]
---------------------------------------------------------------
[ 2019-07-06T23:52:15+08:00 ] 172.17.144.244 223.81.193.90 POST /index.php/Wap/teacherhome/index
[ info ] www.tongsafe.com/index.php/Wap/teacherhome/index [运行时间：0.029739s][吞吐率：33.63req/s] [内存消耗：3,330.11kb] [文件加载：66]
[ info ] [ LANG ] /home/www/chenganxjh/thinkphp/lang/zh-cn.php
[ info ] [ ROUTE ] array (
  'type' => 'module',
  'module' => 
  array (
    0 => 'Wap',
    1 => 'teacherhome',
    2 => 'index',
  ),
)
[ info ] [ HEADER ] array (
  'accept-language' => 'zh-CN,en-US;q=0.9',
  'accept-encoding' => 'gzip, deflate',
  'referer' => 'http://www.tongsafe.com/app/teachchild/index.html',
  'content-type' => 'application/x-www-form-urlencoded; charset=UTF-8',
  'user-agent' => 'Mozilla/5.0 (Linux; Android 9; EML-AL00 Build/HUAWEIEML-AL00; wv) AppleWebKit/537.36 (KHTML, like Gecko) Version/4.0 Chrome/71.0.3578.99 Mobile Safari/537.36',
  'x-requested-with' => 'XMLHttpRequest',
  'origin' => 'http://www.tongsafe.com',
  'accept' => 'application/json, text/javascript, */*; q=0.01',
  'content-length' => '45',
  'connection' => 'keep-alive',
  'host' => 'www.tongsafe.com',
)
[ info ] [ PARAM ] array (
  'key' => 'fa29736e190dcde43c97b0fcd7516754',
  'version' => '',
)
[ info ] [ LANG ] /home/www/chenganxjh/public/../application/wap/lang/zh-cn.php
[ info ] [ CACHE ] INIT File
[ info ] [ RUN ] app\wap\controller\Teacherhome->index[ /home/www/chenganxjh/application/wap/controller/Teacherhome.php ]
[ info ] [ DB ] INIT mysql
[ info ] [ LOG ] INIT File
[ sql ] [ DB ] CONNECT:[ UseTime:0.000869s ] mysql:host=39.107.140.181;port=3306;dbname=xjh;charset=utf8mb4
[ sql ] [ SQL ] SHOW COLUMNS FROM `x_teachtype` [ RunTime:0.000936s ]
[ sql ] [ SQL ] SELECT * FROM `x_teachtype` WHERE  `gc_show` = 1 ORDER BY gc_parent_id asc,gc_sort asc,gc_id asc [ RunTime:0.000717s ]
[ sql ] [ SQL ] SELECT * FROM `x_teachtype` WHERE  `gc_parent_id` = 0 ORDER BY gc_sort ASC [ RunTime:0.000594s ]
[ sql ] [ SQL ] SHOW COLUMNS FROM `x_packages` [ RunTime:0.000764s ]
[ sql ] [ SQL ] SELECT `pkg_id`,`pkg_price` FROM `x_packages` WHERE  `pkg_type` = 3 ORDER BY pkg_price asc [ RunTime:0.000461s ]
[ error ] [8]未定义数组索引: childThree[/home/www/chenganxjh/application/wap/controller/Teacherhome.php:47]
[ error ] [2]Invalid argument supplied for foreach()[/home/www/chenganxjh/application/wap/controller/Teacherhome.php:47]
[ error ] [8]未定义数组索引: childThree[/home/www/chenganxjh/application/wap/controller/Teacherhome.php:57]
[ error ] [8]未定义数组索引: childThree[/home/www/chenganxjh/application/wap/controller/Teacherhome.php:47]
[ error ] [2]Invalid argument supplied for foreach()[/home/www/chenganxjh/application/wap/controller/Teacherhome.php:47]
[ error ] [8]未定义数组索引: childThree[/home/www/chenganxjh/application/wap/controller/Teacherhome.php:57]
[ error ] [8]未定义数组索引: childThree[/home/www/chenganxjh/application/wap/controller/Teacherhome.php:47]
[ error ] [2]Invalid argument supplied for foreach()[/home/www/chenganxjh/application/wap/controller/Teacherhome.php:47]
[ error ] [8]未定义数组索引: childThree[/home/www/chenganxjh/application/wap/controller/Teacherhome.php:57]
[ error ] [8]未定义数组索引: childThree[/home/www/chenganxjh/application/wap/controller/Teacherhome.php:47]
[ error ] [2]Invalid argument supplied for foreach()[/home/www/chenganxjh/application/wap/controller/Teacherhome.php:47]
[ error ] [8]未定义数组索引: childThree[/home/www/chenganxjh/application/wap/controller/Teacherhome.php:57]
[ error ] [8]未定义数组索引: childThree[/home/www/chenganxjh/application/wap/controller/Teacherhome.php:47]
[ error ] [2]Invalid argument supplied for foreach()[/home/www/chenganxjh/application/wap/controller/Teacherhome.php:47]
[ error ] [8]未定义数组索引: childThree[/home/www/chenganxjh/application/wap/controller/Teacherhome.php:57]
[ error ] [8]未定义数组索引: childThree[/home/www/chenganxjh/application/wap/controller/Teacherhome.php:47]
[ error ] [2]Invalid argument supplied for foreach()[/home/www/chenganxjh/application/wap/controller/Teacherhome.php:47]
[ error ] [8]未定义数组索引: childThree[/home/www/chenganxjh/application/wap/controller/Teacherhome.php:57]
[ error ] [8]未定义数组索引: childThree[/home/www/chenganxjh/application/wap/controller/Teacherhome.php:47]
[ error ] [2]Invalid argument supplied for foreach()[/home/www/chenganxjh/application/wap/controller/Teacherhome.php:47]
[ error ] [8]未定义数组索引: childThree[/home/www/chenganxjh/application/wap/controller/Teacherhome.php:57]
[ error ] [8]未定义数组索引: childThree[/home/www/chenganxjh/application/wap/controller/Teacherhome.php:47]
[ error ] [2]Invalid argument supplied for foreach()[/home/www/chenganxjh/application/wap/controller/Teacherhome.php:47]
[ error ] [8]未定义数组索引: childThree[/home/www/chenganxjh/application/wap/controller/Teacherhome.php:57]
[ error ] [8]未定义数组索引: childThree[/home/www/chenganxjh/application/wap/controller/Teacherhome.php:47]
[ error ] [2]Invalid argument supplied for foreach()[/home/www/chenganxjh/application/wap/controller/Teacherhome.php:47]
[ error ] [8]未定义数组索引: childThree[/home/www/chenganxjh/application/wap/controller/Teacherhome.php:57]
[ error ] [8]未定义数组索引: childFour[/home/www/chenganxjh/application/wap/controller/Teacherhome.php:53]
[ error ] [8]未定义数组索引: childFour[/home/www/chenganxjh/application/wap/controller/Teacherhome.php:53]
[ error ] [8]未定义数组索引: childFour[/home/www/chenganxjh/application/wap/controller/Teacherhome.php:53]
[ error ] [8]未定义数组索引: childThree[/home/www/chenganxjh/application/wap/controller/Teacherhome.php:47]
[ error ] [2]Invalid argument supplied for foreach()[/home/www/chenganxjh/application/wap/controller/Teacherhome.php:47]
[ error ] [8]未定义数组索引: childThree[/home/www/chenganxjh/application/wap/controller/Teacherhome.php:57]
[ error ] [8]未定义数组索引: childThree[/home/www/chenganxjh/application/wap/controller/Teacherhome.php:47]
[ error ] [2]Invalid argument supplied for foreach()[/home/www/chenganxjh/application/wap/controller/Teacherhome.php:47]
[ error ] [8]未定义数组索引: childThree[/home/www/chenganxjh/application/wap/controller/Teacherhome.php:57]
---------------------------------------------------------------
[ 2019-07-06T23:52:15+08:00 ] 172.17.144.244 223.81.193.90 POST /index.php/Wap/Teacherhome/lists
[ info ] www.tongsafe.com/index.php/Wap/Teacherhome/lists [运行时间：0.025021s][吞吐率：39.97req/s] [内存消耗：3,168.07kb] [文件加载：65]
[ info ] [ LANG ] /home/www/chenganxjh/thinkphp/lang/zh-cn.php
[ info ] [ ROUTE ] array (
  'type' => 'module',
  'module' => 
  array (
    0 => 'Wap',
    1 => 'Teacherhome',
    2 => 'lists',
  ),
)
[ info ] [ HEADER ] array (
  'accept-language' => 'zh-CN,en-US;q=0.9',
  'accept-encoding' => 'gzip, deflate',
  'referer' => 'http://www.tongsafe.com/app/teachchild/index.html',
  'content-type' => 'application/x-www-form-urlencoded; charset=UTF-8',
  'user-agent' => 'Mozilla/5.0 (Linux; Android 9; EML-AL00 Build/HUAWEIEML-AL00; wv) AppleWebKit/537.36 (KHTML, like Gecko) Version/4.0 Chrome/71.0.3578.99 Mobile Safari/537.36',
  'x-requested-with' => 'XMLHttpRequest',
  'origin' => 'http://www.tongsafe.com',
  'accept' => 'application/json, text/javascript, */*; q=0.01',
  'content-length' => '27',
  'connection' => 'keep-alive',
  'host' => 'www.tongsafe.com',
)
[ info ] [ PARAM ] array (
  'recommend' => '2',
  'page' => '1',
  'version' => '',
)
[ info ] [ LANG ] /home/www/chenganxjh/public/../application/wap/lang/zh-cn.php
[ info ] [ CACHE ] INIT File
[ info ] [ RUN ] app\wap\controller\Teacherhome->lists[ /home/www/chenganxjh/application/wap/controller/Teacherhome.php ]
[ info ] [ DB ] INIT mysql
[ info ] [ LOG ] INIT File
[ error ] [8]未定义变量: order[/home/www/chenganxjh/application/wap/controller/Teacherhome.php:152]
[ sql ] [ DB ] CONNECT:[ UseTime:0.000849s ] mysql:host=39.107.140.181;port=3306;dbname=xjh;charset=utf8mb4
[ sql ] [ SQL ] select t_id,t_url,t_videoimg,t_picture,t_title,t_profile,t_price,t_userid,t_author from x_teachchild where t_audit=3 and t_del=1 and t_recommend=2 order by t_id desc limit 0,10 [ RunTime:0.000845s ]
---------------------------------------------------------------
[ 2019-07-06T23:54:29+08:00 ] 172.17.144.244 223.81.193.90 POST /index.php/Wap/Common/get_version
[ info ] www.tongsafe.com/index.php/Wap/Common/get_version [运行时间：0.024385s][吞吐率：41.01req/s] [内存消耗：2,810.86kb] [文件加载：60]
[ info ] [ LANG ] /home/www/chenganxjh/thinkphp/lang/zh-cn.php
[ info ] [ ROUTE ] array (
  'type' => 'module',
  'module' => 
  array (
    0 => 'Wap',
    1 => 'Common',
    2 => 'get_version',
  ),
)
[ info ] [ HEADER ] array (
  'content-length' => '13',
  'accept-encoding' => 'gzip',
  'connection' => 'Keep-Alive',
  'host' => 'www.tongsafe.com',
  'user-agent' => 'Dalvik/2.1.0 (Linux; U; Android 9; EML-AL00 Build/HUAWEIEML-AL00)',
  'accept' => 'application/json',
  'content-type' => 'application/json;charset=UTF-8',
)
[ info ] [ PARAM ] array (
  'type' => '1',
)
[ info ] [ LANG ] /home/www/chenganxjh/public/../application/wap/lang/zh-cn.php
[ info ] [ CACHE ] INIT File
[ info ] [ RUN ] app\wap\controller\Common->get_version[ /home/www/chenganxjh/application/wap/controller/Common.php ]
[ info ] [ DB ] INIT mysql
[ info ] [ LOG ] INIT File
[ sql ] [ DB ] CONNECT:[ UseTime:0.000976s ] mysql:host=39.107.140.181;port=3306;dbname=xjh;charset=utf8mb4
[ sql ] [ SQL ] SHOW COLUMNS FROM `x_version_update` [ RunTime:0.000979s ]
[ sql ] [ SQL ] SELECT * FROM `x_version_update` WHERE  (  type=1 ) ORDER BY id DESC LIMIT 1 [ RunTime:0.000586s ]
---------------------------------------------------------------
[ 2019-07-06T23:54:29+08:00 ] 172.17.144.244 223.81.193.90 POST /index.php/Wap/Member/info.html
[ info ] www.tongsafe.com/index.php/Wap/Member/info.html [运行时间：0.039452s][吞吐率：25.35req/s] [内存消耗：3,426.03kb] [文件加载：64]
[ info ] [ LANG ] /home/www/chenganxjh/thinkphp/lang/zh-cn.php
[ info ] [ ROUTE ] array (
  'type' => 'module',
  'module' => 
  array (
    0 => 'Wap',
    1 => 'Member',
    2 => 'info',
  ),
)
[ info ] [ HEADER ] array (
  'user-agent' => 'okhttp/3.9.0',
  'accept-encoding' => 'gzip',
  'connection' => 'Keep-Alive',
  'host' => 'www.tongsafe.com',
  'content-length' => '63',
  'content-type' => 'application/json; charset=UTF-8',
)
[ info ] [ PARAM ] array (
  'key' => 'fa29736e190dcde43c97b0fcd7516754',
  'member_id' => '100031',
)
[ info ] [ LANG ] /home/www/chenganxjh/public/../application/wap/lang/zh-cn.php
[ info ] [ CACHE ] INIT File
[ info ] [ DB ] INIT mysql
[ info ] [ RUN ] app\wap\controller\Member->info[ /home/www/chenganxjh/application/wap/controller/Member.php ]
[ info ] [ LOG ] INIT File
[ sql ] [ DB ] CONNECT:[ UseTime:0.000889s ] mysql:host=39.107.140.181;port=3306;dbname=xjh;charset=utf8mb4
[ sql ] [ SQL ] SHOW COLUMNS FROM `x_mbusertoken` [ RunTime:0.001004s ]
[ sql ] [ SQL ] SELECT * FROM `x_mbusertoken` WHERE  `token` = 'fa29736e190dcde43c97b0fcd7516754' LIMIT 1 [ RunTime:0.000662s ]
[ sql ] [ SQL ] SHOW COLUMNS FROM `x_member` [ RunTime:0.001056s ]
[ sql ] [ SQL ] SELECT * FROM `x_member` WHERE  `member_id` = 100031  AND `is_del` = 1 LIMIT 1 [ RunTime:0.000834s ]
[ sql ] [ SQL ] SHOW COLUMNS FROM `x_seller` [ RunTime:0.000773s ]
[ sql ] [ SQL ] SELECT * FROM `x_seller` WHERE  `member_id` = 100031 LIMIT 1 [ RunTime:0.000558s ]
[ sql ] [ SQL ] SELECT `m`.`member_id`,`m`.`member_paypwd` FROM `x_member` `m` WHERE  (   m.member_id = "100031" ) LIMIT 1 [ RunTime:0.000558s ]
[ sql ] [ SQL ] SELECT `m`.`member_id`,`m`.`member_nickname`,`m`.`member_avatar`,`m`.`member_identity`,`m`.`is_owner`,`m`.`member_age`,`m`.`member_sex`,`m`.`member_email`,`m`.`member_provinceid`,`m`.`member_cityid`,`m`.`member_areaid`,`m`.`member_jobid` FROM `x_member` `m` WHERE  (   m.member_id = "100031" ) LIMIT 1 [ RunTime:0.000551s ]
[ sql ] [ SQL ] SELECT COUNT(*) AS tp_count FROM `x_member` WHERE  (  is_owner = "100031" ) LIMIT 1 [ RunTime:0.000561s ]
[ sql ] [ SQL ] SHOW COLUMNS FROM `x_area` [ RunTime:0.000749s ]
[ sql ] [ SQL ] SELECT `area_name` FROM `x_area` WHERE  (  area_id = "0" ) LIMIT 1 [ RunTime:0.000445s ]
[ sql ] [ SQL ] SELECT `area_name` FROM `x_area` WHERE  (  area_id = "0" ) LIMIT 1 [ RunTime:0.000473s ]
[ sql ] [ SQL ] SELECT `area_name` FROM `x_area` WHERE  (  area_id = "0" ) LIMIT 1 [ RunTime:0.000447s ]
[ sql ] [ SQL ] SHOW COLUMNS FROM `x_industry` [ RunTime:0.000683s ]
[ sql ] [ SQL ] SELECT `name` FROM `x_industry` WHERE  (  id = "0" ) LIMIT 1 [ RunTime:0.000451s ]
---------------------------------------------------------------
[ 2019-07-06T23:54:30+08:00 ] 172.17.144.244 223.81.193.90 POST /index.php/Wap/Students/get_student_info.html
[ info ] www.tongsafe.com/index.php/Wap/Students/get_student_info.html [运行时间：0.033096s][吞吐率：30.22req/s] [内存消耗：3,254.84kb] [文件加载：64]
[ info ] [ LANG ] /home/www/chenganxjh/thinkphp/lang/zh-cn.php
[ info ] [ ROUTE ] array (
  'type' => 'module',
  'module' => 
  array (
    0 => 'Wap',
    1 => 'Students',
    2 => 'get_student_info',
  ),
)
[ info ] [ HEADER ] array (
  'user-agent' => 'okhttp/3.9.0',
  'accept-encoding' => 'gzip',
  'connection' => 'Keep-Alive',
  'host' => 'www.tongsafe.com',
  'content-length' => '42',
  'content-type' => 'application/json; charset=UTF-8',
)
[ info ] [ PARAM ] array (
  'key' => 'fa29736e190dcde43c97b0fcd7516754',
)
[ info ] [ LANG ] /home/www/chenganxjh/public/../application/wap/lang/zh-cn.php
[ info ] [ CACHE ] INIT File
[ info ] [ DB ] INIT mysql
[ info ] [ RUN ] app\wap\controller\Students->get_student_info[ /home/www/chenganxjh/application/wap/controller/Students.php ]
[ info ] [ LOG ] INIT File
[ sql ] [ DB ] CONNECT:[ UseTime:0.000904s ] mysql:host=39.107.140.181;port=3306;dbname=xjh;charset=utf8mb4
[ sql ] [ SQL ] SHOW COLUMNS FROM `x_mbusertoken` [ RunTime:0.000939s ]
[ sql ] [ SQL ] SELECT * FROM `x_mbusertoken` WHERE  `token` = 'fa29736e190dcde43c97b0fcd7516754' LIMIT 1 [ RunTime:0.000633s ]
[ sql ] [ SQL ] SHOW COLUMNS FROM `x_member` [ RunTime:0.001060s ]
[ sql ] [ SQL ] SELECT * FROM `x_member` WHERE  `member_id` = 100031  AND `is_del` = 1 LIMIT 1 [ RunTime:0.000817s ]
[ sql ] [ SQL ] SHOW COLUMNS FROM `x_seller` [ RunTime:0.000748s ]
[ sql ] [ SQL ] SELECT * FROM `x_seller` WHERE  `member_id` = 100031 LIMIT 1 [ RunTime:0.000521s ]
[ sql ] [ SQL ] SELECT * FROM `x_member` WHERE  `member_id` = 100031 LIMIT 1 [ RunTime:0.000703s ]
[ sql ] [ SQL ] SHOW COLUMNS FROM `x_student` [ RunTime:0.000752s ]
[ sql ] [ SQL ] SELECT `s`.`s_id`,`s`.`s_name`,`s`.`s_schoolid`,`sc`.`name`,`s`.`s_classid`,`cl`.`classname`,`cl`.`classCard` FROM `x_student` `s` LEFT JOIN `x_school` `sc` ON `sc`.`schoolid`=`s`.`s_schoolid` LEFT JOIN `x_class` `cl` ON `cl`.`classid`=`s`.`s_classid` WHERE  `s_del` = 1  AND `s_ownerAccount` = '100031' [ RunTime:0.000708s ]
---------------------------------------------------------------
[ 2019-07-06T23:54:30+08:00 ] 172.17.144.244 223.81.193.90 POST /index.php/Wap/Students/get_student_info.html
[ info ] www.tongsafe.com/index.php/Wap/Students/get_student_info.html [运行时间：0.030941s][吞吐率：32.32req/s] [内存消耗：3,254.84kb] [文件加载：64]
[ info ] [ LANG ] /home/www/chenganxjh/thinkphp/lang/zh-cn.php
[ info ] [ ROUTE ] array (
  'type' => 'module',
  'module' => 
  array (
    0 => 'Wap',
    1 => 'Students',
    2 => 'get_student_info',
  ),
)
[ info ] [ HEADER ] array (
  'user-agent' => 'okhttp/3.9.0',
  'accept-encoding' => 'gzip',
  'connection' => 'Keep-Alive',
  'host' => 'www.tongsafe.com',
  'content-length' => '42',
  'content-type' => 'application/json; charset=UTF-8',
)
[ info ] [ PARAM ] array (
  'key' => 'fa29736e190dcde43c97b0fcd7516754',
)
[ info ] [ LANG ] /home/www/chenganxjh/public/../application/wap/lang/zh-cn.php
[ info ] [ CACHE ] INIT File
[ info ] [ DB ] INIT mysql
[ info ] [ RUN ] app\wap\controller\Students->get_student_info[ /home/www/chenganxjh/application/wap/controller/Students.php ]
[ info ] [ LOG ] INIT File
[ sql ] [ DB ] CONNECT:[ UseTime:0.000805s ] mysql:host=39.107.140.181;port=3306;dbname=xjh;charset=utf8mb4
[ sql ] [ SQL ] SHOW COLUMNS FROM `x_mbusertoken` [ RunTime:0.000852s ]
[ sql ] [ SQL ] SELECT * FROM `x_mbusertoken` WHERE  `token` = 'fa29736e190dcde43c97b0fcd7516754' LIMIT 1 [ RunTime:0.000594s ]
[ sql ] [ SQL ] SHOW COLUMNS FROM `x_member` [ RunTime:0.001022s ]
[ sql ] [ SQL ] SELECT * FROM `x_member` WHERE  `member_id` = 100031  AND `is_del` = 1 LIMIT 1 [ RunTime:0.000797s ]
[ sql ] [ SQL ] SHOW COLUMNS FROM `x_seller` [ RunTime:0.000735s ]
[ sql ] [ SQL ] SELECT * FROM `x_seller` WHERE  `member_id` = 100031 LIMIT 1 [ RunTime:0.000509s ]
[ sql ] [ SQL ] SELECT * FROM `x_member` WHERE  `member_id` = 100031 LIMIT 1 [ RunTime:0.000665s ]
[ sql ] [ SQL ] SHOW COLUMNS FROM `x_student` [ RunTime:0.000750s ]
[ sql ] [ SQL ] SELECT `s`.`s_id`,`s`.`s_name`,`s`.`s_schoolid`,`sc`.`name`,`s`.`s_classid`,`cl`.`classname`,`cl`.`classCard` FROM `x_student` `s` LEFT JOIN `x_school` `sc` ON `sc`.`schoolid`=`s`.`s_schoolid` LEFT JOIN `x_class` `cl` ON `cl`.`classid`=`s`.`s_classid` WHERE  `s_del` = 1  AND `s_ownerAccount` = '100031' [ RunTime:0.000672s ]
---------------------------------------------------------------
[ 2019-07-06T23:54:30+08:00 ] 172.17.144.244 223.81.193.90 POST /index.php/Wap/Students/get_student_info.html
[ info ] www.tongsafe.com/index.php/Wap/Students/get_student_info.html [运行时间：0.031967s][吞吐率：31.28req/s] [内存消耗：3,254.84kb] [文件加载：64]
[ info ] [ LANG ] /home/www/chenganxjh/thinkphp/lang/zh-cn.php
[ info ] [ ROUTE ] array (
  'type' => 'module',
  'module' => 
  array (
    0 => 'Wap',
    1 => 'Students',
    2 => 'get_student_info',
  ),
)
[ info ] [ HEADER ] array (
  'user-agent' => 'okhttp/3.9.0',
  'accept-encoding' => 'gzip',
  'connection' => 'Keep-Alive',
  'host' => 'www.tongsafe.com',
  'content-length' => '42',
  'content-type' => 'application/json; charset=UTF-8',
)
[ info ] [ PARAM ] array (
  'key' => 'fa29736e190dcde43c97b0fcd7516754',
)
[ info ] [ LANG ] /home/www/chenganxjh/public/../application/wap/lang/zh-cn.php
[ info ] [ CACHE ] INIT File
[ info ] [ DB ] INIT mysql
[ info ] [ RUN ] app\wap\controller\Students->get_student_info[ /home/www/chenganxjh/application/wap/controller/Students.php ]
[ info ] [ LOG ] INIT File
[ sql ] [ DB ] CONNECT:[ UseTime:0.000905s ] mysql:host=39.107.140.181;port=3306;dbname=xjh;charset=utf8mb4
[ sql ] [ SQL ] SHOW COLUMNS FROM `x_mbusertoken` [ RunTime:0.000888s ]
[ sql ] [ SQL ] SELECT * FROM `x_mbusertoken` WHERE  `token` = 'fa29736e190dcde43c97b0fcd7516754' LIMIT 1 [ RunTime:0.000623s ]
[ sql ] [ SQL ] SHOW COLUMNS FROM `x_member` [ RunTime:0.001050s ]
[ sql ] [ SQL ] SELECT * FROM `x_member` WHERE  `member_id` = 100031  AND `is_del` = 1 LIMIT 1 [ RunTime:0.000842s ]
[ sql ] [ SQL ] SHOW COLUMNS FROM `x_seller` [ RunTime:0.000751s ]
[ sql ] [ SQL ] SELECT * FROM `x_seller` WHERE  `member_id` = 100031 LIMIT 1 [ RunTime:0.000565s ]
[ sql ] [ SQL ] SELECT * FROM `x_member` WHERE  `member_id` = 100031 LIMIT 1 [ RunTime:0.000690s ]
[ sql ] [ SQL ] SHOW COLUMNS FROM `x_student` [ RunTime:0.000785s ]
[ sql ] [ SQL ] SELECT `s`.`s_id`,`s`.`s_name`,`s`.`s_schoolid`,`sc`.`name`,`s`.`s_classid`,`cl`.`classname`,`cl`.`classCard` FROM `x_student` `s` LEFT JOIN `x_school` `sc` ON `sc`.`schoolid`=`s`.`s_schoolid` LEFT JOIN `x_class` `cl` ON `cl`.`classid`=`s`.`s_classid` WHERE  `s_del` = 1  AND `s_ownerAccount` = '100031' [ RunTime:0.000713s ]
---------------------------------------------------------------
[ 2019-07-06T23:54:30+08:00 ] 172.17.144.244 223.81.193.90 POST /index.php/Wap/Students/get_student_info.html
[ info ] www.tongsafe.com/index.php/Wap/Students/get_student_info.html [运行时间：0.031721s][吞吐率：31.52req/s] [内存消耗：3,254.84kb] [文件加载：64]
[ info ] [ LANG ] /home/www/chenganxjh/thinkphp/lang/zh-cn.php
[ info ] [ ROUTE ] array (
  'type' => 'module',
  'module' => 
  array (
    0 => 'Wap',
    1 => 'Students',
    2 => 'get_student_info',
  ),
)
[ info ] [ HEADER ] array (
  'user-agent' => 'okhttp/3.9.0',
  'accept-encoding' => 'gzip',
  'connection' => 'Keep-Alive',
  'host' => 'www.tongsafe.com',
  'content-length' => '42',
  'content-type' => 'application/json; charset=UTF-8',
)
[ info ] [ PARAM ] array (
  'key' => 'fa29736e190dcde43c97b0fcd7516754',
)
[ info ] [ LANG ] /home/www/chenganxjh/public/../application/wap/lang/zh-cn.php
[ info ] [ CACHE ] INIT File
[ info ] [ DB ] INIT mysql
[ info ] [ RUN ] app\wap\controller\Students->get_student_info[ /home/www/chenganxjh/application/wap/controller/Students.php ]
[ info ] [ LOG ] INIT File
[ sql ] [ DB ] CONNECT:[ UseTime:0.000854s ] mysql:host=39.107.140.181;port=3306;dbname=xjh;charset=utf8mb4
[ sql ] [ SQL ] SHOW COLUMNS FROM `x_mbusertoken` [ RunTime:0.000944s ]
[ sql ] [ SQL ] SELECT * FROM `x_mbusertoken` WHERE  `token` = 'fa29736e190dcde43c97b0fcd7516754' LIMIT 1 [ RunTime:0.000609s ]
[ sql ] [ SQL ] SHOW COLUMNS FROM `x_member` [ RunTime:0.001063s ]
[ sql ] [ SQL ] SELECT * FROM `x_member` WHERE  `member_id` = 100031  AND `is_del` = 1 LIMIT 1 [ RunTime:0.000820s ]
[ sql ] [ SQL ] SHOW COLUMNS FROM `x_seller` [ RunTime:0.000737s ]
[ sql ] [ SQL ] SELECT * FROM `x_seller` WHERE  `member_id` = 100031 LIMIT 1 [ RunTime:0.000537s ]
[ sql ] [ SQL ] SELECT * FROM `x_member` WHERE  `member_id` = 100031 LIMIT 1 [ RunTime:0.000695s ]
[ sql ] [ SQL ] SHOW COLUMNS FROM `x_student` [ RunTime:0.000746s ]
[ sql ] [ SQL ] SELECT `s`.`s_id`,`s`.`s_name`,`s`.`s_schoolid`,`sc`.`name`,`s`.`s_classid`,`cl`.`classname`,`cl`.`classCard` FROM `x_student` `s` LEFT JOIN `x_school` `sc` ON `sc`.`schoolid`=`s`.`s_schoolid` LEFT JOIN `x_class` `cl` ON `cl`.`classid`=`s`.`s_classid` WHERE  `s_del` = 1  AND `s_ownerAccount` = '100031' [ RunTime:0.000702s ]
---------------------------------------------------------------
[ 2019-07-06T23:54:30+08:00 ] 172.17.144.244 223.81.193.90 POST /index.php/Wap/lookchild/index
[ info ] www.tongsafe.com/index.php/Wap/lookchild/index [运行时间：0.033042s][吞吐率：30.26req/s] [内存消耗：3,211.57kb] [文件加载：64]
[ info ] [ LANG ] /home/www/chenganxjh/thinkphp/lang/zh-cn.php
[ info ] [ ROUTE ] array (
  'type' => 'module',
  'module' => 
  array (
    0 => 'Wap',
    1 => 'lookchild',
    2 => 'index',
  ),
)
[ info ] [ HEADER ] array (
  'user-agent' => 'okhttp/3.9.0',
  'accept-encoding' => 'gzip',
  'connection' => 'Keep-Alive',
  'host' => 'www.tongsafe.com',
  'content-length' => '76',
  'content-type' => 'application/json; charset=UTF-8',
)
[ info ] [ PARAM ] array (
  'key' => 'fa29736e190dcde43c97b0fcd7516754',
  'member_id' => '100031',
  'sid' => '8106',
)
[ info ] [ LANG ] /home/www/chenganxjh/public/../application/wap/lang/zh-cn.php
[ info ] [ CACHE ] INIT File
[ info ] [ RUN ] app\wap\controller\Lookchild->index[ /home/www/chenganxjh/application/wap/controller/Lookchild.php ]
[ info ] [ DB ] INIT mysql
[ info ] [ LOG ] INIT File
[ sql ] [ DB ] CONNECT:[ UseTime:0.000929s ] mysql:host=39.107.140.181;port=3306;dbname=xjh;charset=utf8mb4
[ sql ] [ SQL ] SHOW COLUMNS FROM `x_member` [ RunTime:0.001194s ]
[ sql ] [ SQL ] SELECT * FROM `x_member` WHERE  `member_id` = 100031 LIMIT 1 [ RunTime:0.000881s ]
[ sql ] [ SQL ] SHOW COLUMNS FROM `x_student` [ RunTime:0.000880s ]
[ sql ] [ SQL ] SELECT `s`.`s_id`,`s`.`s_name`,`s`.`s_region`,`sc`.`schoolid`,`sc`.`name`,`sc`.`res_group_id`,`cl`.`classid`,`cl`.`classname`,`cl`.`classCard`,cl.res_group_id as clres_group_id FROM `x_student` `s` LEFT JOIN `x_school` `sc` ON `sc`.`schoolid`=`s`.`s_schoolid` LEFT JOIN `x_class` `cl` ON `cl`.`classid`=`s`.`s_classid` WHERE  `s_ownerAccount` = '100031'  AND `s_del` = 1 [ RunTime:0.000744s ]
[ sql ] [ SQL ] SHOW COLUMNS FROM `x_packagetime` [ RunTime:0.000762s ]
[ sql ] [ SQL ] SELECT * FROM `x_packagetime` WHERE  `pkg_type` = 1  AND `s_id` = 8106 LIMIT 1 [ RunTime:0.000570s ]
[ sql ] [ SQL ] SELECT `s`.`s_id`,`s`.`s_name`,`s`.`s_region`,`sc`.`schoolid`,`sc`.`name`,`sc`.`res_group_id`,`cl`.`classid`,`cl`.`classname`,`cl`.`classCard`,cl.res_group_id as clres_group_id,`sc`.`provinceid`,`sc`.`cityid`,`sc`.`areaid` FROM `x_student` `s` LEFT JOIN `x_school` `sc` ON `sc`.`schoolid`=`s`.`s_schoolid` LEFT JOIN `x_class` `cl` ON `cl`.`classid`=`s`.`s_classid` WHERE  `s_id` = 8106 LIMIT 1 [ RunTime:0.000615s ]
[ sql ] [ SQL ] SHOW COLUMNS FROM `x_camera` [ RunTime:0.000829s ]
[ sql ] [ SQL ] SELECT `ability`,`channelid`,`companyid`,`deviceid`,`id`,`name`,`online`,`parentid`,`type`,`is_classroom`,`status`,`begintime`,`endtime` FROM `x_camera` WHERE  `parentid` = 3772 OR `parentid` = 3771 ORDER BY cid desc [ RunTime:0.000571s ]
---------------------------------------------------------------
[ 2019-07-06T23:54:30+08:00 ] 172.17.144.244 223.81.193.90 POST /index.php/Wap/lookchild/index
[ info ] www.tongsafe.com/index.php/Wap/lookchild/index [运行时间：0.032662s][吞吐率：30.62req/s] [内存消耗：3,211.57kb] [文件加载：64]
[ info ] [ LANG ] /home/www/chenganxjh/thinkphp/lang/zh-cn.php
[ info ] [ ROUTE ] array (
  'type' => 'module',
  'module' => 
  array (
    0 => 'Wap',
    1 => 'lookchild',
    2 => 'index',
  ),
)
[ info ] [ HEADER ] array (
  'user-agent' => 'okhttp/3.9.0',
  'accept-encoding' => 'gzip',
  'connection' => 'Keep-Alive',
  'host' => 'www.tongsafe.com',
  'content-length' => '76',
  'content-type' => 'application/json; charset=UTF-8',
)
[ info ] [ PARAM ] array (
  'key' => 'fa29736e190dcde43c97b0fcd7516754',
  'member_id' => '100031',
  'sid' => '8106',
)
[ info ] [ LANG ] /home/www/chenganxjh/public/../application/wap/lang/zh-cn.php
[ info ] [ CACHE ] INIT File
[ info ] [ RUN ] app\wap\controller\Lookchild->index[ /home/www/chenganxjh/application/wap/controller/Lookchild.php ]
[ info ] [ DB ] INIT mysql
[ info ] [ LOG ] INIT File
[ sql ] [ DB ] CONNECT:[ UseTime:0.000938s ] mysql:host=39.107.140.181;port=3306;dbname=xjh;charset=utf8mb4
[ sql ] [ SQL ] SHOW COLUMNS FROM `x_member` [ RunTime:0.001233s ]
[ sql ] [ SQL ] SELECT * FROM `x_member` WHERE  `member_id` = 100031 LIMIT 1 [ RunTime:0.000840s ]
[ sql ] [ SQL ] SHOW COLUMNS FROM `x_student` [ RunTime:0.000822s ]
[ sql ] [ SQL ] SELECT `s`.`s_id`,`s`.`s_name`,`s`.`s_region`,`sc`.`schoolid`,`sc`.`name`,`sc`.`res_group_id`,`cl`.`classid`,`cl`.`classname`,`cl`.`classCard`,cl.res_group_id as clres_group_id FROM `x_student` `s` LEFT JOIN `x_school` `sc` ON `sc`.`schoolid`=`s`.`s_schoolid` LEFT JOIN `x_class` `cl` ON `cl`.`classid`=`s`.`s_classid` WHERE  `s_ownerAccount` = '100031'  AND `s_del` = 1 [ RunTime:0.000735s ]
[ sql ] [ SQL ] SHOW COLUMNS FROM `x_packagetime` [ RunTime:0.000754s ]
[ sql ] [ SQL ] SELECT * FROM `x_packagetime` WHERE  `pkg_type` = 1  AND `s_id` = 8106 LIMIT 1 [ RunTime:0.000554s ]
[ sql ] [ SQL ] SELECT `s`.`s_id`,`s`.`s_name`,`s`.`s_region`,`sc`.`schoolid`,`sc`.`name`,`sc`.`res_group_id`,`cl`.`classid`,`cl`.`classname`,`cl`.`classCard`,cl.res_group_id as clres_group_id,`sc`.`provinceid`,`sc`.`cityid`,`sc`.`areaid` FROM `x_student` `s` LEFT JOIN `x_school` `sc` ON `sc`.`schoolid`=`s`.`s_schoolid` LEFT JOIN `x_class` `cl` ON `cl`.`classid`=`s`.`s_classid` WHERE  `s_id` = 8106 LIMIT 1 [ RunTime:0.000664s ]
[ sql ] [ SQL ] SHOW COLUMNS FROM `x_camera` [ RunTime:0.000850s ]
[ sql ] [ SQL ] SELECT `ability`,`channelid`,`companyid`,`deviceid`,`id`,`name`,`online`,`parentid`,`type`,`is_classroom`,`status`,`begintime`,`endtime` FROM `x_camera` WHERE  `parentid` = 3772 OR `parentid` = 3771 ORDER BY cid desc [ RunTime:0.000631s ]
---------------------------------------------------------------
[ 2019-07-06T23:54:31+08:00 ] 172.17.144.244 223.81.193.90 POST /index.php/Wap/teacherhome/index
[ info ] www.tongsafe.com/index.php/Wap/teacherhome/index [运行时间：0.030164s][吞吐率：33.15req/s] [内存消耗：3,330.11kb] [文件加载：66]
[ info ] [ LANG ] /home/www/chenganxjh/thinkphp/lang/zh-cn.php
[ info ] [ ROUTE ] array (
  'type' => 'module',
  'module' => 
  array (
    0 => 'Wap',
    1 => 'teacherhome',
    2 => 'index',
  ),
)
[ info ] [ HEADER ] array (
  'accept-language' => 'zh-CN,en-US;q=0.9',
  'accept-encoding' => 'gzip, deflate',
  'referer' => 'http://www.tongsafe.com/app/teachchild/index.html',
  'content-type' => 'application/x-www-form-urlencoded; charset=UTF-8',
  'user-agent' => 'Mozilla/5.0 (Linux; Android 9; EML-AL00 Build/HUAWEIEML-AL00; wv) AppleWebKit/537.36 (KHTML, like Gecko) Version/4.0 Chrome/71.0.3578.99 Mobile Safari/537.36',
  'x-requested-with' => 'XMLHttpRequest',
  'origin' => 'http://www.tongsafe.com',
  'accept' => 'application/json, text/javascript, */*; q=0.01',
  'content-length' => '45',
  'connection' => 'keep-alive',
  'host' => 'www.tongsafe.com',
)
[ info ] [ PARAM ] array (
  'key' => 'fa29736e190dcde43c97b0fcd7516754',
  'version' => '',
)
[ info ] [ LANG ] /home/www/chenganxjh/public/../application/wap/lang/zh-cn.php
[ info ] [ CACHE ] INIT File
[ info ] [ RUN ] app\wap\controller\Teacherhome->index[ /home/www/chenganxjh/application/wap/controller/Teacherhome.php ]
[ info ] [ DB ] INIT mysql
[ info ] [ LOG ] INIT File
[ sql ] [ DB ] CONNECT:[ UseTime:0.001055s ] mysql:host=39.107.140.181;port=3306;dbname=xjh;charset=utf8mb4
[ sql ] [ SQL ] SHOW COLUMNS FROM `x_teachtype` [ RunTime:0.001085s ]
[ sql ] [ SQL ] SELECT * FROM `x_teachtype` WHERE  `gc_show` = 1 ORDER BY gc_parent_id asc,gc_sort asc,gc_id asc [ RunTime:0.000734s ]
[ sql ] [ SQL ] SELECT * FROM `x_teachtype` WHERE  `gc_parent_id` = 0 ORDER BY gc_sort ASC [ RunTime:0.000624s ]
[ sql ] [ SQL ] SHOW COLUMNS FROM `x_packages` [ RunTime:0.000813s ]
[ sql ] [ SQL ] SELECT `pkg_id`,`pkg_price` FROM `x_packages` WHERE  `pkg_type` = 3 ORDER BY pkg_price asc [ RunTime:0.000574s ]
[ error ] [8]未定义数组索引: childThree[/home/www/chenganxjh/application/wap/controller/Teacherhome.php:47]
[ error ] [2]Invalid argument supplied for foreach()[/home/www/chenganxjh/application/wap/controller/Teacherhome.php:47]
[ error ] [8]未定义数组索引: childThree[/home/www/chenganxjh/application/wap/controller/Teacherhome.php:57]
[ error ] [8]未定义数组索引: childThree[/home/www/chenganxjh/application/wap/controller/Teacherhome.php:47]
[ error ] [2]Invalid argument supplied for foreach()[/home/www/chenganxjh/application/wap/controller/Teacherhome.php:47]
[ error ] [8]未定义数组索引: childThree[/home/www/chenganxjh/application/wap/controller/Teacherhome.php:57]
[ error ] [8]未定义数组索引: childThree[/home/www/chenganxjh/application/wap/controller/Teacherhome.php:47]
[ error ] [2]Invalid argument supplied for foreach()[/home/www/chenganxjh/application/wap/controller/Teacherhome.php:47]
[ error ] [8]未定义数组索引: childThree[/home/www/chenganxjh/application/wap/controller/Teacherhome.php:57]
[ error ] [8]未定义数组索引: childThree[/home/www/chenganxjh/application/wap/controller/Teacherhome.php:47]
[ error ] [2]Invalid argument supplied for foreach()[/home/www/chenganxjh/application/wap/controller/Teacherhome.php:47]
[ error ] [8]未定义数组索引: childThree[/home/www/chenganxjh/application/wap/controller/Teacherhome.php:57]
[ error ] [8]未定义数组索引: childThree[/home/www/chenganxjh/application/wap/controller/Teacherhome.php:47]
[ error ] [2]Invalid argument supplied for foreach()[/home/www/chenganxjh/application/wap/controller/Teacherhome.php:47]
[ error ] [8]未定义数组索引: childThree[/home/www/chenganxjh/application/wap/controller/Teacherhome.php:57]
[ error ] [8]未定义数组索引: childThree[/home/www/chenganxjh/application/wap/controller/Teacherhome.php:47]
[ error ] [2]Invalid argument supplied for foreach()[/home/www/chenganxjh/application/wap/controller/Teacherhome.php:47]
[ error ] [8]未定义数组索引: childThree[/home/www/chenganxjh/application/wap/controller/Teacherhome.php:57]
[ error ] [8]未定义数组索引: childThree[/home/www/chenganxjh/application/wap/controller/Teacherhome.php:47]
[ error ] [2]Invalid argument supplied for foreach()[/home/www/chenganxjh/application/wap/controller/Teacherhome.php:47]
[ error ] [8]未定义数组索引: childThree[/home/www/chenganxjh/application/wap/controller/Teacherhome.php:57]
[ error ] [8]未定义数组索引: childThree[/home/www/chenganxjh/application/wap/controller/Teacherhome.php:47]
[ error ] [2]Invalid argument supplied for foreach()[/home/www/chenganxjh/application/wap/controller/Teacherhome.php:47]
[ error ] [8]未定义数组索引: childThree[/home/www/chenganxjh/application/wap/controller/Teacherhome.php:57]
[ error ] [8]未定义数组索引: childThree[/home/www/chenganxjh/application/wap/controller/Teacherhome.php:47]
[ error ] [2]Invalid argument supplied for foreach()[/home/www/chenganxjh/application/wap/controller/Teacherhome.php:47]
[ error ] [8]未定义数组索引: childThree[/home/www/chenganxjh/application/wap/controller/Teacherhome.php:57]
[ error ] [8]未定义数组索引: childFour[/home/www/chenganxjh/application/wap/controller/Teacherhome.php:53]
[ error ] [8]未定义数组索引: childFour[/home/www/chenganxjh/application/wap/controller/Teacherhome.php:53]
[ error ] [8]未定义数组索引: childFour[/home/www/chenganxjh/application/wap/controller/Teacherhome.php:53]
[ error ] [8]未定义数组索引: childThree[/home/www/chenganxjh/application/wap/controller/Teacherhome.php:47]
[ error ] [2]Invalid argument supplied for foreach()[/home/www/chenganxjh/application/wap/controller/Teacherhome.php:47]
[ error ] [8]未定义数组索引: childThree[/home/www/chenganxjh/application/wap/controller/Teacherhome.php:57]
[ error ] [8]未定义数组索引: childThree[/home/www/chenganxjh/application/wap/controller/Teacherhome.php:47]
[ error ] [2]Invalid argument supplied for foreach()[/home/www/chenganxjh/application/wap/controller/Teacherhome.php:47]
[ error ] [8]未定义数组索引: childThree[/home/www/chenganxjh/application/wap/controller/Teacherhome.php:57]
---------------------------------------------------------------
[ 2019-07-06T23:54:31+08:00 ] 172.17.144.244 223.81.193.90 POST /index.php/Wap/Teacherhome/lists
[ info ] www.tongsafe.com/index.php/Wap/Teacherhome/lists [运行时间：0.030395s][吞吐率：32.90req/s] [内存消耗：3,168.07kb] [文件加载：65]
[ info ] [ LANG ] /home/www/chenganxjh/thinkphp/lang/zh-cn.php
[ info ] [ ROUTE ] array (
  'type' => 'module',
  'module' => 
  array (
    0 => 'Wap',
    1 => 'Teacherhome',
    2 => 'lists',
  ),
)
[ info ] [ HEADER ] array (
  'accept-language' => 'zh-CN,en-US;q=0.9',
  'accept-encoding' => 'gzip, deflate',
  'referer' => 'http://www.tongsafe.com/app/teachchild/index.html',
  'content-type' => 'application/x-www-form-urlencoded; charset=UTF-8',
  'user-agent' => 'Mozilla/5.0 (Linux; Android 9; EML-AL00 Build/HUAWEIEML-AL00; wv) AppleWebKit/537.36 (KHTML, like Gecko) Version/4.0 Chrome/71.0.3578.99 Mobile Safari/537.36',
  'x-requested-with' => 'XMLHttpRequest',
  'origin' => 'http://www.tongsafe.com',
  'accept' => 'application/json, text/javascript, */*; q=0.01',
  'content-length' => '27',
  'connection' => 'keep-alive',
  'host' => 'www.tongsafe.com',
)
[ info ] [ PARAM ] array (
  'recommend' => '2',
  'page' => '1',
  'version' => '',
)
[ info ] [ LANG ] /home/www/chenganxjh/public/../application/wap/lang/zh-cn.php
[ info ] [ CACHE ] INIT File
[ info ] [ RUN ] app\wap\controller\Teacherhome->lists[ /home/www/chenganxjh/application/wap/controller/Teacherhome.php ]
[ info ] [ DB ] INIT mysql
[ info ] [ LOG ] INIT File
[ error ] [8]未定义变量: order[/home/www/chenganxjh/application/wap/controller/Teacherhome.php:152]
[ sql ] [ DB ] CONNECT:[ UseTime:0.000866s ] mysql:host=39.107.140.181;port=3306;dbname=xjh;charset=utf8mb4
[ sql ] [ SQL ] select t_id,t_url,t_videoimg,t_picture,t_title,t_profile,t_price,t_userid,t_author from x_teachchild where t_audit=3 and t_del=1 and t_recommend=2 order by t_id desc limit 0,10 [ RunTime:0.006836s ]
---------------------------------------------------------------
[ 2019-07-06T23:54:53+08:00 ] 172.17.144.244 223.81.193.90 POST /index.php/Wap/Common/get_version
[ info ] www.tongsafe.com/index.php/Wap/Common/get_version [运行时间：0.023861s][吞吐率：41.91req/s] [内存消耗：2,810.86kb] [文件加载：60]
[ info ] [ LANG ] /home/www/chenganxjh/thinkphp/lang/zh-cn.php
[ info ] [ ROUTE ] array (
  'type' => 'module',
  'module' => 
  array (
    0 => 'Wap',
    1 => 'Common',
    2 => 'get_version',
  ),
)
[ info ] [ HEADER ] array (
  'content-length' => '13',
  'accept-encoding' => 'gzip',
  'connection' => 'Keep-Alive',
  'host' => 'www.tongsafe.com',
  'user-agent' => 'Dalvik/2.1.0 (Linux; U; Android 9; EML-AL00 Build/HUAWEIEML-AL00)',
  'accept' => 'application/json',
  'content-type' => 'application/json;charset=UTF-8',
)
[ info ] [ PARAM ] array (
  'type' => '1',
)
[ info ] [ LANG ] /home/www/chenganxjh/public/../application/wap/lang/zh-cn.php
[ info ] [ CACHE ] INIT File
[ info ] [ RUN ] app\wap\controller\Common->get_version[ /home/www/chenganxjh/application/wap/controller/Common.php ]
[ info ] [ DB ] INIT mysql
[ info ] [ LOG ] INIT File
[ sql ] [ DB ] CONNECT:[ UseTime:0.000933s ] mysql:host=39.107.140.181;port=3306;dbname=xjh;charset=utf8mb4
[ sql ] [ SQL ] SHOW COLUMNS FROM `x_version_update` [ RunTime:0.000984s ]
[ sql ] [ SQL ] SELECT * FROM `x_version_update` WHERE  (  type=1 ) ORDER BY id DESC LIMIT 1 [ RunTime:0.000595s ]
---------------------------------------------------------------
[ 2019-07-06T23:54:53+08:00 ] 172.17.144.244 223.81.193.90 POST /index.php/Wap/Member/info.html
[ info ] www.tongsafe.com/index.php/Wap/Member/info.html [运行时间：0.037604s][吞吐率：26.59req/s] [内存消耗：3,426.03kb] [文件加载：64]
[ info ] [ LANG ] /home/www/chenganxjh/thinkphp/lang/zh-cn.php
[ info ] [ ROUTE ] array (
  'type' => 'module',
  'module' => 
  array (
    0 => 'Wap',
    1 => 'Member',
    2 => 'info',
  ),
)
[ info ] [ HEADER ] array (
  'user-agent' => 'okhttp/3.9.0',
  'accept-encoding' => 'gzip',
  'connection' => 'Keep-Alive',
  'host' => 'www.tongsafe.com',
  'content-length' => '63',
  'content-type' => 'application/json; charset=UTF-8',
)
[ info ] [ PARAM ] array (
  'key' => 'fa29736e190dcde43c97b0fcd7516754',
  'member_id' => '100031',
)
[ info ] [ LANG ] /home/www/chenganxjh/public/../application/wap/lang/zh-cn.php
[ info ] [ CACHE ] INIT File
[ info ] [ DB ] INIT mysql
[ info ] [ RUN ] app\wap\controller\Member->info[ /home/www/chenganxjh/application/wap/controller/Member.php ]
[ info ] [ LOG ] INIT File
[ sql ] [ DB ] CONNECT:[ UseTime:0.000950s ] mysql:host=39.107.140.181;port=3306;dbname=xjh;charset=utf8mb4
[ sql ] [ SQL ] SHOW COLUMNS FROM `x_mbusertoken` [ RunTime:0.000975s ]
[ sql ] [ SQL ] SELECT * FROM `x_mbusertoken` WHERE  `token` = 'fa29736e190dcde43c97b0fcd7516754' LIMIT 1 [ RunTime:0.000647s ]
[ sql ] [ SQL ] SHOW COLUMNS FROM `x_member` [ RunTime:0.001056s ]
[ sql ] [ SQL ] SELECT * FROM `x_member` WHERE  `member_id` = 100031  AND `is_del` = 1 LIMIT 1 [ RunTime:0.000858s ]
[ sql ] [ SQL ] SHOW COLUMNS FROM `x_seller` [ RunTime:0.000768s ]
[ sql ] [ SQL ] SELECT * FROM `x_seller` WHERE  `member_id` = 100031 LIMIT 1 [ RunTime:0.000535s ]
[ sql ] [ SQL ] SELECT `m`.`member_id`,`m`.`member_paypwd` FROM `x_member` `m` WHERE  (   m.member_id = "100031" ) LIMIT 1 [ RunTime:0.000498s ]
[ sql ] [ SQL ] SELECT `m`.`member_id`,`m`.`member_nickname`,`m`.`member_avatar`,`m`.`member_identity`,`m`.`is_owner`,`m`.`member_age`,`m`.`member_sex`,`m`.`member_email`,`m`.`member_provinceid`,`m`.`member_cityid`,`m`.`member_areaid`,`m`.`member_jobid` FROM `x_member` `m` WHERE  (   m.member_id = "100031" ) LIMIT 1 [ RunTime:0.000553s ]
[ sql ] [ SQL ] SELECT COUNT(*) AS tp_count FROM `x_member` WHERE  (  is_owner = "100031" ) LIMIT 1 [ RunTime:0.000526s ]
[ sql ] [ SQL ] SHOW COLUMNS FROM `x_area` [ RunTime:0.000737s ]
[ sql ] [ SQL ] SELECT `area_name` FROM `x_area` WHERE  (  area_id = "0" ) LIMIT 1 [ RunTime:0.000473s ]
[ sql ] [ SQL ] SELECT `area_name` FROM `x_area` WHERE  (  area_id = "0" ) LIMIT 1 [ RunTime:0.000479s ]
[ sql ] [ SQL ] SELECT `area_name` FROM `x_area` WHERE  (  area_id = "0" ) LIMIT 1 [ RunTime:0.000448s ]
[ sql ] [ SQL ] SHOW COLUMNS FROM `x_industry` [ RunTime:0.000719s ]
[ sql ] [ SQL ] SELECT `name` FROM `x_industry` WHERE  (  id = "0" ) LIMIT 1 [ RunTime:0.000471s ]
---------------------------------------------------------------
[ 2019-07-06T23:54:53+08:00 ] 172.17.144.244 223.81.193.90 POST /index.php/Wap/Students/get_student_info.html
[ info ] www.tongsafe.com/index.php/Wap/Students/get_student_info.html [运行时间：0.032985s][吞吐率：30.32req/s] [内存消耗：3,254.84kb] [文件加载：64]
[ info ] [ LANG ] /home/www/chenganxjh/thinkphp/lang/zh-cn.php
[ info ] [ ROUTE ] array (
  'type' => 'module',
  'module' => 
  array (
    0 => 'Wap',
    1 => 'Students',
    2 => 'get_student_info',
  ),
)
[ info ] [ HEADER ] array (
  'user-agent' => 'okhttp/3.9.0',
  'accept-encoding' => 'gzip',
  'connection' => 'Keep-Alive',
  'host' => 'www.tongsafe.com',
  'content-length' => '42',
  'content-type' => 'application/json; charset=UTF-8',
)
[ info ] [ PARAM ] array (
  'key' => 'fa29736e190dcde43c97b0fcd7516754',
)
[ info ] [ LANG ] /home/www/chenganxjh/public/../application/wap/lang/zh-cn.php
[ info ] [ CACHE ] INIT File
[ info ] [ DB ] INIT mysql
[ info ] [ RUN ] app\wap\controller\Students->get_student_info[ /home/www/chenganxjh/application/wap/controller/Students.php ]
[ info ] [ LOG ] INIT File
[ sql ] [ DB ] CONNECT:[ UseTime:0.000923s ] mysql:host=39.107.140.181;port=3306;dbname=xjh;charset=utf8mb4
[ sql ] [ SQL ] SHOW COLUMNS FROM `x_mbusertoken` [ RunTime:0.000972s ]
[ sql ] [ SQL ] SELECT * FROM `x_mbusertoken` WHERE  `token` = 'fa29736e190dcde43c97b0fcd7516754' LIMIT 1 [ RunTime:0.000618s ]
[ sql ] [ SQL ] SHOW COLUMNS FROM `x_member` [ RunTime:0.001024s ]
[ sql ] [ SQL ] SELECT * FROM `x_member` WHERE  `member_id` = 100031  AND `is_del` = 1 LIMIT 1 [ RunTime:0.000800s ]
[ sql ] [ SQL ] SHOW COLUMNS FROM `x_seller` [ RunTime:0.000714s ]
[ sql ] [ SQL ] SELECT * FROM `x_seller` WHERE  `member_id` = 100031 LIMIT 1 [ RunTime:0.000513s ]
[ sql ] [ SQL ] SELECT * FROM `x_member` WHERE  `member_id` = 100031 LIMIT 1 [ RunTime:0.000682s ]
[ sql ] [ SQL ] SHOW COLUMNS FROM `x_student` [ RunTime:0.000814s ]
[ sql ] [ SQL ] SELECT `s`.`s_id`,`s`.`s_name`,`s`.`s_schoolid`,`sc`.`name`,`s`.`s_classid`,`cl`.`classname`,`cl`.`classCard` FROM `x_student` `s` LEFT JOIN `x_school` `sc` ON `sc`.`schoolid`=`s`.`s_schoolid` LEFT JOIN `x_class` `cl` ON `cl`.`classid`=`s`.`s_classid` WHERE  `s_del` = 1  AND `s_ownerAccount` = '100031' [ RunTime:0.000702s ]
---------------------------------------------------------------
[ 2019-07-06T23:54:54+08:00 ] 172.17.144.244 223.81.193.90 POST /index.php/Wap/Students/get_student_info.html
[ info ] www.tongsafe.com/index.php/Wap/Students/get_student_info.html [运行时间：0.031738s][吞吐率：31.51req/s] [内存消耗：3,254.84kb] [文件加载：64]
[ info ] [ LANG ] /home/www/chenganxjh/thinkphp/lang/zh-cn.php
[ info ] [ ROUTE ] array (
  'type' => 'module',
  'module' => 
  array (
    0 => 'Wap',
    1 => 'Students',
    2 => 'get_student_info',
  ),
)
[ info ] [ HEADER ] array (
  'user-agent' => 'okhttp/3.9.0',
  'accept-encoding' => 'gzip',
  'connection' => 'Keep-Alive',
  'host' => 'www.tongsafe.com',
  'content-length' => '42',
  'content-type' => 'application/json; charset=UTF-8',
)
[ info ] [ PARAM ] array (
  'key' => 'fa29736e190dcde43c97b0fcd7516754',
)
[ info ] [ LANG ] /home/www/chenganxjh/public/../application/wap/lang/zh-cn.php
[ info ] [ CACHE ] INIT File
[ info ] [ DB ] INIT mysql
[ info ] [ RUN ] app\wap\controller\Students->get_student_info[ /home/www/chenganxjh/application/wap/controller/Students.php ]
[ info ] [ LOG ] INIT File
[ sql ] [ DB ] CONNECT:[ UseTime:0.000853s ] mysql:host=39.107.140.181;port=3306;dbname=xjh;charset=utf8mb4
[ sql ] [ SQL ] SHOW COLUMNS FROM `x_mbusertoken` [ RunTime:0.000940s ]
[ sql ] [ SQL ] SELECT * FROM `x_mbusertoken` WHERE  `token` = 'fa29736e190dcde43c97b0fcd7516754' LIMIT 1 [ RunTime:0.000631s ]
[ sql ] [ SQL ] SHOW COLUMNS FROM `x_member` [ RunTime:0.001059s ]
[ sql ] [ SQL ] SELECT * FROM `x_member` WHERE  `member_id` = 100031  AND `is_del` = 1 LIMIT 1 [ RunTime:0.000833s ]
[ sql ] [ SQL ] SHOW COLUMNS FROM `x_seller` [ RunTime:0.000747s ]
[ sql ] [ SQL ] SELECT * FROM `x_seller` WHERE  `member_id` = 100031 LIMIT 1 [ RunTime:0.000535s ]
[ sql ] [ SQL ] SELECT * FROM `x_member` WHERE  `member_id` = 100031 LIMIT 1 [ RunTime:0.000758s ]
[ sql ] [ SQL ] SHOW COLUMNS FROM `x_student` [ RunTime:0.000822s ]
[ sql ] [ SQL ] SELECT `s`.`s_id`,`s`.`s_name`,`s`.`s_schoolid`,`sc`.`name`,`s`.`s_classid`,`cl`.`classname`,`cl`.`classCard` FROM `x_student` `s` LEFT JOIN `x_school` `sc` ON `sc`.`schoolid`=`s`.`s_schoolid` LEFT JOIN `x_class` `cl` ON `cl`.`classid`=`s`.`s_classid` WHERE  `s_del` = 1  AND `s_ownerAccount` = '100031' [ RunTime:0.000698s ]
---------------------------------------------------------------
[ 2019-07-06T23:54:54+08:00 ] 172.17.144.244 223.81.193.90 POST /index.php/Wap/lookchild/index
[ info ] www.tongsafe.com/index.php/Wap/lookchild/index [运行时间：0.032460s][吞吐率：30.81req/s] [内存消耗：3,211.57kb] [文件加载：64]
[ info ] [ LANG ] /home/www/chenganxjh/thinkphp/lang/zh-cn.php
[ info ] [ ROUTE ] array (
  'type' => 'module',
  'module' => 
  array (
    0 => 'Wap',
    1 => 'lookchild',
    2 => 'index',
  ),
)
[ info ] [ HEADER ] array (
  'user-agent' => 'okhttp/3.9.0',
  'accept-encoding' => 'gzip',
  'connection' => 'Keep-Alive',
  'host' => 'www.tongsafe.com',
  'content-length' => '76',
  'content-type' => 'application/json; charset=UTF-8',
)
[ info ] [ PARAM ] array (
  'key' => 'fa29736e190dcde43c97b0fcd7516754',
  'member_id' => '100031',
  'sid' => '8106',
)
[ info ] [ LANG ] /home/www/chenganxjh/public/../application/wap/lang/zh-cn.php
[ info ] [ CACHE ] INIT File
[ info ] [ RUN ] app\wap\controller\Lookchild->index[ /home/www/chenganxjh/application/wap/controller/Lookchild.php ]
[ info ] [ DB ] INIT mysql
[ info ] [ LOG ] INIT File
[ sql ] [ DB ] CONNECT:[ UseTime:0.000915s ] mysql:host=39.107.140.181;port=3306;dbname=xjh;charset=utf8mb4
[ sql ] [ SQL ] SHOW COLUMNS FROM `x_member` [ RunTime:0.001225s ]
[ sql ] [ SQL ] SELECT * FROM `x_member` WHERE  `member_id` = 100031 LIMIT 1 [ RunTime:0.000880s ]
[ sql ] [ SQL ] SHOW COLUMNS FROM `x_student` [ RunTime:0.000805s ]
[ sql ] [ SQL ] SELECT `s`.`s_id`,`s`.`s_name`,`s`.`s_region`,`sc`.`schoolid`,`sc`.`name`,`sc`.`res_group_id`,`cl`.`classid`,`cl`.`classname`,`cl`.`classCard`,cl.res_group_id as clres_group_id FROM `x_student` `s` LEFT JOIN `x_school` `sc` ON `sc`.`schoolid`=`s`.`s_schoolid` LEFT JOIN `x_class` `cl` ON `cl`.`classid`=`s`.`s_classid` WHERE  `s_ownerAccount` = '100031'  AND `s_del` = 1 [ RunTime:0.000732s ]
[ sql ] [ SQL ] SHOW COLUMNS FROM `x_packagetime` [ RunTime:0.000735s ]
[ sql ] [ SQL ] SELECT * FROM `x_packagetime` WHERE  `pkg_type` = 1  AND `s_id` = 8106 LIMIT 1 [ RunTime:0.000572s ]
[ sql ] [ SQL ] SELECT `s`.`s_id`,`s`.`s_name`,`s`.`s_region`,`sc`.`schoolid`,`sc`.`name`,`sc`.`res_group_id`,`cl`.`classid`,`cl`.`classname`,`cl`.`classCard`,cl.res_group_id as clres_group_id,`sc`.`provinceid`,`sc`.`cityid`,`sc`.`areaid` FROM `x_student` `s` LEFT JOIN `x_school` `sc` ON `sc`.`schoolid`=`s`.`s_schoolid` LEFT JOIN `x_class` `cl` ON `cl`.`classid`=`s`.`s_classid` WHERE  `s_id` = 8106 LIMIT 1 [ RunTime:0.000630s ]
[ sql ] [ SQL ] SHOW COLUMNS FROM `x_camera` [ RunTime:0.000854s ]
[ sql ] [ SQL ] SELECT `ability`,`channelid`,`companyid`,`deviceid`,`id`,`name`,`online`,`parentid`,`type`,`is_classroom`,`status`,`begintime`,`endtime` FROM `x_camera` WHERE  `parentid` = 3772 OR `parentid` = 3771 ORDER BY cid desc [ RunTime:0.000596s ]
---------------------------------------------------------------
[ 2019-07-06T23:54:55+08:00 ] 172.17.144.244 223.81.193.90 POST /index.php/Wap/teacherhome/index
[ info ] www.tongsafe.com/index.php/Wap/teacherhome/index [运行时间：0.028644s][吞吐率：34.91req/s] [内存消耗：3,330.11kb] [文件加载：66]
[ info ] [ LANG ] /home/www/chenganxjh/thinkphp/lang/zh-cn.php
[ info ] [ ROUTE ] array (
  'type' => 'module',
  'module' => 
  array (
    0 => 'Wap',
    1 => 'teacherhome',
    2 => 'index',
  ),
)
[ info ] [ HEADER ] array (
  'accept-language' => 'zh-CN,en-US;q=0.9',
  'accept-encoding' => 'gzip, deflate',
  'referer' => 'http://www.tongsafe.com/app/teachchild/index.html',
  'content-type' => 'application/x-www-form-urlencoded; charset=UTF-8',
  'user-agent' => 'Mozilla/5.0 (Linux; Android 9; EML-AL00 Build/HUAWEIEML-AL00; wv) AppleWebKit/537.36 (KHTML, like Gecko) Version/4.0 Chrome/71.0.3578.99 Mobile Safari/537.36',
  'x-requested-with' => 'XMLHttpRequest',
  'origin' => 'http://www.tongsafe.com',
  'accept' => 'application/json, text/javascript, */*; q=0.01',
  'content-length' => '45',
  'connection' => 'keep-alive',
  'host' => 'www.tongsafe.com',
)
[ info ] [ PARAM ] array (
  'key' => 'fa29736e190dcde43c97b0fcd7516754',
  'version' => '',
)
[ info ] [ LANG ] /home/www/chenganxjh/public/../application/wap/lang/zh-cn.php
[ info ] [ CACHE ] INIT File
[ info ] [ RUN ] app\wap\controller\Teacherhome->index[ /home/www/chenganxjh/application/wap/controller/Teacherhome.php ]
[ info ] [ DB ] INIT mysql
[ info ] [ LOG ] INIT File
[ sql ] [ DB ] CONNECT:[ UseTime:0.000910s ] mysql:host=39.107.140.181;port=3306;dbname=xjh;charset=utf8mb4
[ sql ] [ SQL ] SHOW COLUMNS FROM `x_teachtype` [ RunTime:0.001019s ]
[ sql ] [ SQL ] SELECT * FROM `x_teachtype` WHERE  `gc_show` = 1 ORDER BY gc_parent_id asc,gc_sort asc,gc_id asc [ RunTime:0.000824s ]
[ sql ] [ SQL ] SELECT * FROM `x_teachtype` WHERE  `gc_parent_id` = 0 ORDER BY gc_sort ASC [ RunTime:0.000656s ]
[ sql ] [ SQL ] SHOW COLUMNS FROM `x_packages` [ RunTime:0.000762s ]
[ sql ] [ SQL ] SELECT `pkg_id`,`pkg_price` FROM `x_packages` WHERE  `pkg_type` = 3 ORDER BY pkg_price asc [ RunTime:0.000502s ]
[ error ] [8]未定义数组索引: childThree[/home/www/chenganxjh/application/wap/controller/Teacherhome.php:47]
[ error ] [2]Invalid argument supplied for foreach()[/home/www/chenganxjh/application/wap/controller/Teacherhome.php:47]
[ error ] [8]未定义数组索引: childThree[/home/www/chenganxjh/application/wap/controller/Teacherhome.php:57]
[ error ] [8]未定义数组索引: childThree[/home/www/chenganxjh/application/wap/controller/Teacherhome.php:47]
[ error ] [2]Invalid argument supplied for foreach()[/home/www/chenganxjh/application/wap/controller/Teacherhome.php:47]
[ error ] [8]未定义数组索引: childThree[/home/www/chenganxjh/application/wap/controller/Teacherhome.php:57]
[ error ] [8]未定义数组索引: childThree[/home/www/chenganxjh/application/wap/controller/Teacherhome.php:47]
[ error ] [2]Invalid argument supplied for foreach()[/home/www/chenganxjh/application/wap/controller/Teacherhome.php:47]
[ error ] [8]未定义数组索引: childThree[/home/www/chenganxjh/application/wap/controller/Teacherhome.php:57]
[ error ] [8]未定义数组索引: childThree[/home/www/chenganxjh/application/wap/controller/Teacherhome.php:47]
[ error ] [2]Invalid argument supplied for foreach()[/home/www/chenganxjh/application/wap/controller/Teacherhome.php:47]
[ error ] [8]未定义数组索引: childThree[/home/www/chenganxjh/application/wap/controller/Teacherhome.php:57]
[ error ] [8]未定义数组索引: childThree[/home/www/chenganxjh/application/wap/controller/Teacherhome.php:47]
[ error ] [2]Invalid argument supplied for foreach()[/home/www/chenganxjh/application/wap/controller/Teacherhome.php:47]
[ error ] [8]未定义数组索引: childThree[/home/www/chenganxjh/application/wap/controller/Teacherhome.php:57]
[ error ] [8]未定义数组索引: childThree[/home/www/chenganxjh/application/wap/controller/Teacherhome.php:47]
[ error ] [2]Invalid argument supplied for foreach()[/home/www/chenganxjh/application/wap/controller/Teacherhome.php:47]
[ error ] [8]未定义数组索引: childThree[/home/www/chenganxjh/application/wap/controller/Teacherhome.php:57]
[ error ] [8]未定义数组索引: childThree[/home/www/chenganxjh/application/wap/controller/Teacherhome.php:47]
[ error ] [2]Invalid argument supplied for foreach()[/home/www/chenganxjh/application/wap/controller/Teacherhome.php:47]
[ error ] [8]未定义数组索引: childThree[/home/www/chenganxjh/application/wap/controller/Teacherhome.php:57]
[ error ] [8]未定义数组索引: childThree[/home/www/chenganxjh/application/wap/controller/Teacherhome.php:47]
[ error ] [2]Invalid argument supplied for foreach()[/home/www/chenganxjh/application/wap/controller/Teacherhome.php:47]
[ error ] [8]未定义数组索引: childThree[/home/www/chenganxjh/application/wap/controller/Teacherhome.php:57]
[ error ] [8]未定义数组索引: childThree[/home/www/chenganxjh/application/wap/controller/Teacherhome.php:47]
[ error ] [2]Invalid argument supplied for foreach()[/home/www/chenganxjh/application/wap/controller/Teacherhome.php:47]
[ error ] [8]未定义数组索引: childThree[/home/www/chenganxjh/application/wap/controller/Teacherhome.php:57]
[ error ] [8]未定义数组索引: childFour[/home/www/chenganxjh/application/wap/controller/Teacherhome.php:53]
[ error ] [8]未定义数组索引: childFour[/home/www/chenganxjh/application/wap/controller/Teacherhome.php:53]
[ error ] [8]未定义数组索引: childFour[/home/www/chenganxjh/application/wap/controller/Teacherhome.php:53]
[ error ] [8]未定义数组索引: childThree[/home/www/chenganxjh/application/wap/controller/Teacherhome.php:47]
[ error ] [2]Invalid argument supplied for foreach()[/home/www/chenganxjh/application/wap/controller/Teacherhome.php:47]
[ error ] [8]未定义数组索引: childThree[/home/www/chenganxjh/application/wap/controller/Teacherhome.php:57]
[ error ] [8]未定义数组索引: childThree[/home/www/chenganxjh/application/wap/controller/Teacherhome.php:47]
[ error ] [2]Invalid argument supplied for foreach()[/home/www/chenganxjh/application/wap/controller/Teacherhome.php:47]
[ error ] [8]未定义数组索引: childThree[/home/www/chenganxjh/application/wap/controller/Teacherhome.php:57]
---------------------------------------------------------------
[ 2019-07-06T23:54:55+08:00 ] 172.17.144.244 223.81.193.90 POST /index.php/Wap/Teacherhome/lists
[ info ] www.tongsafe.com/index.php/Wap/Teacherhome/lists [运行时间：0.024058s][吞吐率：41.57req/s] [内存消耗：3,168.07kb] [文件加载：65]
[ info ] [ LANG ] /home/www/chenganxjh/thinkphp/lang/zh-cn.php
[ info ] [ ROUTE ] array (
  'type' => 'module',
  'module' => 
  array (
    0 => 'Wap',
    1 => 'Teacherhome',
    2 => 'lists',
  ),
)
[ info ] [ HEADER ] array (
  'accept-language' => 'zh-CN,en-US;q=0.9',
  'accept-encoding' => 'gzip, deflate',
  'referer' => 'http://www.tongsafe.com/app/teachchild/index.html',
  'content-type' => 'application/x-www-form-urlencoded; charset=UTF-8',
  'user-agent' => 'Mozilla/5.0 (Linux; Android 9; EML-AL00 Build/HUAWEIEML-AL00; wv) AppleWebKit/537.36 (KHTML, like Gecko) Version/4.0 Chrome/71.0.3578.99 Mobile Safari/537.36',
  'x-requested-with' => 'XMLHttpRequest',
  'origin' => 'http://www.tongsafe.com',
  'accept' => 'application/json, text/javascript, */*; q=0.01',
  'content-length' => '27',
  'connection' => 'keep-alive',
  'host' => 'www.tongsafe.com',
)
[ info ] [ PARAM ] array (
  'recommend' => '2',
  'page' => '1',
  'version' => '',
)
[ info ] [ LANG ] /home/www/chenganxjh/public/../application/wap/lang/zh-cn.php
[ info ] [ CACHE ] INIT File
[ info ] [ RUN ] app\wap\controller\Teacherhome->lists[ /home/www/chenganxjh/application/wap/controller/Teacherhome.php ]
[ info ] [ DB ] INIT mysql
[ info ] [ LOG ] INIT File
[ error ] [8]未定义变量: order[/home/www/chenganxjh/application/wap/controller/Teacherhome.php:152]
[ sql ] [ DB ] CONNECT:[ UseTime:0.000928s ] mysql:host=39.107.140.181;port=3306;dbname=xjh;charset=utf8mb4
[ sql ] [ SQL ] select t_id,t_url,t_videoimg,t_picture,t_title,t_profile,t_price,t_userid,t_author from x_teachchild where t_audit=3 and t_del=1 and t_recommend=2 order by t_id desc limit 0,10 [ RunTime:0.000870s ]
---------------------------------------------------------------
[ 2019-07-06T23:54:59+08:00 ] 172.17.144.244 223.81.193.90 POST /index.php/Wap/Member/info.html
[ info ] www.tongsafe.com/index.php/Wap/Member/info.html [运行时间：0.038037s][吞吐率：26.29req/s] [内存消耗：3,426.03kb] [文件加载：64]
[ info ] [ LANG ] /home/www/chenganxjh/thinkphp/lang/zh-cn.php
[ info ] [ ROUTE ] array (
  'type' => 'module',
  'module' => 
  array (
    0 => 'Wap',
    1 => 'Member',
    2 => 'info',
  ),
)
[ info ] [ HEADER ] array (
  'user-agent' => 'okhttp/3.9.0',
  'accept-encoding' => 'gzip',
  'connection' => 'Keep-Alive',
  'host' => 'www.tongsafe.com',
  'content-length' => '63',
  'content-type' => 'application/json; charset=UTF-8',
)
[ info ] [ PARAM ] array (
  'key' => 'fa29736e190dcde43c97b0fcd7516754',
  'member_id' => '100031',
)
[ info ] [ LANG ] /home/www/chenganxjh/public/../application/wap/lang/zh-cn.php
[ info ] [ CACHE ] INIT File
[ info ] [ DB ] INIT mysql
[ info ] [ RUN ] app\wap\controller\Member->info[ /home/www/chenganxjh/application/wap/controller/Member.php ]
[ info ] [ LOG ] INIT File
[ sql ] [ DB ] CONNECT:[ UseTime:0.000900s ] mysql:host=39.107.140.181;port=3306;dbname=xjh;charset=utf8mb4
[ sql ] [ SQL ] SHOW COLUMNS FROM `x_mbusertoken` [ RunTime:0.000964s ]
[ sql ] [ SQL ] SELECT * FROM `x_mbusertoken` WHERE  `token` = 'fa29736e190dcde43c97b0fcd7516754' LIMIT 1 [ RunTime:0.000631s ]
[ sql ] [ SQL ] SHOW COLUMNS FROM `x_member` [ RunTime:0.001078s ]
[ sql ] [ SQL ] SELECT * FROM `x_member` WHERE  `member_id` = 100031  AND `is_del` = 1 LIMIT 1 [ RunTime:0.000870s ]
[ sql ] [ SQL ] SHOW COLUMNS FROM `x_seller` [ RunTime:0.000769s ]
[ sql ] [ SQL ] SELECT * FROM `x_seller` WHERE  `member_id` = 100031 LIMIT 1 [ RunTime:0.000585s ]
[ sql ] [ SQL ] SELECT `m`.`member_id`,`m`.`member_paypwd` FROM `x_member` `m` WHERE  (   m.member_id = "100031" ) LIMIT 1 [ RunTime:0.000543s ]
[ sql ] [ SQL ] SELECT `m`.`member_id`,`m`.`member_nickname`,`m`.`member_avatar`,`m`.`member_identity`,`m`.`is_owner`,`m`.`member_age`,`m`.`member_sex`,`m`.`member_email`,`m`.`member_provinceid`,`m`.`member_cityid`,`m`.`member_areaid`,`m`.`member_jobid` FROM `x_member` `m` WHERE  (   m.member_id = "100031" ) LIMIT 1 [ RunTime:0.000547s ]
[ sql ] [ SQL ] SELECT COUNT(*) AS tp_count FROM `x_member` WHERE  (  is_owner = "100031" ) LIMIT 1 [ RunTime:0.000500s ]
[ sql ] [ SQL ] SHOW COLUMNS FROM `x_area` [ RunTime:0.000754s ]
[ sql ] [ SQL ] SELECT `area_name` FROM `x_area` WHERE  (  area_id = "0" ) LIMIT 1 [ RunTime:0.000464s ]
[ sql ] [ SQL ] SELECT `area_name` FROM `x_area` WHERE  (  area_id = "0" ) LIMIT 1 [ RunTime:0.000478s ]
[ sql ] [ SQL ] SELECT `area_name` FROM `x_area` WHERE  (  area_id = "0" ) LIMIT 1 [ RunTime:0.000451s ]
[ sql ] [ SQL ] SHOW COLUMNS FROM `x_industry` [ RunTime:0.000707s ]
[ sql ] [ SQL ] SELECT `name` FROM `x_industry` WHERE  (  id = "0" ) LIMIT 1 [ RunTime:0.000482s ]
---------------------------------------------------------------
[ 2019-07-06T23:54:59+08:00 ] 172.17.144.244 223.81.193.90 POST /index.php/Wap/Students/get_student_info.html
[ info ] www.tongsafe.com/index.php/Wap/Students/get_student_info.html [运行时间：0.043985s][吞吐率：22.73req/s] [内存消耗：3,254.84kb] [文件加载：64]
[ info ] [ LANG ] /home/www/chenganxjh/thinkphp/lang/zh-cn.php
[ info ] [ ROUTE ] array (
  'type' => 'module',
  'module' => 
  array (
    0 => 'Wap',
    1 => 'Students',
    2 => 'get_student_info',
  ),
)
[ info ] [ HEADER ] array (
  'user-agent' => 'okhttp/3.9.0',
  'accept-encoding' => 'gzip',
  'connection' => 'Keep-Alive',
  'host' => 'www.tongsafe.com',
  'content-length' => '42',
  'content-type' => 'application/json; charset=UTF-8',
)
[ info ] [ PARAM ] array (
  'key' => 'fa29736e190dcde43c97b0fcd7516754',
)
[ info ] [ LANG ] /home/www/chenganxjh/public/../application/wap/lang/zh-cn.php
[ info ] [ CACHE ] INIT File
[ info ] [ DB ] INIT mysql
[ info ] [ RUN ] app\wap\controller\Students->get_student_info[ /home/www/chenganxjh/application/wap/controller/Students.php ]
[ info ] [ LOG ] INIT File
[ sql ] [ DB ] CONNECT:[ UseTime:0.001074s ] mysql:host=39.107.140.181;port=3306;dbname=xjh;charset=utf8mb4
[ sql ] [ SQL ] SHOW COLUMNS FROM `x_mbusertoken` [ RunTime:0.001089s ]
[ sql ] [ SQL ] SELECT * FROM `x_mbusertoken` WHERE  `token` = 'fa29736e190dcde43c97b0fcd7516754' LIMIT 1 [ RunTime:0.000659s ]
[ sql ] [ SQL ] SHOW COLUMNS FROM `x_member` [ RunTime:0.001314s ]
[ sql ] [ SQL ] SELECT * FROM `x_member` WHERE  `member_id` = 100031  AND `is_del` = 1 LIMIT 1 [ RunTime:0.000962s ]
[ sql ] [ SQL ] SHOW COLUMNS FROM `x_seller` [ RunTime:0.000849s ]
[ sql ] [ SQL ] SELECT * FROM `x_seller` WHERE  `member_id` = 100031 LIMIT 1 [ RunTime:0.000556s ]
[ sql ] [ SQL ] SELECT * FROM `x_member` WHERE  `member_id` = 100031 LIMIT 1 [ RunTime:0.000831s ]
[ sql ] [ SQL ] SHOW COLUMNS FROM `x_student` [ RunTime:0.000929s ]
[ sql ] [ SQL ] SELECT `s`.`s_id`,`s`.`s_name`,`s`.`s_schoolid`,`sc`.`name`,`s`.`s_classid`,`cl`.`classname`,`cl`.`classCard` FROM `x_student` `s` LEFT JOIN `x_school` `sc` ON `sc`.`schoolid`=`s`.`s_schoolid` LEFT JOIN `x_class` `cl` ON `cl`.`classid`=`s`.`s_classid` WHERE  `s_del` = 1  AND `s_ownerAccount` = '100031' [ RunTime:0.000738s ]
---------------------------------------------------------------
[ 2019-07-06T23:54:59+08:00 ] 172.17.144.244 223.81.193.90 POST /index.php/Wap/Students/get_student_info.html
[ info ] www.tongsafe.com/index.php/Wap/Students/get_student_info.html [运行时间：0.043122s][吞吐率：23.19req/s] [内存消耗：3,254.84kb] [文件加载：64]
[ info ] [ LANG ] /home/www/chenganxjh/thinkphp/lang/zh-cn.php
[ info ] [ ROUTE ] array (
  'type' => 'module',
  'module' => 
  array (
    0 => 'Wap',
    1 => 'Students',
    2 => 'get_student_info',
  ),
)
[ info ] [ HEADER ] array (
  'user-agent' => 'okhttp/3.9.0',
  'accept-encoding' => 'gzip',
  'connection' => 'Keep-Alive',
  'host' => 'www.tongsafe.com',
  'content-length' => '42',
  'content-type' => 'application/json; charset=UTF-8',
)
[ info ] [ PARAM ] array (
  'key' => 'fa29736e190dcde43c97b0fcd7516754',
)
[ info ] [ LANG ] /home/www/chenganxjh/public/../application/wap/lang/zh-cn.php
[ info ] [ CACHE ] INIT File
[ info ] [ DB ] INIT mysql
[ info ] [ RUN ] app\wap\controller\Students->get_student_info[ /home/www/chenganxjh/application/wap/controller/Students.php ]
[ info ] [ LOG ] INIT File
[ sql ] [ DB ] CONNECT:[ UseTime:0.000659s ] mysql:host=39.107.140.181;port=3306;dbname=xjh;charset=utf8mb4
[ sql ] [ SQL ] SHOW COLUMNS FROM `x_mbusertoken` [ RunTime:0.001089s ]
[ sql ] [ SQL ] SELECT * FROM `x_mbusertoken` WHERE  `token` = 'fa29736e190dcde43c97b0fcd7516754' LIMIT 1 [ RunTime:0.000660s ]
[ sql ] [ SQL ] SHOW COLUMNS FROM `x_member` [ RunTime:0.001312s ]
[ sql ] [ SQL ] SELECT * FROM `x_member` WHERE  `member_id` = 100031  AND `is_del` = 1 LIMIT 1 [ RunTime:0.000961s ]
[ sql ] [ SQL ] SHOW COLUMNS FROM `x_seller` [ RunTime:0.000849s ]
[ sql ] [ SQL ] SELECT * FROM `x_seller` WHERE  `member_id` = 100031 LIMIT 1 [ RunTime:0.000556s ]
[ sql ] [ SQL ] SELECT * FROM `x_member` WHERE  `member_id` = 100031 LIMIT 1 [ RunTime:0.000830s ]
[ sql ] [ SQL ] SHOW COLUMNS FROM `x_student` [ RunTime:0.000929s ]
[ sql ] [ SQL ] SELECT `s`.`s_id`,`s`.`s_name`,`s`.`s_schoolid`,`sc`.`name`,`s`.`s_classid`,`cl`.`classname`,`cl`.`classCard` FROM `x_student` `s` LEFT JOIN `x_school` `sc` ON `sc`.`schoolid`=`s`.`s_schoolid` LEFT JOIN `x_class` `cl` ON `cl`.`classid`=`s`.`s_classid` WHERE  `s_del` = 1  AND `s_ownerAccount` = '100031' [ RunTime:0.000738s ]
---------------------------------------------------------------
[ 2019-07-06T23:54:59+08:00 ] 172.17.144.244 223.81.193.90 POST /index.php/Wap/lookchild/index
[ info ] www.tongsafe.com/index.php/Wap/lookchild/index [运行时间：0.031281s][吞吐率：31.97req/s] [内存消耗：3,211.57kb] [文件加载：64]
[ info ] [ LANG ] /home/www/chenganxjh/thinkphp/lang/zh-cn.php
[ info ] [ ROUTE ] array (
  'type' => 'module',
  'module' => 
  array (
    0 => 'Wap',
    1 => 'lookchild',
    2 => 'index',
  ),
)
[ info ] [ HEADER ] array (
  'user-agent' => 'okhttp/3.9.0',
  'accept-encoding' => 'gzip',
  'connection' => 'Keep-Alive',
  'host' => 'www.tongsafe.com',
  'content-length' => '76',
  'content-type' => 'application/json; charset=UTF-8',
)
[ info ] [ PARAM ] array (
  'key' => 'fa29736e190dcde43c97b0fcd7516754',
  'member_id' => '100031',
  'sid' => '8106',
)
[ info ] [ LANG ] /home/www/chenganxjh/public/../application/wap/lang/zh-cn.php
[ info ] [ CACHE ] INIT File
[ info ] [ RUN ] app\wap\controller\Lookchild->index[ /home/www/chenganxjh/application/wap/controller/Lookchild.php ]
[ info ] [ DB ] INIT mysql
[ info ] [ LOG ] INIT File
[ sql ] [ DB ] CONNECT:[ UseTime:0.000885s ] mysql:host=39.107.140.181;port=3306;dbname=xjh;charset=utf8mb4
[ sql ] [ SQL ] SHOW COLUMNS FROM `x_member` [ RunTime:0.001157s ]
[ sql ] [ SQL ] SELECT * FROM `x_member` WHERE  `member_id` = 100031 LIMIT 1 [ RunTime:0.000819s ]
[ sql ] [ SQL ] SHOW COLUMNS FROM `x_student` [ RunTime:0.000804s ]
[ sql ] [ SQL ] SELECT `s`.`s_id`,`s`.`s_name`,`s`.`s_region`,`sc`.`schoolid`,`sc`.`name`,`sc`.`res_group_id`,`cl`.`classid`,`cl`.`classname`,`cl`.`classCard`,cl.res_group_id as clres_group_id FROM `x_student` `s` LEFT JOIN `x_school` `sc` ON `sc`.`schoolid`=`s`.`s_schoolid` LEFT JOIN `x_class` `cl` ON `cl`.`classid`=`s`.`s_classid` WHERE  `s_ownerAccount` = '100031'  AND `s_del` = 1 [ RunTime:0.000686s ]
[ sql ] [ SQL ] SHOW COLUMNS FROM `x_packagetime` [ RunTime:0.000692s ]
[ sql ] [ SQL ] SELECT * FROM `x_packagetime` WHERE  `pkg_type` = 1  AND `s_id` = 8106 LIMIT 1 [ RunTime:0.000577s ]
[ sql ] [ SQL ] SELECT `s`.`s_id`,`s`.`s_name`,`s`.`s_region`,`sc`.`schoolid`,`sc`.`name`,`sc`.`res_group_id`,`cl`.`classid`,`cl`.`classname`,`cl`.`classCard`,cl.res_group_id as clres_group_id,`sc`.`provinceid`,`sc`.`cityid`,`sc`.`areaid` FROM `x_student` `s` LEFT JOIN `x_school` `sc` ON `sc`.`schoolid`=`s`.`s_schoolid` LEFT JOIN `x_class` `cl` ON `cl`.`classid`=`s`.`s_classid` WHERE  `s_id` = 8106 LIMIT 1 [ RunTime:0.000588s ]
[ sql ] [ SQL ] SHOW COLUMNS FROM `x_camera` [ RunTime:0.000828s ]
[ sql ] [ SQL ] SELECT `ability`,`channelid`,`companyid`,`deviceid`,`id`,`name`,`online`,`parentid`,`type`,`is_classroom`,`status`,`begintime`,`endtime` FROM `x_camera` WHERE  `parentid` = 3772 OR `parentid` = 3771 ORDER BY cid desc [ RunTime:0.000604s ]
---------------------------------------------------------------
[ 2019-07-06T23:55:03+08:00 ] 172.17.144.244 223.81.193.90 POST /index.php/Wap/Students/get_student_info.html
[ info ] www.tongsafe.com/index.php/Wap/Students/get_student_info.html [运行时间：0.060515s][吞吐率：16.52req/s] [内存消耗：3,254.84kb] [文件加载：64]
[ info ] [ LANG ] /home/www/chenganxjh/thinkphp/lang/zh-cn.php
[ info ] [ ROUTE ] array (
  'type' => 'module',
  'module' => 
  array (
    0 => 'Wap',
    1 => 'Students',
    2 => 'get_student_info',
  ),
)
[ info ] [ HEADER ] array (
  'user-agent' => 'okhttp/3.9.0',
  'accept-encoding' => 'gzip',
  'connection' => 'Keep-Alive',
  'host' => 'www.tongsafe.com',
  'content-length' => '42',
  'content-type' => 'application/json; charset=UTF-8',
)
[ info ] [ PARAM ] array (
  'key' => 'fa29736e190dcde43c97b0fcd7516754',
)
[ info ] [ LANG ] /home/www/chenganxjh/public/../application/wap/lang/zh-cn.php
[ info ] [ CACHE ] INIT File
[ info ] [ DB ] INIT mysql
[ info ] [ RUN ] app\wap\controller\Students->get_student_info[ /home/www/chenganxjh/application/wap/controller/Students.php ]
[ info ] [ LOG ] INIT File
[ sql ] [ DB ] CONNECT:[ UseTime:0.010872s ] mysql:host=39.107.140.181;port=3306;dbname=xjh;charset=utf8mb4
[ sql ] [ SQL ] SHOW COLUMNS FROM `x_mbusertoken` [ RunTime:0.001758s ]
[ sql ] [ SQL ] SELECT * FROM `x_mbusertoken` WHERE  `token` = 'fa29736e190dcde43c97b0fcd7516754' LIMIT 1 [ RunTime:0.001153s ]
[ sql ] [ SQL ] SHOW COLUMNS FROM `x_member` [ RunTime:0.002873s ]
[ sql ] [ SQL ] SELECT * FROM `x_member` WHERE  `member_id` = 100031  AND `is_del` = 1 LIMIT 1 [ RunTime:0.002120s ]
[ sql ] [ SQL ] SHOW COLUMNS FROM `x_seller` [ RunTime:0.001139s ]
[ sql ] [ SQL ] SELECT * FROM `x_seller` WHERE  `member_id` = 100031 LIMIT 1 [ RunTime:0.001049s ]
[ sql ] [ SQL ] SELECT * FROM `x_member` WHERE  `member_id` = 100031 LIMIT 1 [ RunTime:0.001034s ]
[ sql ] [ SQL ] SHOW COLUMNS FROM `x_student` [ RunTime:0.002264s ]
[ sql ] [ SQL ] SELECT `s`.`s_id`,`s`.`s_name`,`s`.`s_schoolid`,`sc`.`name`,`s`.`s_classid`,`cl`.`classname`,`cl`.`classCard` FROM `x_student` `s` LEFT JOIN `x_school` `sc` ON `sc`.`schoolid`=`s`.`s_schoolid` LEFT JOIN `x_class` `cl` ON `cl`.`classid`=`s`.`s_classid` WHERE  `s_del` = 1  AND `s_ownerAccount` = '100031' [ RunTime:0.000834s ]
---------------------------------------------------------------
[ 2019-07-06T23:55:03+08:00 ] 172.17.144.244 223.81.193.90 POST /index.php/Wap/Students/get_student_info.html
[ info ] www.tongsafe.com/index.php/Wap/Students/get_student_info.html [运行时间：0.052530s][吞吐率：19.04req/s] [内存消耗：3,254.84kb] [文件加载：64]
[ info ] [ LANG ] /home/www/chenganxjh/thinkphp/lang/zh-cn.php
[ info ] [ ROUTE ] array (
  'type' => 'module',
  'module' => 
  array (
    0 => 'Wap',
    1 => 'Students',
    2 => 'get_student_info',
  ),
)
[ info ] [ HEADER ] array (
  'user-agent' => 'okhttp/3.9.0',
  'accept-encoding' => 'gzip',
  'connection' => 'Keep-Alive',
  'host' => 'www.tongsafe.com',
  'content-length' => '42',
  'content-type' => 'application/json; charset=UTF-8',
)
[ info ] [ PARAM ] array (
  'key' => 'fa29736e190dcde43c97b0fcd7516754',
)
[ info ] [ LANG ] /home/www/chenganxjh/public/../application/wap/lang/zh-cn.php
[ info ] [ CACHE ] INIT File
[ info ] [ DB ] INIT mysql
[ info ] [ RUN ] app\wap\controller\Students->get_student_info[ /home/www/chenganxjh/application/wap/controller/Students.php ]
[ info ] [ LOG ] INIT File
[ sql ] [ DB ] CONNECT:[ UseTime:0.001817s ] mysql:host=39.107.140.181;port=3306;dbname=xjh;charset=utf8mb4
[ sql ] [ SQL ] SHOW COLUMNS FROM `x_mbusertoken` [ RunTime:0.001135s ]
[ sql ] [ SQL ] SELECT * FROM `x_mbusertoken` WHERE  `token` = 'fa29736e190dcde43c97b0fcd7516754' LIMIT 1 [ RunTime:0.001080s ]
[ sql ] [ SQL ] SHOW COLUMNS FROM `x_member` [ RunTime:0.001302s ]
[ sql ] [ SQL ] SELECT * FROM `x_member` WHERE  `member_id` = 100031  AND `is_del` = 1 LIMIT 1 [ RunTime:0.001084s ]
[ sql ] [ SQL ] SHOW COLUMNS FROM `x_seller` [ RunTime:0.000797s ]
[ sql ] [ SQL ] SELECT * FROM `x_seller` WHERE  `member_id` = 100031 LIMIT 1 [ RunTime:0.000591s ]
[ sql ] [ SQL ] SELECT * FROM `x_member` WHERE  `member_id` = 100031 LIMIT 1 [ RunTime:0.000761s ]
[ sql ] [ SQL ] SHOW COLUMNS FROM `x_student` [ RunTime:0.000879s ]
[ sql ] [ SQL ] SELECT `s`.`s_id`,`s`.`s_name`,`s`.`s_schoolid`,`sc`.`name`,`s`.`s_classid`,`cl`.`classname`,`cl`.`classCard` FROM `x_student` `s` LEFT JOIN `x_school` `sc` ON `sc`.`schoolid`=`s`.`s_schoolid` LEFT JOIN `x_class` `cl` ON `cl`.`classid`=`s`.`s_classid` WHERE  `s_del` = 1  AND `s_ownerAccount` = '100031' [ RunTime:0.000764s ]
---------------------------------------------------------------
[ 2019-07-06T23:55:03+08:00 ] 172.17.144.244 223.81.193.90 POST /index.php/Wap/Member/info.html
[ info ] www.tongsafe.com/index.php/Wap/Member/info.html [运行时间：0.069194s][吞吐率：14.45req/s] [内存消耗：3,426.03kb] [文件加载：64]
[ info ] [ LANG ] /home/www/chenganxjh/thinkphp/lang/zh-cn.php
[ info ] [ ROUTE ] array (
  'type' => 'module',
  'module' => 
  array (
    0 => 'Wap',
    1 => 'Member',
    2 => 'info',
  ),
)
[ info ] [ HEADER ] array (
  'user-agent' => 'okhttp/3.9.0',
  'accept-encoding' => 'gzip',
  'connection' => 'Keep-Alive',
  'host' => 'www.tongsafe.com',
  'content-length' => '63',
  'content-type' => 'application/json; charset=UTF-8',
)
[ info ] [ PARAM ] array (
  'key' => 'fa29736e190dcde43c97b0fcd7516754',
  'member_id' => '100031',
)
[ info ] [ LANG ] /home/www/chenganxjh/public/../application/wap/lang/zh-cn.php
[ info ] [ CACHE ] INIT File
[ info ] [ DB ] INIT mysql
[ info ] [ RUN ] app\wap\controller\Member->info[ /home/www/chenganxjh/application/wap/controller/Member.php ]
[ info ] [ LOG ] INIT File
[ sql ] [ DB ] CONNECT:[ UseTime:0.001504s ] mysql:host=39.107.140.181;port=3306;dbname=xjh;charset=utf8mb4
[ sql ] [ SQL ] SHOW COLUMNS FROM `x_mbusertoken` [ RunTime:0.001520s ]
[ sql ] [ SQL ] SELECT * FROM `x_mbusertoken` WHERE  `token` = 'fa29736e190dcde43c97b0fcd7516754' LIMIT 1 [ RunTime:0.002252s ]
[ sql ] [ SQL ] SHOW COLUMNS FROM `x_member` [ RunTime:0.002595s ]
[ sql ] [ SQL ] SELECT * FROM `x_member` WHERE  `member_id` = 100031  AND `is_del` = 1 LIMIT 1 [ RunTime:0.001251s ]
[ sql ] [ SQL ] SHOW COLUMNS FROM `x_seller` [ RunTime:0.001279s ]
[ sql ] [ SQL ] SELECT * FROM `x_seller` WHERE  `member_id` = 100031 LIMIT 1 [ RunTime:0.000591s ]
[ sql ] [ SQL ] SELECT `m`.`member_id`,`m`.`member_paypwd` FROM `x_member` `m` WHERE  (   m.member_id = "100031" ) LIMIT 1 [ RunTime:0.000603s ]
[ sql ] [ SQL ] SELECT `m`.`member_id`,`m`.`member_nickname`,`m`.`member_avatar`,`m`.`member_identity`,`m`.`is_owner`,`m`.`member_age`,`m`.`member_sex`,`m`.`member_email`,`m`.`member_provinceid`,`m`.`member_cityid`,`m`.`member_areaid`,`m`.`member_jobid` FROM `x_member` `m` WHERE  (   m.member_id = "100031" ) LIMIT 1 [ RunTime:0.000634s ]
[ sql ] [ SQL ] SELECT COUNT(*) AS tp_count FROM `x_member` WHERE  (  is_owner = "100031" ) LIMIT 1 [ RunTime:0.001687s ]
[ sql ] [ SQL ] SHOW COLUMNS FROM `x_area` [ RunTime:0.002743s ]
[ sql ] [ SQL ] SELECT `area_name` FROM `x_area` WHERE  (  area_id = "0" ) LIMIT 1 [ RunTime:0.000471s ]
[ sql ] [ SQL ] SELECT `area_name` FROM `x_area` WHERE  (  area_id = "0" ) LIMIT 1 [ RunTime:0.000486s ]
[ sql ] [ SQL ] SELECT `area_name` FROM `x_area` WHERE  (  area_id = "0" ) LIMIT 1 [ RunTime:0.000505s ]
[ sql ] [ SQL ] SHOW COLUMNS FROM `x_industry` [ RunTime:0.000804s ]
[ sql ] [ SQL ] SELECT `name` FROM `x_industry` WHERE  (  id = "0" ) LIMIT 1 [ RunTime:0.000471s ]
---------------------------------------------------------------
[ 2019-07-06T23:55:03+08:00 ] 172.17.144.244 223.81.193.90 POST /index.php/Wap/lookchild/index
[ info ] www.tongsafe.com/index.php/Wap/lookchild/index [运行时间：0.031249s][吞吐率：32.00req/s] [内存消耗：3,211.57kb] [文件加载：64]
[ info ] [ LANG ] /home/www/chenganxjh/thinkphp/lang/zh-cn.php
[ info ] [ ROUTE ] array (
  'type' => 'module',
  'module' => 
  array (
    0 => 'Wap',
    1 => 'lookchild',
    2 => 'index',
  ),
)
[ info ] [ HEADER ] array (
  'user-agent' => 'okhttp/3.9.0',
  'accept-encoding' => 'gzip',
  'connection' => 'Keep-Alive',
  'host' => 'www.tongsafe.com',
  'content-length' => '76',
  'content-type' => 'application/json; charset=UTF-8',
)
[ info ] [ PARAM ] array (
  'key' => 'fa29736e190dcde43c97b0fcd7516754',
  'member_id' => '100031',
  'sid' => '8106',
)
[ info ] [ LANG ] /home/www/chenganxjh/public/../application/wap/lang/zh-cn.php
[ info ] [ CACHE ] INIT File
[ info ] [ RUN ] app\wap\controller\Lookchild->index[ /home/www/chenganxjh/application/wap/controller/Lookchild.php ]
[ info ] [ DB ] INIT mysql
[ info ] [ LOG ] INIT File
[ sql ] [ DB ] CONNECT:[ UseTime:0.000842s ] mysql:host=39.107.140.181;port=3306;dbname=xjh;charset=utf8mb4
[ sql ] [ SQL ] SHOW COLUMNS FROM `x_member` [ RunTime:0.001232s ]
[ sql ] [ SQL ] SELECT * FROM `x_member` WHERE  `member_id` = 100031 LIMIT 1 [ RunTime:0.000805s ]
[ sql ] [ SQL ] SHOW COLUMNS FROM `x_student` [ RunTime:0.000825s ]
[ sql ] [ SQL ] SELECT `s`.`s_id`,`s`.`s_name`,`s`.`s_region`,`sc`.`schoolid`,`sc`.`name`,`sc`.`res_group_id`,`cl`.`classid`,`cl`.`classname`,`cl`.`classCard`,cl.res_group_id as clres_group_id FROM `x_student` `s` LEFT JOIN `x_school` `sc` ON `sc`.`schoolid`=`s`.`s_schoolid` LEFT JOIN `x_class` `cl` ON `cl`.`classid`=`s`.`s_classid` WHERE  `s_ownerAccount` = '100031'  AND `s_del` = 1 [ RunTime:0.000720s ]
[ sql ] [ SQL ] SHOW COLUMNS FROM `x_packagetime` [ RunTime:0.000753s ]
[ sql ] [ SQL ] SELECT * FROM `x_packagetime` WHERE  `pkg_type` = 1  AND `s_id` = 8106 LIMIT 1 [ RunTime:0.000545s ]
[ sql ] [ SQL ] SELECT `s`.`s_id`,`s`.`s_name`,`s`.`s_region`,`sc`.`schoolid`,`sc`.`name`,`sc`.`res_group_id`,`cl`.`classid`,`cl`.`classname`,`cl`.`classCard`,cl.res_group_id as clres_group_id,`sc`.`provinceid`,`sc`.`cityid`,`sc`.`areaid` FROM `x_student` `s` LEFT JOIN `x_school` `sc` ON `sc`.`schoolid`=`s`.`s_schoolid` LEFT JOIN `x_class` `cl` ON `cl`.`classid`=`s`.`s_classid` WHERE  `s_id` = 8106 LIMIT 1 [ RunTime:0.000625s ]
[ sql ] [ SQL ] SHOW COLUMNS FROM `x_camera` [ RunTime:0.000876s ]
[ sql ] [ SQL ] SELECT `ability`,`channelid`,`companyid`,`deviceid`,`id`,`name`,`online`,`parentid`,`type`,`is_classroom`,`status`,`begintime`,`endtime` FROM `x_camera` WHERE  `parentid` = 3772 OR `parentid` = 3771 ORDER BY cid desc [ RunTime:0.000600s ]
